{"agent_send_timestamp":1660264030992,"collector_recv_timestamp":1660264031187,"raw_message":"{\"computer_name\":\"WIN-1SJ9UPIMFKH\",\"event_data\":{\"IpAddress\":\"2409:8038:2000:2070:0:0:0:1\",\"IpPort\":\"61517\",\"LogonGuid\":\"{00000000-0000-0000-0000-000000000000}\",\"ProcessId\":\"0x12c\",\"ProcessName\":\"C:\\\\Windows\\\\System32\\\\winlogon.exe\",\"SubjectDomainName\":\"WORKGROUP\",\"SubjectLogonId\":\"0x3e7\",\"SubjectUserName\":\"WIN-1SJ9UPIMFKH$\",\"SubjectUserSid\":\"S-1-5-18\",\"TargetDomainName\":\"WIN-1SJ9UPIMFKH\",\"TargetInfo\":\"localhost\",\"TargetLogonGuid\":\"{00000000-0000-0000-0000-000000000000}\",\"TargetServerName\":\"localhost\",\"TargetUserName\":\"Administrator\"},\"event_id\":4648,\"keywords\":[\"审核成功\"],\"level\":\"信息\",\"log_name\":\"Security\",\"message\":\"试图使用显式凭据登录。\\n\\n主题:\\n\\t安全 ID:\\t\\tS-1-5-18\\n\\t帐户名:\\t\\tWIN-1SJ9UPIMFKH$\\n\\t帐户域:\\t\\tWORKGROUP\\n\\t登录 ID:\\t\\t0x3e7\\n\\t登录 GUID:\\t\\t{00000000-0000-0000-0000-000000000000}\\n\\n使用了哪个帐户的凭据:\\n\\t帐户名:\\t\\tAntelopeazure\\n\\t帐户域:\\t\\tWIN-1SJ9UPIMFKH\\n\\t登录 GUID:\\t\\t{00000000-0000-0000-0000-000000000000}\\n\\n目标服务器:\\n\\t目标服务器名:\\tlocalhost\\n\\t附加信息:\\tlocalhost\\n\\n进程信息:\\n\\t进程 ID:\\t\\t0x12c\\n\\t进程名:\\t\\tC:\\\\Windows\\\\System32\\\\winlogon.exe\\n\\n网络信息:\\n\\t网络地址:\\t192.168.200.254\\n\\t端口:\\t\\t\\t61517\\n\\n在进程尝试通过显式指定帐户的凭据来登录>该帐户时生成此事件。这通常发生在批量类型的配置中(例如计划任务) 或者使用 RUNAS 命令时。\",\"opcode\":\"信息\",\"process\":{\"pid\":480,\"thread\":{\"id\":532}},\"provider_guid\":\"{54849625-5478-4994-A5BA-3E3B0328C30D}\",\"record_number\":\"4935\",\"source_name\":\"Microsoft-Windows-Security-Auditing\",\"timestamp\":\"2022-08-12T08:27:08+08:00\",\"type\":\"wineventlog\"}","ip":"192.168.1.19","index":"ops-yotta-20220812","source":"/data/all/0_seclog/windows_login.log","logical_index":"yotta","logtype":"json","hostname":"192-168-1-19","appname":"windows","domain":"ops","json":{"level__s__":"信息","process":{"thread":{"id__l__":532},"pid__l__":480},"event_id__l__":4648,"provider_guid__s__":"{54849625-5478-4994-A5BA-3E3B0328C30D}","record_number__s__":"4935","event_data":{"SubjectDomainName__s__":"WORKGROUP","TargetServerName__s__":"localhost","TargetUserName__s__":"Administrator","SubjectUserName__s__":"WIN-1SJ9UPIMFKH$","SubjectUserSid__s__":"S-1-5-18","TargetLogonGuid__s__":"{00000000-0000-0000-0000-000000000000}","IpAddress__s__":"2409:8038:2000:2070:0:0:0:1","IpPort__s__":"61517","ProcessId__s__":"0x12c","TargetInfo__s__":"localhost","ProcessName__s__":"C:\\Windows\\System32\\winlogon.exe","SubjectLogonId__s__":"0x3e7","TargetDomainName__s__":"WIN-1SJ9UPIMFKH","LogonGuid__s__":"{00000000-0000-0000-0000-000000000000}"},"message":{"msg":{"网络地址__s__":"192.168.200.254","目标服务器名__s__":"localhost","进程_ID__s__":"0x12c","帐户域__s__":"WIN-1SJ9UPIMFKH","登录_ID__s__":"0x3e7","安全_ID__s__":"S-1-5-18"},"event__s__":"试图使用显式凭据登录"},"opcode__s__":"信息","type__s__":"wineventlog","source_name__s__":"Microsoft-Windows-Security-Auditing","keywords__s__":["审核成功"],"log_name__s__":"Security","computer_name__s__":"WIN-1SJ9UPIMFKH","user_name__s__":"Antelopeazure"},"context_id":1660264030992218336,"tag":["security"],"id":"AYKPcqMQ57pqO5IFurDX","raw_message_length":1409,"timestamp":1660264030992}
{"agent_send_timestamp":1660264030994,"collector_recv_timestamp":1660264031190,"raw_message":"{\"computer_name\":\"WIN-1SJ9UPIMFKH\",\"event_data\":{\"IpAddress\":\"240e:13:1800:100:0:0:0:122\",\"IpPort\":\"61517\",\"LogonGuid\":\"{00000000-0000-0000-0000-000000000000}\",\"ProcessId\":\"0x12c\",\"ProcessName\":\"C:\\\\Windows\\\\System32\\\\winlogon.exe\",\"SubjectDomainName\":\"WORKGROUP\",\"SubjectLogonId\":\"0x3e7\",\"SubjectUserName\":\"WIN-1SJ9UPIMFKH$\",\"SubjectUserSid\":\"S-1-5-18\",\"TargetDomainName\":\"WIN-1SJ9UPIMFKH\",\"TargetInfo\":\"localhost\",\"TargetLogonGuid\":\"{00000000-0000-0000-0000-000000000000}\",\"TargetServerName\":\"localhost\",\"TargetUserName\":\"Administrator\"},\"event_id\":4648,\"keywords\":[\"审核成功\"],\"level\":\"信息\",\"log_name\":\"Security\",\"message\":\"试图使用显式凭据登录。\\n\\n主题:\\n\\t安全 ID:\\t\\tS-1-5-18\\n\\t帐户名:\\t\\tWIN-1SJ9UPIMFKH$\\n\\t帐户域:\\t\\tWORKGROUP\\n\\t登录 ID:\\t\\t0x3e7\\n\\t登录 GUID:\\t\\t{00000000-0000-0000-0000-000000000000}\\n\\n使用了哪个帐户的凭据:\\n\\t帐户名:\\t\\tScourgehorse\\n\\t帐户域:\\t\\tWIN-1SJ9UPIMFKH\\n\\t登录 GUID:\\t\\t{00000000-0000-0000-0000-000000000000}\\n\\n目标服务器:\\n\\t目标服务器名:\\tlocalhost\\n\\t附加信息:\\tlocalhost\\n\\n进程信息:\\n\\t进程 ID:\\t\\t0x12c\\n\\t进程名:\\t\\tC:\\\\Windows\\\\System32\\\\winlogon.exe\\n\\n网络信息:\\n\\t网络地址:\\t192.168.200.254\\n\\t端口:\\t\\t\\t61517\\n\\n在进程尝试通过显式指定帐户的凭据来登录>该帐户时生成此事件。这通常发生在批量类型的配置中(例如计划任务) 或者使用 RUNAS 命令时。\",\"opcode\":\"信息\",\"process\":{\"pid\":480,\"thread\":{\"id\":532}},\"provider_guid\":\"{54849625-5478-4994-A5BA-3E3B0328C30D}\",\"record_number\":\"4935\",\"source_name\":\"Microsoft-Windows-Security-Auditing\",\"timestamp\":\"2022-08-12T08:27:10+08:00\",\"type\":\"wineventlog\"}","ip":"192.168.1.19","index":"ops-yotta-20220812","source":"/data/all/0_seclog/windows_login.log","logical_index":"yotta","logtype":"json","hostname":"192-168-1-19","appname":"windows","domain":"ops","json":{"level__s__":"信息","process":{"thread":{"id__l__":532},"pid__l__":480},"event_id__l__":4648,"provider_guid__s__":"{54849625-5478-4994-A5BA-3E3B0328C30D}","record_number__s__":"4935","event_data":{"SubjectDomainName__s__":"WORKGROUP","TargetServerName__s__":"localhost","TargetUserName__s__":"Administrator","SubjectUserName__s__":"WIN-1SJ9UPIMFKH$","SubjectUserSid__s__":"S-1-5-18","TargetLogonGuid__s__":"{00000000-0000-0000-0000-000000000000}","IpAddress__s__":"240e:13:1800:100:0:0:0:122","IpPort__s__":"61517","ProcessId__s__":"0x12c","TargetInfo__s__":"localhost","ProcessName__s__":"C:\\Windows\\System32\\winlogon.exe","SubjectLogonId__s__":"0x3e7","TargetDomainName__s__":"WIN-1SJ9UPIMFKH","LogonGuid__s__":"{00000000-0000-0000-0000-000000000000}"},"message":{"msg":{"网络地址__s__":"192.168.200.254","目标服务器名__s__":"localhost","进程_ID__s__":"0x12c","帐户域__s__":"WIN-1SJ9UPIMFKH","登录_ID__s__":"0x3e7","安全_ID__s__":"S-1-5-18"},"event__s__":"试图使用显式凭据登录"},"opcode__s__":"信息","type__s__":"wineventlog","source_name__s__":"Microsoft-Windows-Security-Auditing","keywords__s__":["审核成功"],"log_name__s__":"Security","computer_name__s__":"WIN-1SJ9UPIMFKH","user_name__s__":"Scourgehorse"},"context_id":1660264030994228063,"tag":["security"],"id":"AYKPcqMS57pqO5IFurEH","raw_message_length":1407,"timestamp":1660264030994}
{"agent_send_timestamp":1660264030984,"collector_recv_timestamp":1660264031163,"raw_message":"{\"computer_name\":\"WIN-1SJ9UPIMFKH\",\"event_data\":{\"AuditPolicyChanges\":\"%%8451\",\"CategoryId\":\"%%8273\",\"SubcategoryGuid\":\"{0CCE9217-69AE-11D9-BED3-505054503030}\",\"SubcategoryId\":\"%%12546\",\"SubjectDomainName\":\"WORKGROUP\",\"SubjectLogonId\":\"0x3e7\",\"SubjectUserName\":\"WIN-1SJ9UPIMFKH$\",\"SubjectUserSid\":\"S-1-5-18\"},\"event_id\":4719,\"keywords\":[\"审核成功\"],\"level\":\"信息\",\"log_name\":\"Security\",\"message\":\"已>更改系统审核策略。\\n\\n主题:\\n\\t安全 ID:\\t\\tS-1-5-18\\n\\t帐户名:\\t\\tWIN-1SJ9UPIMFKH$\\n\\t帐户域:\\t\\tWORKGROUP\\n\\t登录 ID:\\t\\t0x3e7\\n\\n审核策略更改:\\n\\t类别:\\t\\t登>录/注销\\n\\t子类别:\\t\\t帐户锁定\\n\\t子类别 GUID:\\t{0CCE9217-69AE-11D9-BED3-505054503030}\\n\\t更改:\\t\\t添加失败\",\"opcode\":\"信息\",\"process\":{\"pid\":480,\"thread\":{\"id\":552}},\"provider_guid\":\"{54849625-5478-4994-A5BA-3E3B0328C30D}\",\"record_number\":\"4449\",\"source_name\":\"Microsoft-Windows-Security-Auditing\",\"timestamp\":\"2022-08-12T08:27:01+08:00\",\"type\":\"wineventlog\"}","ip":"192.168.1.19","index":"ops-yotta-20220812","source":"/data/all/0_seclog/windows_login.log","logical_index":"yotta","logtype":"json","hostname":"192-168-1-19","appname":"windows","domain":"ops","json":{"level__s__":"信息","process":{"thread":{"id__l__":552},"pid__l__":480},"event_id__l__":4719,"provider_guid__s__":"{54849625-5478-4994-A5BA-3E3B0328C30D}","record_number__s__":"4449","event_data":{"SubjectDomainName__s__":"WORKGROUP","SubcategoryGuid__s__":"{0CCE9217-69AE-11D9-BED3-505054503030}","AuditPolicyChanges__s__":"%%8451","CategoryId__s__":"%%8273","SubjectUserName__s__":"WIN-1SJ9UPIMFKH$","SubjectLogonId__s__":"0x3e7","SubcategoryId__s__":"%%12546","SubjectUserSid__s__":"S-1-5-18"},"message":{"msg":{"更改__s__":"添加失败","子类别_GUID__s__":"{0CCE9217-69AE-11D9-BED3-505054503030}","帐户域__s__":"WORKGROUP","子类别__s__":"帐户锁定","安全_ID__s__":"S-1-5-18","类别__s__":"登>录/注销"},"event__s__":"已>更改系统审核策略"},"opcode__s__":"信息","type__s__":"wineventlog","source_name__s__":"Microsoft-Windows-Security-Auditing","keywords__s__":["审核成功"],"event_name__s__":"更改审核策略事件","log_name__s__":"Security","computer_name__s__":"WIN-1SJ9UPIMFKH","user_name__s__":"WIN-1SJ9UPIMFKH$"},"context_id":1660264030984516101,"tag":["security"],"id":"AYKPcqMI57pqO5IFurAH","raw_message_length":862,"timestamp":1660264030984}
{"agent_send_timestamp":1660264030987,"collector_recv_timestamp":1660264031171,"raw_message":"{\"computer_name\":\"WIN-1SJ9UPIMFKH\",\"event_data\":{\"AuditPolicyChanges\":\"%%8451\",\"CategoryId\":\"%%8273\",\"SubcategoryGuid\":\"{0CCE9217-69AE-11D9-BED3-505054503030}\",\"SubcategoryId\":\"%%12546\",\"SubjectDomainName\":\"WORKGROUP\",\"SubjectLogonId\":\"0x3e7\",\"SubjectUserName\":\"WIN-1SJ9UPIMFKH$\",\"SubjectUserSid\":\"S-1-5-18\"},\"event_id\":4719,\"keywords\":[\"审核成功\"],\"level\":\"信息\",\"log_name\":\"Security\",\"message\":\"已>更改系统审核策略。\\n\\n主题:\\n\\t安全 ID:\\t\\tS-1-5-18\\n\\t帐户名:\\t\\tWIN-1SJ9UPIMFKH$\\n\\t帐户域:\\t\\tWORKGROUP\\n\\t登录 ID:\\t\\t0x3e7\\n\\n审核策略更改:\\n\\t类别:\\t\\t登>录/注销\\n\\t子类别:\\t\\t帐户锁定\\n\\t子类别 GUID:\\t{0CCE9217-69AE-11D9-BED3-505054503030}\\n\\t更改:\\t\\t添加失败\",\"opcode\":\"信息\",\"process\":{\"pid\":480,\"thread\":{\"id\":552}},\"provider_guid\":\"{54849625-5478-4994-A5BA-3E3B0328C30D}\",\"record_number\":\"4449\",\"source_name\":\"Microsoft-Windows-Security-Auditing\",\"timestamp\":\"2022-08-12T08:27:03+08:00\",\"type\":\"wineventlog\"}","ip":"192.168.1.19","index":"ops-yotta-20220812","source":"/data/all/0_seclog/windows_login.log","logical_index":"yotta","logtype":"json","hostname":"192-168-1-19","appname":"windows","domain":"ops","json":{"level__s__":"信息","process":{"thread":{"id__l__":552},"pid__l__":480},"event_id__l__":4719,"provider_guid__s__":"{54849625-5478-4994-A5BA-3E3B0328C30D}","record_number__s__":"4449","event_data":{"SubjectDomainName__s__":"WORKGROUP","SubcategoryGuid__s__":"{0CCE9217-69AE-11D9-BED3-505054503030}","AuditPolicyChanges__s__":"%%8451","CategoryId__s__":"%%8273","SubjectUserName__s__":"WIN-1SJ9UPIMFKH$","SubjectLogonId__s__":"0x3e7","SubcategoryId__s__":"%%12546","SubjectUserSid__s__":"S-1-5-18"},"message":{"msg":{"更改__s__":"添加失败","子类别_GUID__s__":"{0CCE9217-69AE-11D9-BED3-505054503030}","帐户域__s__":"WORKGROUP","子类别__s__":"帐户锁定","安全_ID__s__":"S-1-5-18","类别__s__":"登>录/注销"},"event__s__":"已>更改系统审核策略"},"opcode__s__":"信息","type__s__":"wineventlog","source_name__s__":"Microsoft-Windows-Security-Auditing","keywords__s__":["审核成功"],"event_name__s__":"更改审核策略事件","log_name__s__":"Security","computer_name__s__":"WIN-1SJ9UPIMFKH","user_name__s__":"WIN-1SJ9UPIMFKH$"},"context_id":1660264030987033484,"tag":["security"],"id":"AYKPcqML57pqO5IFurA3","raw_message_length":862,"timestamp":1660264030987}
{"agent_send_timestamp":1660264030985,"collector_recv_timestamp":1660264031168,"raw_message":"{\"computer_name\":\"WIN-1SJ9UPIMFKH\",\"event_data\":{\"AuditPolicyChanges\":\"%%8451\",\"CategoryId\":\"%%8273\",\"SubcategoryGuid\":\"{0CCE9217-69AE-11D9-BED3-505054503030}\",\"SubcategoryId\":\"%%12546\",\"SubjectDomainName\":\"WORKGROUP\",\"SubjectLogonId\":\"0x3e7\",\"SubjectUserName\":\"WIN-1SJ9UPIMFKH$\",\"SubjectUserSid\":\"S-1-5-18\"},\"event_id\":4719,\"keywords\":[\"审核成功\"],\"level\":\"信息\",\"log_name\":\"Security\",\"message\":\"已>更改系统审核策略。\\n\\n主题:\\n\\t安全 ID:\\t\\tS-1-5-18\\n\\t帐户名:\\t\\tWIN-1SJ9UPIMFKH$\\n\\t帐户域:\\t\\tWORKGROUP\\n\\t登录 ID:\\t\\t0x3e7\\n\\n审核策略更改:\\n\\t类别:\\t\\t登>录/注销\\n\\t子类别:\\t\\t帐户锁定\\n\\t子类别 GUID:\\t{0CCE9217-69AE-11D9-BED3-505054503030}\\n\\t更改:\\t\\t添加失败\",\"opcode\":\"信息\",\"process\":{\"pid\":480,\"thread\":{\"id\":552}},\"provider_guid\":\"{54849625-5478-4994-A5BA-3E3B0328C30D}\",\"record_number\":\"4449\",\"source_name\":\"Microsoft-Windows-Security-Auditing\",\"timestamp\":\"2022-08-12T08:27:02+08:00\",\"type\":\"wineventlog\"}","ip":"192.168.1.19","index":"ops-yotta-20220812","source":"/data/all/0_seclog/windows_login.log","logical_index":"yotta","logtype":"json","hostname":"192-168-1-19","appname":"windows","domain":"ops","json":{"level__s__":"信息","process":{"thread":{"id__l__":552},"pid__l__":480},"event_id__l__":4719,"provider_guid__s__":"{54849625-5478-4994-A5BA-3E3B0328C30D}","record_number__s__":"4449","event_data":{"SubjectDomainName__s__":"WORKGROUP","SubcategoryGuid__s__":"{0CCE9217-69AE-11D9-BED3-505054503030}","AuditPolicyChanges__s__":"%%8451","CategoryId__s__":"%%8273","SubjectUserName__s__":"WIN-1SJ9UPIMFKH$","SubjectLogonId__s__":"0x3e7","SubcategoryId__s__":"%%12546","SubjectUserSid__s__":"S-1-5-18"},"message":{"msg":{"更改__s__":"添加失败","子类别_GUID__s__":"{0CCE9217-69AE-11D9-BED3-505054503030}","帐户域__s__":"WORKGROUP","子类别__s__":"帐户锁定","安全_ID__s__":"S-1-5-18","类别__s__":"登>录/注销"},"event__s__":"已>更改系统审核策略"},"opcode__s__":"信息","type__s__":"wineventlog","source_name__s__":"Microsoft-Windows-Security-Auditing","keywords__s__":["审核成功"],"event_name__s__":"更改审核策略事件","log_name__s__":"Security","computer_name__s__":"WIN-1SJ9UPIMFKH","user_name__s__":"WIN-1SJ9UPIMFKH$"},"context_id":1660264030985048654,"tag":["security"],"id":"AYKPcqMJ57pqO5IFurAo","raw_message_length":862,"timestamp":1660264030985}
{"agent_send_timestamp":1660264030987,"collector_recv_timestamp":1660264031175,"raw_message":"{\"computer_name\":\"WIN-1SJ9UPIMFKH\",\"event_data\":{\"IpAddress\":\"2409:8038:2000:1100:0:0:0:1\",\"IpPort\":\"61517\",\"LogonGuid\":\"{00000000-0000-0000-0000-000000000000}\",\"ProcessId\":\"0x12c\",\"ProcessName\":\"C:\\\\Windows\\\\System32\\\\winlogon.exe\",\"SubjectDomainName\":\"WORKGROUP\",\"SubjectLogonId\":\"0x3e7\",\"SubjectUserName\":\"WIN-1SJ9UPIMFKH$\",\"SubjectUserSid\":\"S-1-5-18\",\"TargetDomainName\":\"WIN-1SJ9UPIMFKH\",\"TargetInfo\":\"localhost\",\"TargetLogonGuid\":\"{00000000-0000-0000-0000-000000000000}\",\"TargetServerName\":\"localhost\",\"TargetUserName\":\"Administrator\"},\"event_id\":4648,\"keywords\":[\"审核成功\"],\"level\":\"信息\",\"log_name\":\"Security\",\"message\":\"试图使用显式凭据登录。\\n\\n主题:\\n\\t安全 ID:\\t\\tS-1-5-18\\n\\t帐户名:\\t\\tWIN-1SJ9UPIMFKH$\\n\\t帐户域:\\t\\tWORKGROUP\\n\\t登录 ID:\\t\\t0x3e7\\n\\t登录 GUID:\\t\\t{00000000-0000-0000-0000-000000000000}\\n\\n使用了哪个帐户的凭据:\\n\\t帐户名:\\t\\tScourgehorse\\n\\t帐户域:\\t\\tWIN-1SJ9UPIMFKH\\n\\t登录 GUID:\\t\\t{00000000-0000-0000-0000-000000000000}\\n\\n目标服务器:\\n\\t目标服务器名:\\tlocalhost\\n\\t附加信息:\\tlocalhost\\n\\n进程信息:\\n\\t进程 ID:\\t\\t0x12c\\n\\t进程名:\\t\\tC:\\\\Windows\\\\System32\\\\winlogon.exe\\n\\n网络信息:\\n\\t网络地址:\\t192.168.200.254\\n\\t端口:\\t\\t\\t61517\\n\\n在进程尝试通过显式指定帐户的凭据来登录>该帐户时生成此事件。这通常发生在批量类型的配置中(例如计划任务) 或者使用 RUNAS 命令时。\",\"opcode\":\"信息\",\"process\":{\"pid\":480,\"thread\":{\"id\":532}},\"provider_guid\":\"{54849625-5478-4994-A5BA-3E3B0328C30D}\",\"record_number\":\"4935\",\"source_name\":\"Microsoft-Windows-Security-Auditing\",\"timestamp\":\"2022-08-12T08:27:04+08:00\",\"type\":\"wineventlog\"}","ip":"192.168.1.19","index":"ops-yotta-20220812","source":"/data/all/0_seclog/windows_login.log","logical_index":"yotta","logtype":"json","hostname":"192-168-1-19","appname":"windows","domain":"ops","json":{"level__s__":"信息","process":{"thread":{"id__l__":532},"pid__l__":480},"event_id__l__":4648,"provider_guid__s__":"{54849625-5478-4994-A5BA-3E3B0328C30D}","record_number__s__":"4935","event_data":{"SubjectDomainName__s__":"WORKGROUP","TargetServerName__s__":"localhost","TargetUserName__s__":"Administrator","SubjectUserName__s__":"WIN-1SJ9UPIMFKH$","SubjectUserSid__s__":"S-1-5-18","TargetLogonGuid__s__":"{00000000-0000-0000-0000-000000000000}","IpAddress__s__":"2409:8038:2000:1100:0:0:0:1","IpPort__s__":"61517","ProcessId__s__":"0x12c","TargetInfo__s__":"localhost","ProcessName__s__":"C:\\Windows\\System32\\winlogon.exe","SubjectLogonId__s__":"0x3e7","TargetDomainName__s__":"WIN-1SJ9UPIMFKH","LogonGuid__s__":"{00000000-0000-0000-0000-000000000000}"},"message":{"msg":{"网络地址__s__":"192.168.200.254","目标服务器名__s__":"localhost","进程_ID__s__":"0x12c","帐户域__s__":"WIN-1SJ9UPIMFKH","登录_ID__s__":"0x3e7","安全_ID__s__":"S-1-5-18"},"event__s__":"试图使用显式凭据登录"},"opcode__s__":"信息","type__s__":"wineventlog","source_name__s__":"Microsoft-Windows-Security-Auditing","keywords__s__":["审核成功"],"log_name__s__":"Security","computer_name__s__":"WIN-1SJ9UPIMFKH","user_name__s__":"Scourgehorse"},"context_id":1660264030987461986,"tag":["security"],"id":"AYKPcqML57pqO5IFurBT","raw_message_length":1408,"timestamp":1660264030987}
{"agent_send_timestamp":1660264030989,"collector_recv_timestamp":1660264031182,"raw_message":"{\"computer_name\":\"WIN-1SJ9UPIMFKH\",\"event_data\":{\"IpAddress\":\"2409:8038:2000:1106:0:0:0:1\",\"IpPort\":\"61517\",\"LogonGuid\":\"{00000000-0000-0000-0000-000000000000}\",\"ProcessId\":\"0x12c\",\"ProcessName\":\"C:\\\\Windows\\\\System32\\\\winlogon.exe\",\"SubjectDomainName\":\"WORKGROUP\",\"SubjectLogonId\":\"0x3e7\",\"SubjectUserName\":\"WIN-1SJ9UPIMFKH$\",\"SubjectUserSid\":\"S-1-5-18\",\"TargetDomainName\":\"WIN-1SJ9UPIMFKH\",\"TargetInfo\":\"localhost\",\"TargetLogonGuid\":\"{00000000-0000-0000-0000-000000000000}\",\"TargetServerName\":\"localhost\",\"TargetUserName\":\"Administrator\"},\"event_id\":4648,\"keywords\":[\"审核成功\"],\"level\":\"信息\",\"log_name\":\"Security\",\"message\":\"试图使用显式凭据登录。\\n\\n主题:\\n\\t安全 ID:\\t\\tS-1-5-18\\n\\t帐户名:\\t\\tWIN-1SJ9UPIMFKH$\\n\\t帐户域:\\t\\tWORKGROUP\\n\\t登录 ID:\\t\\t0x3e7\\n\\t登录 GUID:\\t\\t{00000000-0000-0000-0000-000000000000}\\n\\n使用了哪个帐户的凭据:\\n\\t帐户名:\\t\\tDragonobsidian\\n\\t帐户域:\\t\\tWIN-1SJ9UPIMFKH\\n\\t登录 GUID:\\t\\t{00000000-0000-0000-0000-000000000000}\\n\\n目标服务器:\\n\\t目标服务器名:\\tlocalhost\\n\\t附加信息:\\tlocalhost\\n\\n进程信息:\\n\\t进程 ID:\\t\\t0x12c\\n\\t进程名:\\t\\tC:\\\\Windows\\\\System32\\\\winlogon.exe\\n\\n网络信息:\\n\\t网络地址:\\t192.168.200.254\\n\\t端口:\\t\\t\\t61517\\n\\n在进程尝试通过显式指定帐户的凭据来登录>该帐户时生成此事件。这通常发生在批量类型的配置中(例如计划任务) 或者使用 RUNAS 命令时。\",\"opcode\":\"信息\",\"process\":{\"pid\":480,\"thread\":{\"id\":532}},\"provider_guid\":\"{54849625-5478-4994-A5BA-3E3B0328C30D}\",\"record_number\":\"4935\",\"source_name\":\"Microsoft-Windows-Security-Auditing\",\"timestamp\":\"2022-08-12T08:27:06+08:00\",\"type\":\"wineventlog\"}","ip":"192.168.1.19","index":"ops-yotta-20220812","source":"/data/all/0_seclog/windows_login.log","logical_index":"yotta","logtype":"json","hostname":"192-168-1-19","appname":"windows","domain":"ops","json":{"level__s__":"信息","process":{"thread":{"id__l__":532},"pid__l__":480},"event_id__l__":4648,"provider_guid__s__":"{54849625-5478-4994-A5BA-3E3B0328C30D}","record_number__s__":"4935","event_data":{"SubjectDomainName__s__":"WORKGROUP","TargetServerName__s__":"localhost","TargetUserName__s__":"Administrator","SubjectUserName__s__":"WIN-1SJ9UPIMFKH$","SubjectUserSid__s__":"S-1-5-18","TargetLogonGuid__s__":"{00000000-0000-0000-0000-000000000000}","IpAddress__s__":"2409:8038:2000:1106:0:0:0:1","IpPort__s__":"61517","ProcessId__s__":"0x12c","TargetInfo__s__":"localhost","ProcessName__s__":"C:\\Windows\\System32\\winlogon.exe","SubjectLogonId__s__":"0x3e7","TargetDomainName__s__":"WIN-1SJ9UPIMFKH","LogonGuid__s__":"{00000000-0000-0000-0000-000000000000}"},"message":{"msg":{"网络地址__s__":"192.168.200.254","目标服务器名__s__":"localhost","进程_ID__s__":"0x12c","帐户域__s__":"WIN-1SJ9UPIMFKH","登录_ID__s__":"0x3e7","安全_ID__s__":"S-1-5-18"},"event__s__":"试图使用显式凭据登录"},"opcode__s__":"信息","type__s__":"wineventlog","source_name__s__":"Microsoft-Windows-Security-Auditing","keywords__s__":["审核成功"],"log_name__s__":"Security","computer_name__s__":"WIN-1SJ9UPIMFKH","user_name__s__":"Dragonobsidian"},"context_id":1660264030989901276,"tag":["security"],"id":"AYKPcqMN57pqO5IFurCP","raw_message_length":1410,"timestamp":1660264030989}
{"agent_send_timestamp":1660264030991,"collector_recv_timestamp":1660264031185,"raw_message":"{\"computer_name\":\"WIN-1SJ9UPIMFKH\",\"event_data\":{\"AuditPolicyChanges\":\"%%8451\",\"CategoryId\":\"%%8273\",\"SubcategoryGuid\":\"{0CCE9217-69AE-11D9-BED3-505054503030}\",\"SubcategoryId\":\"%%12546\",\"SubjectDomainName\":\"WORKGROUP\",\"SubjectLogonId\":\"0x3e7\",\"SubjectUserName\":\"WIN-1SJ9UPIMFKH$\",\"SubjectUserSid\":\"S-1-5-18\"},\"event_id\":4719,\"keywords\":[\"审核成功\"],\"level\":\"信息\",\"log_name\":\"Security\",\"message\":\"已>更改系统审核策略。\\n\\n主题:\\n\\t安全 ID:\\t\\tS-1-5-18\\n\\t帐户名:\\t\\tWIN-1SJ9UPIMFKH$\\n\\t帐户域:\\t\\tWORKGROUP\\n\\t登录 ID:\\t\\t0x3e7\\n\\n审核策略更改:\\n\\t类别:\\t\\t登>录/注销\\n\\t子类别:\\t\\t帐户锁定\\n\\t子类别 GUID:\\t{0CCE9217-69AE-11D9-BED3-505054503030}\\n\\t更改:\\t\\t添加失败\",\"opcode\":\"信息\",\"process\":{\"pid\":480,\"thread\":{\"id\":552}},\"provider_guid\":\"{54849625-5478-4994-A5BA-3E3B0328C30D}\",\"record_number\":\"4449\",\"source_name\":\"Microsoft-Windows-Security-Auditing\",\"timestamp\":\"2022-08-12T08:27:08+08:00\",\"type\":\"wineventlog\"}","ip":"192.168.1.19","index":"ops-yotta-20220812","source":"/data/all/0_seclog/windows_login.log","logical_index":"yotta","logtype":"json","hostname":"192-168-1-19","appname":"windows","domain":"ops","json":{"level__s__":"信息","process":{"thread":{"id__l__":552},"pid__l__":480},"event_id__l__":4719,"provider_guid__s__":"{54849625-5478-4994-A5BA-3E3B0328C30D}","record_number__s__":"4449","event_data":{"SubjectDomainName__s__":"WORKGROUP","SubcategoryGuid__s__":"{0CCE9217-69AE-11D9-BED3-505054503030}","AuditPolicyChanges__s__":"%%8451","CategoryId__s__":"%%8273","SubjectUserName__s__":"WIN-1SJ9UPIMFKH$","SubjectLogonId__s__":"0x3e7","SubcategoryId__s__":"%%12546","SubjectUserSid__s__":"S-1-5-18"},"message":{"msg":{"更改__s__":"添加失败","子类别_GUID__s__":"{0CCE9217-69AE-11D9-BED3-505054503030}","帐户域__s__":"WORKGROUP","子类别__s__":"帐户锁定","安全_ID__s__":"S-1-5-18","类别__s__":"登>录/注销"},"event__s__":"已>更改系统审核策略"},"opcode__s__":"信息","type__s__":"wineventlog","source_name__s__":"Microsoft-Windows-Security-Auditing","keywords__s__":["审核成功"],"event_name__s__":"更改审核策略事件","log_name__s__":"Security","computer_name__s__":"WIN-1SJ9UPIMFKH","user_name__s__":"WIN-1SJ9UPIMFKH$"},"context_id":1660264030991917072,"tag":["security"],"id":"AYKPcqMP57pqO5IFurDB","raw_message_length":862,"timestamp":1660264030991}
{"agent_send_timestamp":1660264030989,"collector_recv_timestamp":1660264031182,"raw_message":"{\"computer_name\":\"WIN-1SJ9UPIMFKH\",\"event_data\":{\"AuditPolicyChanges\":\"%%8451\",\"CategoryId\":\"%%8273\",\"SubcategoryGuid\":\"{0CCE9217-69AE-11D9-BED3-505054503030}\",\"SubcategoryId\":\"%%12546\",\"SubjectDomainName\":\"WORKGROUP\",\"SubjectLogonId\":\"0x3e7\",\"SubjectUserName\":\"WIN-1SJ9UPIMFKH$\",\"SubjectUserSid\":\"S-1-5-18\"},\"event_id\":4719,\"keywords\":[\"审核成功\"],\"level\":\"信息\",\"log_name\":\"Security\",\"message\":\"已>更改系统审核策略。\\n\\n主题:\\n\\t安全 ID:\\t\\tS-1-5-18\\n\\t帐户名:\\t\\tWIN-1SJ9UPIMFKH$\\n\\t帐户域:\\t\\tWORKGROUP\\n\\t登录 ID:\\t\\t0x3e7\\n\\n审核策略更改:\\n\\t类别:\\t\\t登>录/注销\\n\\t子类别:\\t\\t帐户锁定\\n\\t子类别 GUID:\\t{0CCE9217-69AE-11D9-BED3-505054503030}\\n\\t更改:\\t\\t添加失败\",\"opcode\":\"信息\",\"process\":{\"pid\":480,\"thread\":{\"id\":552}},\"provider_guid\":\"{54849625-5478-4994-A5BA-3E3B0328C30D}\",\"record_number\":\"4449\",\"source_name\":\"Microsoft-Windows-Security-Auditing\",\"timestamp\":\"2022-08-12T08:27:06+08:00\",\"type\":\"wineventlog\"}","ip":"192.168.1.19","index":"ops-yotta-20220812","source":"/data/all/0_seclog/windows_login.log","logical_index":"yotta","logtype":"json","hostname":"192-168-1-19","appname":"windows","domain":"ops","json":{"level__s__":"信息","process":{"thread":{"id__l__":552},"pid__l__":480},"event_id__l__":4719,"provider_guid__s__":"{54849625-5478-4994-A5BA-3E3B0328C30D}","record_number__s__":"4449","event_data":{"SubjectDomainName__s__":"WORKGROUP","SubcategoryGuid__s__":"{0CCE9217-69AE-11D9-BED3-505054503030}","AuditPolicyChanges__s__":"%%8451","CategoryId__s__":"%%8273","SubjectUserName__s__":"WIN-1SJ9UPIMFKH$","SubjectLogonId__s__":"0x3e7","SubcategoryId__s__":"%%12546","SubjectUserSid__s__":"S-1-5-18"},"message":{"msg":{"更改__s__":"添加失败","子类别_GUID__s__":"{0CCE9217-69AE-11D9-BED3-505054503030}","帐户域__s__":"WORKGROUP","子类别__s__":"帐户锁定","安全_ID__s__":"S-1-5-18","类别__s__":"登>录/注销"},"event__s__":"已>更改系统审核策略"},"opcode__s__":"信息","type__s__":"wineventlog","source_name__s__":"Microsoft-Windows-Security-Auditing","keywords__s__":["审核成功"],"event_name__s__":"更改审核策略事件","log_name__s__":"Security","computer_name__s__":"WIN-1SJ9UPIMFKH","user_name__s__":"WIN-1SJ9UPIMFKH$"},"context_id":1660264030989889689,"tag":["security"],"id":"AYKPcqMN57pqO5IFurCO","raw_message_length":862,"timestamp":1660264030989}
{"agent_send_timestamp":1660264030991,"collector_recv_timestamp":1660264031184,"raw_message":"{\"computer_name\":\"WIN-1SJ9UPIMFKH\",\"event_data\":{\"AuditPolicyChanges\":\"%%8451\",\"CategoryId\":\"%%8273\",\"SubcategoryGuid\":\"{0CCE9217-69AE-11D9-BED3-505054503030}\",\"SubcategoryId\":\"%%12546\",\"SubjectDomainName\":\"WORKGROUP\",\"SubjectLogonId\":\"0x3e7\",\"SubjectUserName\":\"WIN-1SJ9UPIMFKH$\",\"SubjectUserSid\":\"S-1-5-18\"},\"event_id\":4719,\"keywords\":[\"审核成功\"],\"level\":\"信息\",\"log_name\":\"Security\",\"message\":\"已>更改系统审核策略。\\n\\n主题:\\n\\t安全 ID:\\t\\tS-1-5-18\\n\\t帐户名:\\t\\tWIN-1SJ9UPIMFKH$\\n\\t帐户域:\\t\\tWORKGROUP\\n\\t登录 ID:\\t\\t0x3e7\\n\\n审核策略更改:\\n\\t类别:\\t\\t登>录/注销\\n\\t子类别:\\t\\t帐户锁定\\n\\t子类别 GUID:\\t{0CCE9217-69AE-11D9-BED3-505054503030}\\n\\t更改:\\t\\t添加失败\",\"opcode\":\"信息\",\"process\":{\"pid\":480,\"thread\":{\"id\":552}},\"provider_guid\":\"{54849625-5478-4994-A5BA-3E3B0328C30D}\",\"record_number\":\"4449\",\"source_name\":\"Microsoft-Windows-Security-Auditing\",\"timestamp\":\"2022-08-12T08:27:07+08:00\",\"type\":\"wineventlog\"}","ip":"192.168.1.19","index":"ops-yotta-20220812","source":"/data/all/0_seclog/windows_login.log","logical_index":"yotta","logtype":"json","hostname":"192-168-1-19","appname":"windows","domain":"ops","json":{"level__s__":"信息","process":{"thread":{"id__l__":552},"pid__l__":480},"event_id__l__":4719,"provider_guid__s__":"{54849625-5478-4994-A5BA-3E3B0328C30D}","record_number__s__":"4449","event_data":{"SubjectDomainName__s__":"WORKGROUP","SubcategoryGuid__s__":"{0CCE9217-69AE-11D9-BED3-505054503030}","AuditPolicyChanges__s__":"%%8451","CategoryId__s__":"%%8273","SubjectUserName__s__":"WIN-1SJ9UPIMFKH$","SubjectLogonId__s__":"0x3e7","SubcategoryId__s__":"%%12546","SubjectUserSid__s__":"S-1-5-18"},"message":{"msg":{"更改__s__":"添加失败","子类别_GUID__s__":"{0CCE9217-69AE-11D9-BED3-505054503030}","帐户域__s__":"WORKGROUP","子类别__s__":"帐户锁定","安全_ID__s__":"S-1-5-18","类别__s__":"登>录/注销"},"event__s__":"已>更改系统审核策略"},"opcode__s__":"信息","type__s__":"wineventlog","source_name__s__":"Microsoft-Windows-Security-Auditing","keywords__s__":["审核成功"],"event_name__s__":"更改审核策略事件","log_name__s__":"Security","computer_name__s__":"WIN-1SJ9UPIMFKH","user_name__s__":"WIN-1SJ9UPIMFKH$"},"context_id":1660264030991756608,"tag":["security"],"id":"AYKPcqMP57pqO5IFurCy","raw_message_length":862,"timestamp":1660264030991}
{"agent_send_timestamp":1660264030993,"collector_recv_timestamp":1660264031189,"raw_message":"{\"computer_name\":\"WIN-1SJ9UPIMFKH\",\"event_data\":{\"AuditPolicyChanges\":\"%%8451\",\"CategoryId\":\"%%8273\",\"SubcategoryGuid\":\"{0CCE9217-69AE-11D9-BED3-505054503030}\",\"SubcategoryId\":\"%%12546\",\"SubjectDomainName\":\"WORKGROUP\",\"SubjectLogonId\":\"0x3e7\",\"SubjectUserName\":\"WIN-1SJ9UPIMFKH$\",\"SubjectUserSid\":\"S-1-5-18\"},\"event_id\":4719,\"keywords\":[\"审核成功\"],\"level\":\"信息\",\"log_name\":\"Security\",\"message\":\"已>更改系统审核策略。\\n\\n主题:\\n\\t安全 ID:\\t\\tS-1-5-18\\n\\t帐户名:\\t\\tWIN-1SJ9UPIMFKH$\\n\\t帐户域:\\t\\tWORKGROUP\\n\\t登录 ID:\\t\\t0x3e7\\n\\n审核策略更改:\\n\\t类别:\\t\\t登>录/注销\\n\\t子类别:\\t\\t帐户锁定\\n\\t子类别 GUID:\\t{0CCE9217-69AE-11D9-BED3-505054503030}\\n\\t更改:\\t\\t添加失败\",\"opcode\":\"信息\",\"process\":{\"pid\":480,\"thread\":{\"id\":552}},\"provider_guid\":\"{54849625-5478-4994-A5BA-3E3B0328C30D}\",\"record_number\":\"4449\",\"source_name\":\"Microsoft-Windows-Security-Auditing\",\"timestamp\":\"2022-08-12T08:27:09+08:00\",\"type\":\"wineventlog\"}","ip":"192.168.1.19","index":"ops-yotta-20220812","source":"/data/all/0_seclog/windows_login.log","logical_index":"yotta","logtype":"json","hostname":"192-168-1-19","appname":"windows","domain":"ops","json":{"level__s__":"信息","process":{"thread":{"id__l__":552},"pid__l__":480},"event_id__l__":4719,"provider_guid__s__":"{54849625-5478-4994-A5BA-3E3B0328C30D}","record_number__s__":"4449","event_data":{"SubjectDomainName__s__":"WORKGROUP","SubcategoryGuid__s__":"{0CCE9217-69AE-11D9-BED3-505054503030}","AuditPolicyChanges__s__":"%%8451","CategoryId__s__":"%%8273","SubjectUserName__s__":"WIN-1SJ9UPIMFKH$","SubjectLogonId__s__":"0x3e7","SubcategoryId__s__":"%%12546","SubjectUserSid__s__":"S-1-5-18"},"message":{"msg":{"更改__s__":"添加失败","子类别_GUID__s__":"{0CCE9217-69AE-11D9-BED3-505054503030}","帐户域__s__":"WORKGROUP","子类别__s__":"帐户锁定","安全_ID__s__":"S-1-5-18","类别__s__":"登>录/注销"},"event__s__":"已>更改系统审核策略"},"opcode__s__":"信息","type__s__":"wineventlog","source_name__s__":"Microsoft-Windows-Security-Auditing","keywords__s__":["审核成功"],"event_name__s__":"更改审核策略事件","log_name__s__":"Security","computer_name__s__":"WIN-1SJ9UPIMFKH","user_name__s__":"WIN-1SJ9UPIMFKH$"},"context_id":1660264030993943525,"tag":["security"],"id":"AYKPcqMR57pqO5IFurDu","raw_message_length":862,"timestamp":1660264030993}
{"agent_send_timestamp":1660264030994,"collector_recv_timestamp":1660264031190,"raw_message":"{\"computer_name\":\"WIN-1SJ9UPIMFKH\",\"event_data\":{\"IpAddress\":\"2409:8038:2000:206a:0:0:0:1\",\"IpPort\":\"61517\",\"LogonGuid\":\"{00000000-0000-0000-0000-000000000000}\",\"ProcessId\":\"0x12c\",\"ProcessName\":\"C:\\\\Windows\\\\System32\\\\winlogon.exe\",\"SubjectDomainName\":\"WORKGROUP\",\"SubjectLogonId\":\"0x3e7\",\"SubjectUserName\":\"WIN-1SJ9UPIMFKH$\",\"SubjectUserSid\":\"S-1-5-18\",\"TargetDomainName\":\"WIN-1SJ9UPIMFKH\",\"TargetInfo\":\"localhost\",\"TargetLogonGuid\":\"{00000000-0000-0000-0000-000000000000}\",\"TargetServerName\":\"localhost\",\"TargetUserName\":\"Administrator\"},\"event_id\":4648,\"keywords\":[\"审核成功\"],\"level\":\"信息\",\"log_name\":\"Security\",\"message\":\"试图使用显式凭据登录。\\n\\n主题:\\n\\t安全 ID:\\t\\tS-1-5-18\\n\\t帐户名:\\t\\tWIN-1SJ9UPIMFKH$\\n\\t帐户域:\\t\\tWORKGROUP\\n\\t登录 ID:\\t\\t0x3e7\\n\\t登录 GUID:\\t\\t{00000000-0000-0000-0000-000000000000}\\n\\n使用了哪个帐户的凭据:\\n\\t帐户名:\\t\\tLighterviolet\\n\\t帐户域:\\t\\tWIN-1SJ9UPIMFKH\\n\\t登录 GUID:\\t\\t{00000000-0000-0000-0000-000000000000}\\n\\n目标服务器:\\n\\t目标服务器名:\\tlocalhost\\n\\t附加信息:\\tlocalhost\\n\\n进程信息:\\n\\t进程 ID:\\t\\t0x12c\\n\\t进程名:\\t\\tC:\\\\Windows\\\\System32\\\\winlogon.exe\\n\\n网络信息:\\n\\t网络地址:\\t192.168.200.254\\n\\t端口:\\t\\t\\t61517\\n\\n在进程尝试通过显式指定帐户的凭据来登录>该帐户时生成此事件。这通常发生在批量类型的配置中(例如计划任务) 或者使用 RUNAS 命令时。\",\"opcode\":\"信息\",\"process\":{\"pid\":480,\"thread\":{\"id\":532}},\"provider_guid\":\"{54849625-5478-4994-A5BA-3E3B0328C30D}\",\"record_number\":\"4935\",\"source_name\":\"Microsoft-Windows-Security-Auditing\",\"timestamp\":\"2022-08-12T08:27:10+08:00\",\"type\":\"wineventlog\"}","ip":"192.168.1.19","index":"ops-yotta-20220812","source":"/data/all/0_seclog/windows_login.log","logical_index":"yotta","logtype":"json","hostname":"192-168-1-19","appname":"windows","domain":"ops","json":{"level__s__":"信息","process":{"thread":{"id__l__":532},"pid__l__":480},"event_id__l__":4648,"provider_guid__s__":"{54849625-5478-4994-A5BA-3E3B0328C30D}","record_number__s__":"4935","event_data":{"SubjectDomainName__s__":"WORKGROUP","TargetServerName__s__":"localhost","TargetUserName__s__":"Administrator","SubjectUserName__s__":"WIN-1SJ9UPIMFKH$","SubjectUserSid__s__":"S-1-5-18","TargetLogonGuid__s__":"{00000000-0000-0000-0000-000000000000}","IpAddress__s__":"2409:8038:2000:206a:0:0:0:1","IpPort__s__":"61517","ProcessId__s__":"0x12c","TargetInfo__s__":"localhost","ProcessName__s__":"C:\\Windows\\System32\\winlogon.exe","SubjectLogonId__s__":"0x3e7","TargetDomainName__s__":"WIN-1SJ9UPIMFKH","LogonGuid__s__":"{00000000-0000-0000-0000-000000000000}"},"message":{"msg":{"网络地址__s__":"192.168.200.254","目标服务器名__s__":"localhost","进程_ID__s__":"0x12c","帐户域__s__":"WIN-1SJ9UPIMFKH","登录_ID__s__":"0x3e7","安全_ID__s__":"S-1-5-18"},"event__s__":"试图使用显式凭据登录"},"opcode__s__":"信息","type__s__":"wineventlog","source_name__s__":"Microsoft-Windows-Security-Auditing","keywords__s__":["审核成功"],"log_name__s__":"Security","computer_name__s__":"WIN-1SJ9UPIMFKH","user_name__s__":"Lighterviolet"},"context_id":1660264030994258657,"tag":["security"],"id":"AYKPcqMS57pqO5IFurEK","raw_message_length":1409,"timestamp":1660264030994}
{"agent_send_timestamp":1660264030992,"collector_recv_timestamp":1660264031187,"raw_message":"{\"computer_name\":\"WIN-1SJ9UPIMFKH\",\"event_data\":{\"AuditPolicyChanges\":\"%%8451\",\"CategoryId\":\"%%8273\",\"SubcategoryGuid\":\"{0CCE9217-69AE-11D9-BED3-505054503030}\",\"SubcategoryId\":\"%%12546\",\"SubjectDomainName\":\"WORKGROUP\",\"SubjectLogonId\":\"0x3e7\",\"SubjectUserName\":\"WIN-1SJ9UPIMFKH$\",\"SubjectUserSid\":\"S-1-5-18\"},\"event_id\":4719,\"keywords\":[\"审核成功\"],\"level\":\"信息\",\"log_name\":\"Security\",\"message\":\"已>更改系统审核策略。\\n\\n主题:\\n\\t安全 ID:\\t\\tS-1-5-18\\n\\t帐户名:\\t\\tWIN-1SJ9UPIMFKH$\\n\\t帐户域:\\t\\tWORKGROUP\\n\\t登录 ID:\\t\\t0x3e7\\n\\n审核策略更改:\\n\\t类别:\\t\\t登>录/注销\\n\\t子类别:\\t\\t帐户锁定\\n\\t子类别 GUID:\\t{0CCE9217-69AE-11D9-BED3-505054503030}\\n\\t更改:\\t\\t添加失败\",\"opcode\":\"信息\",\"process\":{\"pid\":480,\"thread\":{\"id\":552}},\"provider_guid\":\"{54849625-5478-4994-A5BA-3E3B0328C30D}\",\"record_number\":\"4449\",\"source_name\":\"Microsoft-Windows-Security-Auditing\",\"timestamp\":\"2022-08-12T08:27:09+08:00\",\"type\":\"wineventlog\"}","ip":"192.168.1.19","index":"ops-yotta-20220812","source":"/data/all/0_seclog/windows_login.log","logical_index":"yotta","logtype":"json","hostname":"192-168-1-19","appname":"windows","domain":"ops","json":{"level__s__":"信息","process":{"thread":{"id__l__":552},"pid__l__":480},"event_id__l__":4719,"provider_guid__s__":"{54849625-5478-4994-A5BA-3E3B0328C30D}","record_number__s__":"4449","event_data":{"SubjectDomainName__s__":"WORKGROUP","SubcategoryGuid__s__":"{0CCE9217-69AE-11D9-BED3-505054503030}","AuditPolicyChanges__s__":"%%8451","CategoryId__s__":"%%8273","SubjectUserName__s__":"WIN-1SJ9UPIMFKH$","SubjectLogonId__s__":"0x3e7","SubcategoryId__s__":"%%12546","SubjectUserSid__s__":"S-1-5-18"},"message":{"msg":{"更改__s__":"添加失败","子类别_GUID__s__":"{0CCE9217-69AE-11D9-BED3-505054503030}","帐户域__s__":"WORKGROUP","子类别__s__":"帐户锁定","安全_ID__s__":"S-1-5-18","类别__s__":"登>录/注销"},"event__s__":"已>更改系统审核策略"},"opcode__s__":"信息","type__s__":"wineventlog","source_name__s__":"Microsoft-Windows-Security-Auditing","keywords__s__":["审核成功"],"event_name__s__":"更改审核策略事件","log_name__s__":"Security","computer_name__s__":"WIN-1SJ9UPIMFKH","user_name__s__":"WIN-1SJ9UPIMFKH$"},"context_id":1660264030992322393,"tag":["security"],"id":"AYKPcqMQ57pqO5IFurDf","raw_message_length":862,"timestamp":1660264030992}
{"agent_send_timestamp":1660264034507,"collector_recv_timestamp":1660264036317,"raw_message":"2022-08-12T08:27:07-04:00 ops-sys-001 : %ASA-6-302013: Built inbound TCP connection 690956322 for outside:172.16.1.8/53974 (117.25.82.159/53974) to UDMZ2:2409:8038:2000:1101:0:0:0:1/3389 (117.25.82.159/443)","ip":"192.168.1.19","index":"ops-yotta-20220812","source":"/data/all/0_seclog/firewall_access_INtoOUT.log","logical_index":"yotta","logtype":"firewall","hostname":"192-168-1-19","appname":"firewall","firewall":{"description__s__":"Informational messages only","dst_zone__s__":"UDMZ2","dst_port__s__":"3389","log_level__s__":"6","severity_level__s__":"informational","message_id__s__":"302013","desc__s__":"shift后门[需要03以下的系统],爆破,ms12-020","event_name__s__":"防火墙连接成功事件","msg信息__s__":"Built inbound TCP connection 690956322 for outside:172.16.1.8/53974 (117.25.82.159/53974) to UDMZ2:2409:8038:2000:1101:0:0:0:1/3389 (117.25.82.159/443)","session_id__s__":"690956322","src_translated_ip__s__":"117.25.82.159","action__s__":"Built","src":{"geo":{"isp__s__":"private","country__s__":"private","ip__s__":"172.16.1.8","province__s__":"private","city__s__":"private"}},"Cisco_ASA_message_id__s__":"302013","src_port__s__":"53974","dst_ipv6__s__":"2409:8038:2000:1101:0:0:0:1","src_user__s__":"null","service__s__":"Windows rdp（桌面协议）","vendor_action__s__":"Built","transport__s__":"TCP","src_translated_port__s__":"53974","src_nt_domain__s__":"null","src_ip__s__":"172.16.1.8","Cisco_ASA_vendor_action__s__":"Built","src_zone__s__":"outside","direction__s__":"inbound"},"domain":"ops","context_id":1660264034507527864,"tag":["cisco_asa"],"id":"AYKPcrDL57pqO5IFurEb","raw_message_length":206,"timestamp":1660264034507}
{"agent_send_timestamp":1660264036190,"collector_recv_timestamp":1660264036318,"raw_message":"<12>August 12 08:27:14 (none) : {\"dt\":\"VENUS_IDS_0700R0200B20140925112801\",\"level\":30,\"id\":\"152522595\",\"type\":\"Alert Log\",\"time\":1526634604546,\"source\":{\"ip\":\"2409:8038:2000:1104:0:0:0:1\",\"port\":52628,\"mac\":\"52-B6-BC-8A-89-81\"},\"destination\":{\"ip\":\"192.168.1.156\",\"port\":3306,\"mac\":\"52-B6-BC-8A-89-81\"},\"protocol\":\"HTTP\",\"subject\":\"HTTP_SQL错误信息泄露_1\",\"message\":\"nic=1;Host=;URL=;URL长度=0;Http协议头长度=0;访问文件=;返回内容=2e 77 72 61 70 70 65 72 2e 50 6f 6f 6c 43 6f 6e 6e 00 40 00 84 65 63 74 69 6f 6e 5f 6f 72 61 63 6c 65 5f c2 24 5f 64 72 69 76 65 72 5f 54 34 43 58 9a 7b 2c 63 63 02 00 04 83 3d 1c 35 63 6f 6d 6d 6f 6e 2e 69 6e 74 65 72 6e 61 6c 2e 58 9a 45 6e 76 7b 70 91 9a a0 16 1f 47 65 6e 65 72 0c 00 20 80 69 63 58 9a 62 9a 40 31 35 36 31 36 32 32 39 32 32 2c 61 75 74 6f 43 91 bb 69 74 3d 74 72 75 65 2c 63 07 00 00 80 91 88 a0 16 1f 58 9a 48 6f 6c 2e 2e 2e 22 7d b0 b0 90 22 77 88 53 45 4c 45 43 54 20 20 20 63 6c 69 65 6e 00;\"}","ip":"192.168.1.19","index":"ops-yotta-20220812","source":"/data/all/0_seclog/ids_all.log","logical_index":"yotta","logtype":"ids","hostname":"192-168-1-19","appname":"ids","domain":"ops","ids":{"time__s__":"August 12 08:27:14","level__s__":"30","dst":{"geo":{"isp__s__":"private","country__s__":"private","ip__s__":"192.168.1.156","province__s__":"private","city__s__":"private"}},"src":{"geo":{"longitude__d__":115.85326,"isp__s__":"中国移动","country__s__":"中国","ip__s__":"2409:8038:2000:1104:0:0:0:1","latitude__d__":28.686,"province__s__":"江西","city__s__":"*"}},"dst_ip__s__":"192.168.1.156","severity__s__":"warn","dst_port__s__":"3306","proto__s__":"HTTP","dt__s__":"VENUS_IDS_0700R0200B20140925112801","src_port__s__":"52628","pri__s__":"12","type__s__":"Alert Log","facility__s__":"user","event_name__s__":"HTTP_SQL错误信息泄露_1","subject__s__":"HTTP_SQL错误信息泄露_1","src_ip__s__":"2409:8038:2000:1104:0:0:0:1","src_mac__s__":"52-B6-BC-8A-89-81","dst_mac__s__":"52-B6-BC-8A-89-81"},"context_id":1660264036190889989,"tag":["venustech"],"id":"AYKPcrde57pqO5IFurEk","raw_message_length":927,"timestamp":1660264034000}
{"agent_send_timestamp":1660264036764,"collector_recv_timestamp":1660264038608,"raw_message":"Oct 31 01:57:43 10.10.251.163 time:2022-08-12 08:27:10;danger_degree:2;breaking_sighn:0;event:[67447]HTTP WWW认证失败;src_addr:240e:13:1800:100:0:0:0:122;src_port:44560;dst_addr:192.168.1.130;dst_port:25;proto:SMTP;user:","ip":"192.168.1.19","index":"ops-yotta-20220812","source":"/data/all/0_seclog/ipsAttack.log","ips":{"level__s__":"2","local__s__":"10.10.251.163","dst":{"geo":{"isp__s__":"private","country__s__":"private","ip__s__":"192.168.1.130","province__s__":"private","city__s__":"private"}},"src":{"geo":{"longitude__d__":115.99498,"isp__s__":"中国电信","country__s__":"中国","ip__s__":"240e:13:1800:100:0:0:0:122","latitude__d__":29.70804,"province__s__":"江西","city__s__":"九江市"}},"dst_ip__s__":"192.168.1.130","dst_port__s__":"25","proto__s__":"SMTP","src_port__s__":"44560","breaking__s__":"0","event_name__s__":"IPS攻击事件","src_ip__s__":"240e:13:1800:100:0:0:0:122","event_id__s__":"67447","event__s__":"HTTP WWW认证失败"},"logical_index":"yotta","logtype":"ips","hostname":"192-168-1-19","appname":"ips","domain":"ops","context_id":1660264036764716061,"tag":["nsfocus"],"id":"AYKPcrmcb6QmECivBUIG","raw_message_length":216,"timestamp":1660264030000}
{"agent_send_timestamp":1660264036765,"collector_recv_timestamp":1660264038608,"raw_message":"<12>August 12 08:27:14 (none) : {\"dt\":\"VENUS_IDS_0700R0200B20140925112801\",\"level\":30,\"id\":\"152522595\",\"type\":\"Alert Log\",\"time\":1526634604546,\"source\":{\"ip\":\"2409:8038:2000:1104:0:0:0:1\",\"port\":52628,\"mac\":\"52-B6-BC-8A-89-81\"},\"destination\":{\"ip\":\"192.168.1.156\",\"port\":3306,\"mac\":\"52-B6-BC-8A-89-81\"},\"protocol\":\"HTTP\",\"subject\":\"HTTP_SQL错误信息泄露_1\",\"message\":\"nic=1;Host=;URL=;URL长度=0;Http协议头长度=0;访问文件=;返回内容=2e 77 72 61 70 70 65 72 2e 50 6f 6f 6c 43 6f 6e 6e 00 40 00 84 65 63 74 69 6f 6e 5f 6f 72 61 63 6c 65 5f c2 24 5f 64 72 69 76 65 72 5f 54 34 43 58 9a 7b 2c 63 63 02 00 04 83 3d 1c 35 63 6f 6d 6d 6f 6e 2e 69 6e 74 65 72 6e 61 6c 2e 58 9a 45 6e 76 7b 70 91 9a a0 16 1f 47 65 6e 65 72 0c 00 20 80 69 63 58 9a 62 9a 40 31 35 36 31 36 32 32 39 32 32 2c 61 75 74 6f 43 91 bb 69 74 3d 74 72 75 65 2c 63 07 00 00 80 91 88 a0 16 1f 58 9a 48 6f 6c 2e 2e 2e 22 7d b0 b0 90 22 77 88 53 45 4c 45 43 54 20 20 20 63 6c 69 65 6e 00;\"}","ip":"192.168.1.19","index":"ops-yotta-20220812","source":"/data/all/0_seclog/ids_all.log","logical_index":"yotta","logtype":"ids","hostname":"192-168-1-19","appname":"ids","domain":"ops","ids":{"time__s__":"August 12 08:27:14","level__s__":"30","dst":{"geo":{"isp__s__":"private","country__s__":"private","ip__s__":"192.168.1.156","province__s__":"private","city__s__":"private"}},"src":{"geo":{"longitude__d__":115.85326,"isp__s__":"中国移动","country__s__":"中国","ip__s__":"2409:8038:2000:1104:0:0:0:1","latitude__d__":28.686,"province__s__":"江西","city__s__":"*"}},"dst_ip__s__":"192.168.1.156","severity__s__":"warn","dst_port__s__":"3306","proto__s__":"HTTP","dt__s__":"VENUS_IDS_0700R0200B20140925112801","src_port__s__":"52628","pri__s__":"12","type__s__":"Alert Log","facility__s__":"user","event_name__s__":"HTTP_SQL错误信息泄露_1","subject__s__":"HTTP_SQL错误信息泄露_1","src_ip__s__":"2409:8038:2000:1104:0:0:0:1","src_mac__s__":"52-B6-BC-8A-89-81","dst_mac__s__":"52-B6-BC-8A-89-81"},"context_id":1660264036765744930,"tag":["venustech"],"id":"AYKPcrmdb6QmECivBUIJ","raw_message_length":927,"timestamp":1660264034000}
{"agent_send_timestamp":1660264040997,"collector_recv_timestamp":1660264041273,"raw_message":"{\"computer_name\":\"WIN-1SJ9UPIMFKH\",\"event_data\":{\"IpAddress\":\"240e:13:0:100:0:0:0:223\",\"IpPort\":\"61517\",\"LogonGuid\":\"{00000000-0000-0000-0000-000000000000}\",\"ProcessId\":\"0x12c\",\"ProcessName\":\"C:\\\\Windows\\\\System32\\\\winlogon.exe\",\"SubjectDomainName\":\"WORKGROUP\",\"SubjectLogonId\":\"0x3e7\",\"SubjectUserName\":\"WIN-1SJ9UPIMFKH$\",\"SubjectUserSid\":\"S-1-5-18\",\"TargetDomainName\":\"WIN-1SJ9UPIMFKH\",\"TargetInfo\":\"localhost\",\"TargetLogonGuid\":\"{00000000-0000-0000-0000-000000000000}\",\"TargetServerName\":\"localhost\",\"TargetUserName\":\"Administrator\"},\"event_id\":4648,\"keywords\":[\"审核成功\"],\"level\":\"信息\",\"log_name\":\"Security\",\"message\":\"试图使用显式凭据登录。\\n\\n主题:\\n\\t安全 ID:\\t\\tS-1-5-18\\n\\t帐户名:\\t\\tWIN-1SJ9UPIMFKH$\\n\\t帐户域:\\t\\tWORKGROUP\\n\\t登录 ID:\\t\\t0x3e7\\n\\t登录 GUID:\\t\\t{00000000-0000-0000-0000-000000000000}\\n\\n使用了哪个帐户的凭据:\\n\\t帐户名:\\t\\tParrottulip\\n\\t帐户域:\\t\\tWIN-1SJ9UPIMFKH\\n\\t登录 GUID:\\t\\t{00000000-0000-0000-0000-000000000000}\\n\\n目标服务器:\\n\\t目标服务器名:\\tlocalhost\\n\\t附加信息:\\tlocalhost\\n\\n进程信息:\\n\\t进程 ID:\\t\\t0x12c\\n\\t进程名:\\t\\tC:\\\\Windows\\\\System32\\\\winlogon.exe\\n\\n网络信息:\\n\\t网络地址:\\t192.168.200.254\\n\\t端口:\\t\\t\\t61517\\n\\n在进程尝试通过显式指定帐户的凭据来登录>该帐户时生成此事件。这通常发生在批量类型的配置中(例如计划任务) 或者使用 RUNAS 命令时。\",\"opcode\":\"信息\",\"process\":{\"pid\":480,\"thread\":{\"id\":532}},\"provider_guid\":\"{54849625-5478-4994-A5BA-3E3B0328C30D}\",\"record_number\":\"4935\",\"source_name\":\"Microsoft-Windows-Security-Auditing\",\"timestamp\":\"2022-08-12T08:27:13+08:00\",\"type\":\"wineventlog\"}","ip":"192.168.1.19","index":"ops-yotta-20220812","source":"/data/all/0_seclog/windows_login.log","logical_index":"yotta","logtype":"json","hostname":"192-168-1-19","appname":"windows","domain":"ops","json":{"level__s__":"信息","process":{"thread":{"id__l__":532},"pid__l__":480},"event_id__l__":4648,"provider_guid__s__":"{54849625-5478-4994-A5BA-3E3B0328C30D}","record_number__s__":"4935","event_data":{"SubjectDomainName__s__":"WORKGROUP","TargetServerName__s__":"localhost","TargetUserName__s__":"Administrator","SubjectUserName__s__":"WIN-1SJ9UPIMFKH$","SubjectUserSid__s__":"S-1-5-18","TargetLogonGuid__s__":"{00000000-0000-0000-0000-000000000000}","IpAddress__s__":"240e:13:0:100:0:0:0:223","IpPort__s__":"61517","ProcessId__s__":"0x12c","TargetInfo__s__":"localhost","ProcessName__s__":"C:\\Windows\\System32\\winlogon.exe","SubjectLogonId__s__":"0x3e7","TargetDomainName__s__":"WIN-1SJ9UPIMFKH","LogonGuid__s__":"{00000000-0000-0000-0000-000000000000}"},"message":{"msg":{"网络地址__s__":"192.168.200.254","目标服务器名__s__":"localhost","进程_ID__s__":"0x12c","帐户域__s__":"WIN-1SJ9UPIMFKH","登录_ID__s__":"0x3e7","安全_ID__s__":"S-1-5-18"},"event__s__":"试图使用显式凭据登录"},"opcode__s__":"信息","type__s__":"wineventlog","source_name__s__":"Microsoft-Windows-Security-Auditing","keywords__s__":["审核成功"],"log_name__s__":"Security","computer_name__s__":"WIN-1SJ9UPIMFKH","user_name__s__":"Parrottulip"},"context_id":1660264040997889500,"tag":["security"],"id":"AYKPcsol57pqO5IFurFy","raw_message_length":1403,"timestamp":1660264040997}
{"agent_send_timestamp":1660264040995,"collector_recv_timestamp":1660264041269,"raw_message":"{\"computer_name\":\"WIN-1SJ9UPIMFKH\",\"event_data\":{\"AuthenticationPackageName\":\"Negotiate\",\"FailureReason\":\"%%2313\",\"IpAddress\":\"2409:8038:2000:1101:0:0:0:1\",\"IpPort\":\"52101\",\"KeyLength\":\"0\",\"LmPackageName\":\"-\",\"LogonProcessName\":\"User32 \",\"LogonType\":\"10\",\"ProcessId\":\"0x1c48\",\"ProcessName\":\"C:\\\\Windows\\\\System32\\\\winlogon.exe\",\"Status\":\"0xc000006d\",\"SubStatus\":\"0xc0000064\",\"SubjectDomainName\":\"WORKGROUP\",\"SubjectLogonId\":\"0x3e7\",\"SubjectUserName\":\"WIN-1SJ9UPIMFKH$\",\"SubjectUserSid\":\"S-1-5-18\",\"TargetDomainName\":\"WIN-1SJ9UPIMFKH\",\"TargetUserName\":\"administrator\",\"TargetUserSid\":\"S-1-0-0\",\"TransmittedServices\":\"-\",\"WorkstationName\":\"WIN-1SJ9UPIMFKH\"},\"event_id\":4625,\"keywords\":[\"审核失败\"],\"level\":\"信息\",\"log_name\":\"Security\",\"message\":\"帐户登录失败。\\n\\n主题:\\n\\t安全 ID:\\t\\tS-1-5-18\\n\\t帐户名:\\t\\tWIN-1SJ9UPIMFKH$\\n\\t帐户域:\\t\\tWORKGROUP\\n\\t登录 ID:\\t\\t0x3e7\\n\\n登录类型:\\t\\t\\t10\\n\\n>登录失败的帐户:\\n\\t安全 ID:\\t\\tS-1-0-0\\n\\t帐户名:\\t\\tHisserweed\\n\\t帐户域:\\t\\tWIN-1SJ9UPIMFKH\\n\\n失败信息:\\n\\t失败原因:\\t\\t未知用户名或密码错误。\\n\\t状态:\\t\\t\\t0xc000006d\\n\\t子状态:\\t\\t0xc0000064\\n\\n进程信息:\\n\\t调用方进程 ID:\\t0x1c48\\n\\t调用方进程名:\\tC:\\\\Windows\\\\System32\\\\winlogon.exe\\n\\n网络信息:\\n\\t工作站名:\\tWIN-1SJ9UPIMFKH\\n\\t源网络地址:\\t192.168.200.254\\n\\t源端口:\\t\\t52101\\n\\n详细身份验>证信息:\\n\\t登录进程:\\t\\tUser32 \\n\\t身份验证数据包:\\tNegotiate\\n\\t传递服务:\\t-\\n\\t数据包名(仅限 NTLM):\\t-\\n\\t密钥长度:\\t\\t0\\n\\n登录请求失败时在尝试访问的计算机上生成此事件。\\n\\n“主题”字段指明本地系统上请求登录的帐户。这通常是一个服务(例如 Server 服务)或本地进程(例如 Winlogon.exe 或 Services.exe)。\\n\\n“登录类型”字段指明>发生的登录的种类。最常见的类型是 2 (交互式)和 3 (网络)。\\n\\n“进程信息”字段表明系统上的哪个帐户和进程请求了登录。\\n\\n“网络信息”字段指明远程登录请求来自哪里。“工>作站名”并非总是可用，而且在某些情况下可能会留为空白。\\n\\n“身份验证信息”字段提供>关于此特定登录请求的详细信息。\\n\\t-“传递服务”指明哪些直接服务参与了此登录请求。\\n\\t-“数据包名”指明在 NTLM 协议之间使用了哪些子协议。\\n\\t-“密钥长度”指明生成的会>话密钥的长度。如果没有请求会话密钥，则此字段为 0。\",\"opcode\":\"信息\",\"process\":{\"pid\":480,\"thread\":{\"id\":984}},\"provider_guid\":\"{54849625-5478-4994-A5BA-3E3B0328C30D}\",\"record_number\":\"4587\",\"source_name\":\"Microsoft-Windows-Security-Auditing\",\"timestamp\":\"2022-08-12T08:27:12+08:00\",\"type\":\"wineventlog\"}","ip":"192.168.1.19","index":"ops-yotta-20220812","source":"/data/all/0_seclog/windows_login.log","logical_index":"yotta","logtype":"json","hostname":"192-168-1-19","appname":"windows","domain":"ops","json":{"level__s__":"信息","process":{"thread":{"id__l__":984},"pid__l__":480},"event_id__l__":4625,"provider_guid__s__":"{54849625-5478-4994-A5BA-3E3B0328C30D}","record_number__s__":"4587","event_data":{"Status__s__":"0xc000006d","LogonType__s__":"10","SubjectDomainName__s__":"WORKGROUP","LmPackageName__s__":"-","TransmittedServices__s__":"-","TargetUserName__s__":"administrator","AuthenticationPackageName__s__":"Negotiate","SubjectUserName__s__":"WIN-1SJ9UPIMFKH$","SubStatus__s__":"0xc0000064","SubjectUserSid__s__":"S-1-5-18","IpAddress__s__":"2409:8038:2000:1101:0:0:0:1","IpPort__s__":"52101","FailureReason__s__":"%%2313","ProcessId__s__":"0x1c48","LogonProcessName__s__":"User32 ","KeyLength__s__":"0","ProcessName__s__":"C:\\Windows\\System32\\winlogon.exe","SubjectLogonId__s__":"0x3e7","TargetDomainName__s__":"WIN-1SJ9UPIMFKH","WorkstationName__s__":"WIN-1SJ9UPIMFKH","TargetUserSid__s__":"S-1-0-0"},"message":{"msg":{"状态__s__":"0xc000006d","调用方进程_ID__s__":"0x1c48","登录进程__s__":"User32","数据包名仅限_NTLM__s__":"-","工作站名__s__":"WIN-1SJ9UPIMFKH","帐户域__s__":"WORKGROUP","失败原因__s__":"未知用户名或密码错误。","源网络地址__s__":"192.168.200.254","传递服务__s__":"-","身份验证数据包__s__":"Negotiate","安全_ID__s__":"S-1-0-0"},"event__s__":"帐户登录失败"},"opcode__s__":"信息","type__s__":"wineventlog","source_name__s__":"Microsoft-Windows-Security-Auditing","keywords__s__":["审核失败"],"event_name__s__":"登录失败事件-用户名未知或密码错误","log_name__s__":"Security","computer_name__s__":"WIN-1SJ9UPIMFKH","user_name__s__":"Hisserweed"},"context_id":1660264040995905781,"tag":["security"],"id":"AYKPcsoj57pqO5IFurFV","raw_message_length":1915,"timestamp":1660264040995}
