{"agent_send_timestamp":1660264030986,"collector_recv_timestamp":1660264031170,"raw_message":"{\"computer_name\":\"WIN-1SJ9UPIMFKH\",\"event_data\":{\"AuthenticationPackageName\":\"Negotiate\",\"FailureReason\":\"%%2313\",\"IpAddress\":\"2409:8038:2000:1102:0:0:0:1\",\"IpPort\":\"52101\",\"KeyLength\":\"0\",\"LmPackageName\":\"-\",\"LogonProcessName\":\"User32 \",\"LogonType\":\"10\",\"ProcessId\":\"0x1c48\",\"ProcessName\":\"C:\\\\Windows\\\\System32\\\\winlogon.exe\",\"Status\":\"0xc000006d\",\"SubStatus\":\"0xc0000064\",\"SubjectDomainName\":\"WORKGROUP\",\"SubjectLogonId\":\"0x3e7\",\"SubjectUserName\":\"WIN-1SJ9UPIMFKH$\",\"SubjectUserSid\":\"S-1-5-18\",\"TargetDomainName\":\"WIN-1SJ9UPIMFKH\",\"TargetUserName\":\"administrator\",\"TargetUserSid\":\"S-1-0-0\",\"TransmittedServices\":\"-\",\"WorkstationName\":\"WIN-1SJ9UPIMFKH\"},\"event_id\":4625,\"keywords\":[\"审核失败\"],\"level\":\"信息\",\"log_name\":\"Security\",\"message\":\"帐户登录失败。\\n\\n主题:\\n\\t安全 ID:\\t\\tS-1-5-18\\n\\t帐户名:\\t\\tWIN-1SJ9UPIMFKH$\\n\\t帐户域:\\t\\tWORKGROUP\\n\\t登录 ID:\\t\\t0x3e7\\n\\n登录类型:\\t\\t\\t10\\n\\n>登录失败的帐户:\\n\\t安全 ID:\\t\\tS-1-0-0\\n\\t帐户名:\\t\\tLighterviolet\\n\\t帐户域:\\t\\tWIN-1SJ9UPIMFKH\\n\\n失败信息:\\n\\t失败原因:\\t\\t未知用户名或密码错误。\\n\\t状态:\\t\\t\\t0xc000006d\\n\\t子状态:\\t\\t0xc0000064\\n\\n进程信息:\\n\\t调用方进程 ID:\\t0x1c48\\n\\t调用方进程名:\\tC:\\\\Windows\\\\System32\\\\winlogon.exe\\n\\n网络信息:\\n\\t工作站名:\\tWIN-1SJ9UPIMFKH\\n\\t源网络地址:\\t192.168.200.254\\n\\t源端口:\\t\\t52101\\n\\n详细身份验>证信息:\\n\\t登录进程:\\t\\tUser32 \\n\\t身份验证数据包:\\tNegotiate\\n\\t传递服务:\\t-\\n\\t数据包名(仅限 NTLM):\\t-\\n\\t密钥长度:\\t\\t0\\n\\n登录请求失败时在尝试访问的计算机上生成此事件。\\n\\n“主题”字段指明本地系统上请求登录的帐户。这通常是一个服务(例如 Server 服务)或本地进程(例如 Winlogon.exe 或 Services.exe)。\\n\\n“登录类型”字段指明>发生的登录的种类。最常见的类型是 2 (交互式)和 3 (网络)。\\n\\n“进程信息”字段表明系统上的哪个帐户和进程请求了登录。\\n\\n“网络信息”字段指明远程登录请求来自哪里。“工>作站名”并非总是可用，而且在某些情况下可能会留为空白。\\n\\n“身份验证信息”字段提供>关于此特定登录请求的详细信息。\\n\\t-“传递服务”指明哪些直接服务参与了此登录请求。\\n\\t-“数据包名”指明在 NTLM 协议之间使用了哪些子协议。\\n\\t-“密钥长度”指明生成的会>话密钥的长度。如果没有请求会话密钥，则此字段为 0。\",\"opcode\":\"信息\",\"process\":{\"pid\":480,\"thread\":{\"id\":984}},\"provider_guid\":\"{54849625-5478-4994-A5BA-3E3B0328C30D}\",\"record_number\":\"4587\",\"source_name\":\"Microsoft-Windows-Security-Auditing\",\"timestamp\":\"2022-08-12T08:27:03+08:00\",\"type\":\"wineventlog\"}","ip":"192.168.1.19","index":"ops-yotta-20220812","source":"/data/all/0_seclog/windows_login.log","logical_index":"yotta","logtype":"json","hostname":"192-168-1-19","appname":"windows","domain":"ops","json":{"level__s__":"信息","process":{"thread":{"id__l__":984},"pid__l__":480},"event_id__l__":4625,"provider_guid__s__":"{54849625-5478-4994-A5BA-3E3B0328C30D}","record_number__s__":"4587","event_data":{"Status__s__":"0xc000006d","LogonType__s__":"10","SubjectDomainName__s__":"WORKGROUP","LmPackageName__s__":"-","TransmittedServices__s__":"-","TargetUserName__s__":"administrator","AuthenticationPackageName__s__":"Negotiate","SubjectUserName__s__":"WIN-1SJ9UPIMFKH$","SubStatus__s__":"0xc0000064","SubjectUserSid__s__":"S-1-5-18","IpAddress__s__":"2409:8038:2000:1102:0:0:0:1","IpPort__s__":"52101","FailureReason__s__":"%%2313","ProcessId__s__":"0x1c48","LogonProcessName__s__":"User32 ","KeyLength__s__":"0","ProcessName__s__":"C:\\Windows\\System32\\winlogon.exe","SubjectLogonId__s__":"0x3e7","TargetDomainName__s__":"WIN-1SJ9UPIMFKH","WorkstationName__s__":"WIN-1SJ9UPIMFKH","TargetUserSid__s__":"S-1-0-0"},"message":{"msg":{"状态__s__":"0xc000006d","调用方进程_ID__s__":"0x1c48","登录进程__s__":"User32","数据包名仅限_NTLM__s__":"-","工作站名__s__":"WIN-1SJ9UPIMFKH","帐户域__s__":"WORKGROUP","失败原因__s__":"未知用户名或密码错误。","源网络地址__s__":"192.168.200.254","传递服务__s__":"-","身份验证数据包__s__":"Negotiate","安全_ID__s__":"S-1-0-0"},"event__s__":"帐户登录失败"},"opcode__s__":"信息","type__s__":"wineventlog","source_name__s__":"Microsoft-Windows-Security-Auditing","keywords__s__":["审核失败"],"event_name__s__":"登录失败事件-用户名未知或密码错误","log_name__s__":"Security","computer_name__s__":"WIN-1SJ9UPIMFKH","user_name__s__":"Lighterviolet"},"context_id":1660264030986959967,"tag":["security"],"id":"AYKPcqMK57pqO5IFurAz","raw_message_length":1918,"timestamp":1660264030986}
{"agent_send_timestamp":1660264030984,"collector_recv_timestamp":1660264031166,"raw_message":"{\"computer_name\":\"WIN-1SJ9UPIMFKH\",\"event_data\":{\"AuditPolicyChanges\":\"%%8451\",\"CategoryId\":\"%%8273\",\"SubcategoryGuid\":\"{0CCE9217-69AE-11D9-BED3-505054503030}\",\"SubcategoryId\":\"%%12546\",\"SubjectDomainName\":\"WORKGROUP\",\"SubjectLogonId\":\"0x3e7\",\"SubjectUserName\":\"WIN-1SJ9UPIMFKH$\",\"SubjectUserSid\":\"S-1-5-18\"},\"event_id\":4719,\"keywords\":[\"审核成功\"],\"level\":\"信息\",\"log_name\":\"Security\",\"message\":\"已>更改系统审核策略。\\n\\n主题:\\n\\t安全 ID:\\t\\tS-1-5-18\\n\\t帐户名:\\t\\tWIN-1SJ9UPIMFKH$\\n\\t帐户域:\\t\\tWORKGROUP\\n\\t登录 ID:\\t\\t0x3e7\\n\\n审核策略更改:\\n\\t类别:\\t\\t登>录/注销\\n\\t子类别:\\t\\t帐户锁定\\n\\t子类别 GUID:\\t{0CCE9217-69AE-11D9-BED3-505054503030}\\n\\t更改:\\t\\t添加失败\",\"opcode\":\"信息\",\"process\":{\"pid\":480,\"thread\":{\"id\":552}},\"provider_guid\":\"{54849625-5478-4994-A5BA-3E3B0328C30D}\",\"record_number\":\"4449\",\"source_name\":\"Microsoft-Windows-Security-Auditing\",\"timestamp\":\"2022-08-12T08:27:02+08:00\",\"type\":\"wineventlog\"}","ip":"192.168.1.19","index":"ops-yotta-20220812","source":"/data/all/0_seclog/windows_login.log","logical_index":"yotta","logtype":"json","hostname":"192-168-1-19","appname":"windows","domain":"ops","json":{"level__s__":"信息","process":{"thread":{"id__l__":552},"pid__l__":480},"event_id__l__":4719,"provider_guid__s__":"{54849625-5478-4994-A5BA-3E3B0328C30D}","record_number__s__":"4449","event_data":{"SubjectDomainName__s__":"WORKGROUP","SubcategoryGuid__s__":"{0CCE9217-69AE-11D9-BED3-505054503030}","AuditPolicyChanges__s__":"%%8451","CategoryId__s__":"%%8273","SubjectUserName__s__":"WIN-1SJ9UPIMFKH$","SubjectLogonId__s__":"0x3e7","SubcategoryId__s__":"%%12546","SubjectUserSid__s__":"S-1-5-18"},"message":{"msg":{"更改__s__":"添加失败","子类别_GUID__s__":"{0CCE9217-69AE-11D9-BED3-505054503030}","帐户域__s__":"WORKGROUP","子类别__s__":"帐户锁定","安全_ID__s__":"S-1-5-18","类别__s__":"登>录/注销"},"event__s__":"已>更改系统审核策略"},"opcode__s__":"信息","type__s__":"wineventlog","source_name__s__":"Microsoft-Windows-Security-Auditing","keywords__s__":["审核成功"],"event_name__s__":"更改审核策略事件","log_name__s__":"Security","computer_name__s__":"WIN-1SJ9UPIMFKH","user_name__s__":"WIN-1SJ9UPIMFKH$"},"context_id":1660264030984809529,"tag":["security"],"id":"AYKPcqMI57pqO5IFurAW","raw_message_length":862,"timestamp":1660264030984}
{"agent_send_timestamp":1660264030989,"collector_recv_timestamp":1660264031182,"raw_message":"{\"computer_name\":\"WIN-1SJ9UPIMFKH\",\"event_data\":{\"AuditPolicyChanges\":\"%%8451\",\"CategoryId\":\"%%8273\",\"SubcategoryGuid\":\"{0CCE9217-69AE-11D9-BED3-505054503030}\",\"SubcategoryId\":\"%%12546\",\"SubjectDomainName\":\"WORKGROUP\",\"SubjectLogonId\":\"0x3e7\",\"SubjectUserName\":\"WIN-1SJ9UPIMFKH$\",\"SubjectUserSid\":\"S-1-5-18\"},\"event_id\":4719,\"keywords\":[\"审核成功\"],\"level\":\"信息\",\"log_name\":\"Security\",\"message\":\"已>更改系统审核策略。\\n\\n主题:\\n\\t安全 ID:\\t\\tS-1-5-18\\n\\t帐户名:\\t\\tWIN-1SJ9UPIMFKH$\\n\\t帐户域:\\t\\tWORKGROUP\\n\\t登录 ID:\\t\\t0x3e7\\n\\n审核策略更改:\\n\\t类别:\\t\\t登>录/注销\\n\\t子类别:\\t\\t帐户锁定\\n\\t子类别 GUID:\\t{0CCE9217-69AE-11D9-BED3-505054503030}\\n\\t更改:\\t\\t添加失败\",\"opcode\":\"信息\",\"process\":{\"pid\":480,\"thread\":{\"id\":552}},\"provider_guid\":\"{54849625-5478-4994-A5BA-3E3B0328C30D}\",\"record_number\":\"4449\",\"source_name\":\"Microsoft-Windows-Security-Auditing\",\"timestamp\":\"2022-08-12T08:27:06+08:00\",\"type\":\"wineventlog\"}","ip":"192.168.1.19","index":"ops-yotta-20220812","source":"/data/all/0_seclog/windows_login.log","logical_index":"yotta","logtype":"json","hostname":"192-168-1-19","appname":"windows","domain":"ops","json":{"level__s__":"信息","process":{"thread":{"id__l__":552},"pid__l__":480},"event_id__l__":4719,"provider_guid__s__":"{54849625-5478-4994-A5BA-3E3B0328C30D}","record_number__s__":"4449","event_data":{"SubjectDomainName__s__":"WORKGROUP","SubcategoryGuid__s__":"{0CCE9217-69AE-11D9-BED3-505054503030}","AuditPolicyChanges__s__":"%%8451","CategoryId__s__":"%%8273","SubjectUserName__s__":"WIN-1SJ9UPIMFKH$","SubjectLogonId__s__":"0x3e7","SubcategoryId__s__":"%%12546","SubjectUserSid__s__":"S-1-5-18"},"message":{"msg":{"更改__s__":"添加失败","子类别_GUID__s__":"{0CCE9217-69AE-11D9-BED3-505054503030}","帐户域__s__":"WORKGROUP","子类别__s__":"帐户锁定","安全_ID__s__":"S-1-5-18","类别__s__":"登>录/注销"},"event__s__":"已>更改系统审核策略"},"opcode__s__":"信息","type__s__":"wineventlog","source_name__s__":"Microsoft-Windows-Security-Auditing","keywords__s__":["审核成功"],"event_name__s__":"更改审核策略事件","log_name__s__":"Security","computer_name__s__":"WIN-1SJ9UPIMFKH","user_name__s__":"WIN-1SJ9UPIMFKH$"},"context_id":1660264030989920968,"tag":["security"],"id":"AYKPcqMN57pqO5IFurCR","raw_message_length":862,"timestamp":1660264030989}
{"agent_send_timestamp":1660264030984,"collector_recv_timestamp":1660264031161,"raw_message":"{\"computer_name\":\"WIN-1SJ9UPIMFKH\",\"event_data\":{\"AuditPolicyChanges\":\"%%8451\",\"CategoryId\":\"%%8273\",\"SubcategoryGuid\":\"{0CCE9217-69AE-11D9-BED3-505054503030}\",\"SubcategoryId\":\"%%12546\",\"SubjectDomainName\":\"WORKGROUP\",\"SubjectLogonId\":\"0x3e7\",\"SubjectUserName\":\"WIN-1SJ9UPIMFKH$\",\"SubjectUserSid\":\"S-1-5-18\"},\"event_id\":4719,\"keywords\":[\"审核成功\"],\"level\":\"信息\",\"log_name\":\"Security\",\"message\":\"已>更改系统审核策略。\\n\\n主题:\\n\\t安全 ID:\\t\\tS-1-5-18\\n\\t帐户名:\\t\\tWIN-1SJ9UPIMFKH$\\n\\t帐户域:\\t\\tWORKGROUP\\n\\t登录 ID:\\t\\t0x3e7\\n\\n审核策略更改:\\n\\t类别:\\t\\t登>录/注销\\n\\t子类别:\\t\\t帐户锁定\\n\\t子类别 GUID:\\t{0CCE9217-69AE-11D9-BED3-505054503030}\\n\\t更改:\\t\\t添加失败\",\"opcode\":\"信息\",\"process\":{\"pid\":480,\"thread\":{\"id\":552}},\"provider_guid\":\"{54849625-5478-4994-A5BA-3E3B0328C30D}\",\"record_number\":\"4449\",\"source_name\":\"Microsoft-Windows-Security-Auditing\",\"timestamp\":\"2022-08-12T08:27:01+08:00\",\"type\":\"wineventlog\"}","ip":"192.168.1.19","index":"ops-yotta-20220812","source":"/data/all/0_seclog/windows_login.log","logical_index":"yotta","logtype":"json","hostname":"192-168-1-19","appname":"windows","domain":"ops","json":{"level__s__":"信息","process":{"thread":{"id__l__":552},"pid__l__":480},"event_id__l__":4719,"provider_guid__s__":"{54849625-5478-4994-A5BA-3E3B0328C30D}","record_number__s__":"4449","event_data":{"SubjectDomainName__s__":"WORKGROUP","SubcategoryGuid__s__":"{0CCE9217-69AE-11D9-BED3-505054503030}","AuditPolicyChanges__s__":"%%8451","CategoryId__s__":"%%8273","SubjectUserName__s__":"WIN-1SJ9UPIMFKH$","SubjectLogonId__s__":"0x3e7","SubcategoryId__s__":"%%12546","SubjectUserSid__s__":"S-1-5-18"},"message":{"msg":{"更改__s__":"添加失败","子类别_GUID__s__":"{0CCE9217-69AE-11D9-BED3-505054503030}","帐户域__s__":"WORKGROUP","子类别__s__":"帐户锁定","安全_ID__s__":"S-1-5-18","类别__s__":"登>录/注销"},"event__s__":"已>更改系统审核策略"},"opcode__s__":"信息","type__s__":"wineventlog","source_name__s__":"Microsoft-Windows-Security-Auditing","keywords__s__":["审核成功"],"event_name__s__":"更改审核策略事件","log_name__s__":"Security","computer_name__s__":"WIN-1SJ9UPIMFKH","user_name__s__":"WIN-1SJ9UPIMFKH$"},"context_id":1660264030984266112,"tag":["security"],"id":"AYKPcqMI57pqO5IFuq_1","raw_message_length":862,"timestamp":1660264030984}
{"agent_send_timestamp":1660264030987,"collector_recv_timestamp":1660264031176,"raw_message":"{\"computer_name\":\"WIN-1SJ9UPIMFKH\",\"event_data\":{\"AuthenticationPackageName\":\"Negotiate\",\"FailureReason\":\"%%2313\",\"IpAddress\":\"2409:8938:2435:1301:90f3:42ce:fe68:bc18\",\"IpPort\":\"52101\",\"KeyLength\":\"0\",\"LmPackageName\":\"-\",\"LogonProcessName\":\"User32 \",\"LogonType\":\"10\",\"ProcessId\":\"0x1c48\",\"ProcessName\":\"C:\\\\Windows\\\\System32\\\\winlogon.exe\",\"Status\":\"0xc000006d\",\"SubStatus\":\"0xc0000064\",\"SubjectDomainName\":\"WORKGROUP\",\"SubjectLogonId\":\"0x3e7\",\"SubjectUserName\":\"WIN-1SJ9UPIMFKH$\",\"SubjectUserSid\":\"S-1-5-18\",\"TargetDomainName\":\"WIN-1SJ9UPIMFKH\",\"TargetUserName\":\"administrator\",\"TargetUserSid\":\"S-1-0-0\",\"TransmittedServices\":\"-\",\"WorkstationName\":\"WIN-1SJ9UPIMFKH\"},\"event_id\":4625,\"keywords\":[\"审核失败\"],\"level\":\"信息\",\"log_name\":\"Security\",\"message\":\"帐户登录失败。\\n\\n主题:\\n\\t安全 ID:\\t\\tS-1-5-18\\n\\t帐户名:\\t\\tWIN-1SJ9UPIMFKH$\\n\\t帐户域:\\t\\tWORKGROUP\\n\\t登录 ID:\\t\\t0x3e7\\n\\n登录类型:\\t\\t\\t10\\n\\n>登录失败的帐户:\\n\\t安全 ID:\\t\\tS-1-0-0\\n\\t帐户名:\\t\\tAntelopeflannel\\n\\t帐户域:\\t\\tWIN-1SJ9UPIMFKH\\n\\n失败信息:\\n\\t失败原因:\\t\\t未知用户名或密码错误。\\n\\t状态:\\t\\t\\t0xc000006d\\n\\t子状态:\\t\\t0xc0000064\\n\\n进程信息:\\n\\t调用方进程 ID:\\t0x1c48\\n\\t调用方进程名:\\tC:\\\\Windows\\\\System32\\\\winlogon.exe\\n\\n网络信息:\\n\\t工作站名:\\tWIN-1SJ9UPIMFKH\\n\\t源网络地址:\\t192.168.200.254\\n\\t源端口:\\t\\t52101\\n\\n详细身份验>证信息:\\n\\t登录进程:\\t\\tUser32 \\n\\t身份验证数据包:\\tNegotiate\\n\\t传递服务:\\t-\\n\\t数据包名(仅限 NTLM):\\t-\\n\\t密钥长度:\\t\\t0\\n\\n登录请求失败时在尝试访问的计算机上生成此事件。\\n\\n“主题”字段指明本地系统上请求登录的帐户。这通常是一个服务(例如 Server 服务)或本地进程(例如 Winlogon.exe 或 Services.exe)。\\n\\n“登录类型”字段指明>发生的登录的种类。最常见的类型是 2 (交互式)和 3 (网络)。\\n\\n“进程信息”字段表明系统上的哪个帐户和进程请求了登录。\\n\\n“网络信息”字段指明远程登录请求来自哪里。“工>作站名”并非总是可用，而且在某些情况下可能会留为空白。\\n\\n“身份验证信息”字段提供>关于此特定登录请求的详细信息。\\n\\t-“传递服务”指明哪些直接服务参与了此登录请求。\\n\\t-“数据包名”指明在 NTLM 协议之间使用了哪些子协议。\\n\\t-“密钥长度”指明生成的会>话密钥的长度。如果没有请求会话密钥，则此字段为 0。\",\"opcode\":\"信息\",\"process\":{\"pid\":480,\"thread\":{\"id\":984}},\"provider_guid\":\"{54849625-5478-4994-A5BA-3E3B0328C30D}\",\"record_number\":\"4587\",\"source_name\":\"Microsoft-Windows-Security-Auditing\",\"timestamp\":\"2022-08-12T08:27:04+08:00\",\"type\":\"wineventlog\"}","ip":"192.168.1.19","index":"ops-yotta-20220812","source":"/data/all/0_seclog/windows_login.log","logical_index":"yotta","logtype":"json","hostname":"192-168-1-19","appname":"windows","domain":"ops","json":{"level__s__":"信息","process":{"thread":{"id__l__":984},"pid__l__":480},"event_id__l__":4625,"provider_guid__s__":"{54849625-5478-4994-A5BA-3E3B0328C30D}","record_number__s__":"4587","event_data":{"Status__s__":"0xc000006d","LogonType__s__":"10","SubjectDomainName__s__":"WORKGROUP","LmPackageName__s__":"-","TransmittedServices__s__":"-","TargetUserName__s__":"administrator","AuthenticationPackageName__s__":"Negotiate","SubjectUserName__s__":"WIN-1SJ9UPIMFKH$","SubStatus__s__":"0xc0000064","SubjectUserSid__s__":"S-1-5-18","IpAddress__s__":"2409:8938:2435:1301:90f3:42ce:fe68:bc18","IpPort__s__":"52101","FailureReason__s__":"%%2313","ProcessId__s__":"0x1c48","LogonProcessName__s__":"User32 ","KeyLength__s__":"0","ProcessName__s__":"C:\\Windows\\System32\\winlogon.exe","SubjectLogonId__s__":"0x3e7","TargetDomainName__s__":"WIN-1SJ9UPIMFKH","WorkstationName__s__":"WIN-1SJ9UPIMFKH","TargetUserSid__s__":"S-1-0-0"},"message":{"msg":{"状态__s__":"0xc000006d","调用方进程_ID__s__":"0x1c48","登录进程__s__":"User32","数据包名仅限_NTLM__s__":"-","工作站名__s__":"WIN-1SJ9UPIMFKH","帐户域__s__":"WORKGROUP","失败原因__s__":"未知用户名或密码错误。","源网络地址__s__":"192.168.200.254","传递服务__s__":"-","身份验证数据包__s__":"Negotiate","安全_ID__s__":"S-1-0-0"},"event__s__":"帐户登录失败"},"opcode__s__":"信息","type__s__":"wineventlog","source_name__s__":"Microsoft-Windows-Security-Auditing","keywords__s__":["审核失败"],"event_name__s__":"登录失败事件-用户名未知或密码错误","log_name__s__":"Security","computer_name__s__":"WIN-1SJ9UPIMFKH","user_name__s__":"Antelopeflannel"},"context_id":1660264030987665089,"tag":["security"],"id":"AYKPcqML57pqO5IFurBg","raw_message_length":1932,"timestamp":1660264030987}
{"agent_send_timestamp":1660264030987,"collector_recv_timestamp":1660264031172,"raw_message":"{\"computer_name\":\"WIN-1SJ9UPIMFKH\",\"event_data\":{\"AuditPolicyChanges\":\"%%8451\",\"CategoryId\":\"%%8273\",\"SubcategoryGuid\":\"{0CCE9217-69AE-11D9-BED3-505054503030}\",\"SubcategoryId\":\"%%12546\",\"SubjectDomainName\":\"WORKGROUP\",\"SubjectLogonId\":\"0x3e7\",\"SubjectUserName\":\"WIN-1SJ9UPIMFKH$\",\"SubjectUserSid\":\"S-1-5-18\"},\"event_id\":4719,\"keywords\":[\"审核成功\"],\"level\":\"信息\",\"log_name\":\"Security\",\"message\":\"已>更改系统审核策略。\\n\\n主题:\\n\\t安全 ID:\\t\\tS-1-5-18\\n\\t帐户名:\\t\\tWIN-1SJ9UPIMFKH$\\n\\t帐户域:\\t\\tWORKGROUP\\n\\t登录 ID:\\t\\t0x3e7\\n\\n审核策略更改:\\n\\t类别:\\t\\t登>录/注销\\n\\t子类别:\\t\\t帐户锁定\\n\\t子类别 GUID:\\t{0CCE9217-69AE-11D9-BED3-505054503030}\\n\\t更改:\\t\\t添加失败\",\"opcode\":\"信息\",\"process\":{\"pid\":480,\"thread\":{\"id\":552}},\"provider_guid\":\"{54849625-5478-4994-A5BA-3E3B0328C30D}\",\"record_number\":\"4449\",\"source_name\":\"Microsoft-Windows-Security-Auditing\",\"timestamp\":\"2022-08-12T08:27:03+08:00\",\"type\":\"wineventlog\"}","ip":"192.168.1.19","index":"ops-yotta-20220812","source":"/data/all/0_seclog/windows_login.log","logical_index":"yotta","logtype":"json","hostname":"192-168-1-19","appname":"windows","domain":"ops","json":{"level__s__":"信息","process":{"thread":{"id__l__":552},"pid__l__":480},"event_id__l__":4719,"provider_guid__s__":"{54849625-5478-4994-A5BA-3E3B0328C30D}","record_number__s__":"4449","event_data":{"SubjectDomainName__s__":"WORKGROUP","SubcategoryGuid__s__":"{0CCE9217-69AE-11D9-BED3-505054503030}","AuditPolicyChanges__s__":"%%8451","CategoryId__s__":"%%8273","SubjectUserName__s__":"WIN-1SJ9UPIMFKH$","SubjectLogonId__s__":"0x3e7","SubcategoryId__s__":"%%12546","SubjectUserSid__s__":"S-1-5-18"},"message":{"msg":{"更改__s__":"添加失败","子类别_GUID__s__":"{0CCE9217-69AE-11D9-BED3-505054503030}","帐户域__s__":"WORKGROUP","子类别__s__":"帐户锁定","安全_ID__s__":"S-1-5-18","类别__s__":"登>录/注销"},"event__s__":"已>更改系统审核策略"},"opcode__s__":"信息","type__s__":"wineventlog","source_name__s__":"Microsoft-Windows-Security-Auditing","keywords__s__":["审核成功"],"event_name__s__":"更改审核策略事件","log_name__s__":"Security","computer_name__s__":"WIN-1SJ9UPIMFKH","user_name__s__":"WIN-1SJ9UPIMFKH$"},"context_id":1660264030987196659,"tag":["security"],"id":"AYKPcqML57pqO5IFurBD","raw_message_length":862,"timestamp":1660264030987}
{"agent_send_timestamp":1660264030990,"collector_recv_timestamp":1660264031182,"raw_message":"{\"computer_name\":\"WIN-1SJ9UPIMFKH\",\"event_data\":{\"AuditPolicyChanges\":\"%%8451\",\"CategoryId\":\"%%8273\",\"SubcategoryGuid\":\"{0CCE9217-69AE-11D9-BED3-505054503030}\",\"SubcategoryId\":\"%%12546\",\"SubjectDomainName\":\"WORKGROUP\",\"SubjectLogonId\":\"0x3e7\",\"SubjectUserName\":\"WIN-1SJ9UPIMFKH$\",\"SubjectUserSid\":\"S-1-5-18\"},\"event_id\":4719,\"keywords\":[\"审核成功\"],\"level\":\"信息\",\"log_name\":\"Security\",\"message\":\"已>更改系统审核策略。\\n\\n主题:\\n\\t安全 ID:\\t\\tS-1-5-18\\n\\t帐户名:\\t\\tWIN-1SJ9UPIMFKH$\\n\\t帐户域:\\t\\tWORKGROUP\\n\\t登录 ID:\\t\\t0x3e7\\n\\n审核策略更改:\\n\\t类别:\\t\\t登>录/注销\\n\\t子类别:\\t\\t帐户锁定\\n\\t子类别 GUID:\\t{0CCE9217-69AE-11D9-BED3-505054503030}\\n\\t更改:\\t\\t添加失败\",\"opcode\":\"信息\",\"process\":{\"pid\":480,\"thread\":{\"id\":552}},\"provider_guid\":\"{54849625-5478-4994-A5BA-3E3B0328C30D}\",\"record_number\":\"4449\",\"source_name\":\"Microsoft-Windows-Security-Auditing\",\"timestamp\":\"2022-08-12T08:27:06+08:00\",\"type\":\"wineventlog\"}","ip":"192.168.1.19","index":"ops-yotta-20220812","source":"/data/all/0_seclog/windows_login.log","logical_index":"yotta","logtype":"json","hostname":"192-168-1-19","appname":"windows","domain":"ops","json":{"level__s__":"信息","process":{"thread":{"id__l__":552},"pid__l__":480},"event_id__l__":4719,"provider_guid__s__":"{54849625-5478-4994-A5BA-3E3B0328C30D}","record_number__s__":"4449","event_data":{"SubjectDomainName__s__":"WORKGROUP","SubcategoryGuid__s__":"{0CCE9217-69AE-11D9-BED3-505054503030}","AuditPolicyChanges__s__":"%%8451","CategoryId__s__":"%%8273","SubjectUserName__s__":"WIN-1SJ9UPIMFKH$","SubjectLogonId__s__":"0x3e7","SubcategoryId__s__":"%%12546","SubjectUserSid__s__":"S-1-5-18"},"message":{"msg":{"更改__s__":"添加失败","子类别_GUID__s__":"{0CCE9217-69AE-11D9-BED3-505054503030}","帐户域__s__":"WORKGROUP","子类别__s__":"帐户锁定","安全_ID__s__":"S-1-5-18","类别__s__":"登>录/注销"},"event__s__":"已>更改系统审核策略"},"opcode__s__":"信息","type__s__":"wineventlog","source_name__s__":"Microsoft-Windows-Security-Auditing","keywords__s__":["审核成功"],"event_name__s__":"更改审核策略事件","log_name__s__":"Security","computer_name__s__":"WIN-1SJ9UPIMFKH","user_name__s__":"WIN-1SJ9UPIMFKH$"},"context_id":1660264030990023225,"tag":["security"],"id":"AYKPcqMO57pqO5IFurCa","raw_message_length":862,"timestamp":1660264030990}
{"agent_send_timestamp":1660264030985,"collector_recv_timestamp":1660264031168,"raw_message":"{\"computer_name\":\"WIN-1SJ9UPIMFKH\",\"event_data\":{\"IpAddress\":\"240e:13:1800:100:0:0:0:122\",\"IpPort\":\"61517\",\"LogonGuid\":\"{00000000-0000-0000-0000-000000000000}\",\"ProcessId\":\"0x12c\",\"ProcessName\":\"C:\\\\Windows\\\\System32\\\\winlogon.exe\",\"SubjectDomainName\":\"WORKGROUP\",\"SubjectLogonId\":\"0x3e7\",\"SubjectUserName\":\"WIN-1SJ9UPIMFKH$\",\"SubjectUserSid\":\"S-1-5-18\",\"TargetDomainName\":\"WIN-1SJ9UPIMFKH\",\"TargetInfo\":\"localhost\",\"TargetLogonGuid\":\"{00000000-0000-0000-0000-000000000000}\",\"TargetServerName\":\"localhost\",\"TargetUserName\":\"Administrator\"},\"event_id\":4648,\"keywords\":[\"审核成功\"],\"level\":\"信息\",\"log_name\":\"Security\",\"message\":\"试图使用显式凭据登录。\\n\\n主题:\\n\\t安全 ID:\\t\\tS-1-5-18\\n\\t帐户名:\\t\\tWIN-1SJ9UPIMFKH$\\n\\t帐户域:\\t\\tWORKGROUP\\n\\t登录 ID:\\t\\t0x3e7\\n\\t登录 GUID:\\t\\t{00000000-0000-0000-0000-000000000000}\\n\\n使用了哪个帐户的凭据:\\n\\t帐户名:\\t\\tParrottulip\\n\\t帐户域:\\t\\tWIN-1SJ9UPIMFKH\\n\\t登录 GUID:\\t\\t{00000000-0000-0000-0000-000000000000}\\n\\n目标服务器:\\n\\t目标服务器名:\\tlocalhost\\n\\t附加信息:\\tlocalhost\\n\\n进程信息:\\n\\t进程 ID:\\t\\t0x12c\\n\\t进程名:\\t\\tC:\\\\Windows\\\\System32\\\\winlogon.exe\\n\\n网络信息:\\n\\t网络地址:\\t192.168.200.254\\n\\t端口:\\t\\t\\t61517\\n\\n在进程尝试通过显式指定帐户的凭据来登录>该帐户时生成此事件。这通常发生在批量类型的配置中(例如计划任务) 或者使用 RUNAS 命令时。\",\"opcode\":\"信息\",\"process\":{\"pid\":480,\"thread\":{\"id\":532}},\"provider_guid\":\"{54849625-5478-4994-A5BA-3E3B0328C30D}\",\"record_number\":\"4935\",\"source_name\":\"Microsoft-Windows-Security-Auditing\",\"timestamp\":\"2022-08-12T08:27:02+08:00\",\"type\":\"wineventlog\"}","ip":"192.168.1.19","index":"ops-yotta-20220812","source":"/data/all/0_seclog/windows_login.log","logical_index":"yotta","logtype":"json","hostname":"192-168-1-19","appname":"windows","domain":"ops","json":{"level__s__":"信息","process":{"thread":{"id__l__":532},"pid__l__":480},"event_id__l__":4648,"provider_guid__s__":"{54849625-5478-4994-A5BA-3E3B0328C30D}","record_number__s__":"4935","event_data":{"SubjectDomainName__s__":"WORKGROUP","TargetServerName__s__":"localhost","TargetUserName__s__":"Administrator","SubjectUserName__s__":"WIN-1SJ9UPIMFKH$","SubjectUserSid__s__":"S-1-5-18","TargetLogonGuid__s__":"{00000000-0000-0000-0000-000000000000}","IpAddress__s__":"240e:13:1800:100:0:0:0:122","IpPort__s__":"61517","ProcessId__s__":"0x12c","TargetInfo__s__":"localhost","ProcessName__s__":"C:\\Windows\\System32\\winlogon.exe","SubjectLogonId__s__":"0x3e7","TargetDomainName__s__":"WIN-1SJ9UPIMFKH","LogonGuid__s__":"{00000000-0000-0000-0000-000000000000}"},"message":{"msg":{"网络地址__s__":"192.168.200.254","目标服务器名__s__":"localhost","进程_ID__s__":"0x12c","帐户域__s__":"WIN-1SJ9UPIMFKH","登录_ID__s__":"0x3e7","安全_ID__s__":"S-1-5-18"},"event__s__":"试图使用显式凭据登录"},"opcode__s__":"信息","type__s__":"wineventlog","source_name__s__":"Microsoft-Windows-Security-Auditing","keywords__s__":["审核成功"],"log_name__s__":"Security","computer_name__s__":"WIN-1SJ9UPIMFKH","user_name__s__":"Parrottulip"},"context_id":1660264030985019377,"tag":["security"],"id":"AYKPcqMJ57pqO5IFurAm","raw_message_length":1406,"timestamp":1660264030985}
{"agent_send_timestamp":1660264030994,"collector_recv_timestamp":1660264031190,"raw_message":"{\"computer_name\":\"WIN-1SJ9UPIMFKH\",\"event_data\":{\"AuthenticationPackageName\":\"Negotiate\",\"FailureReason\":\"%%2313\",\"IpAddress\":\"2409:8038:2000:206f:0:0:0:1\",\"IpPort\":\"52101\",\"KeyLength\":\"0\",\"LmPackageName\":\"-\",\"LogonProcessName\":\"User32 \",\"LogonType\":\"10\",\"ProcessId\":\"0x1c48\",\"ProcessName\":\"C:\\\\Windows\\\\System32\\\\winlogon.exe\",\"Status\":\"0xc000006d\",\"SubStatus\":\"0xc0000064\",\"SubjectDomainName\":\"WORKGROUP\",\"SubjectLogonId\":\"0x3e7\",\"SubjectUserName\":\"WIN-1SJ9UPIMFKH$\",\"SubjectUserSid\":\"S-1-5-18\",\"TargetDomainName\":\"WIN-1SJ9UPIMFKH\",\"TargetUserName\":\"administrator\",\"TargetUserSid\":\"S-1-0-0\",\"TransmittedServices\":\"-\",\"WorkstationName\":\"WIN-1SJ9UPIMFKH\"},\"event_id\":4625,\"keywords\":[\"审核失败\"],\"level\":\"信息\",\"log_name\":\"Security\",\"message\":\"帐户登录失败。\\n\\n主题:\\n\\t安全 ID:\\t\\tS-1-5-18\\n\\t帐户名:\\t\\tWIN-1SJ9UPIMFKH$\\n\\t帐户域:\\t\\tWORKGROUP\\n\\t登录 ID:\\t\\t0x3e7\\n\\n登录类型:\\t\\t\\t10\\n\\n>登录失败的帐户:\\n\\t安全 ID:\\t\\tS-1-0-0\\n\\t帐户名:\\t\\tDragonobsidian\\n\\t帐户域:\\t\\tWIN-1SJ9UPIMFKH\\n\\n失败信息:\\n\\t失败原因:\\t\\t未知用户名或密码错误。\\n\\t状态:\\t\\t\\t0xc000006d\\n\\t子状态:\\t\\t0xc0000064\\n\\n进程信息:\\n\\t调用方进程 ID:\\t0x1c48\\n\\t调用方进程名:\\tC:\\\\Windows\\\\System32\\\\winlogon.exe\\n\\n网络信息:\\n\\t工作站名:\\tWIN-1SJ9UPIMFKH\\n\\t源网络地址:\\t192.168.200.254\\n\\t源端口:\\t\\t52101\\n\\n详细身份验>证信息:\\n\\t登录进程:\\t\\tUser32 \\n\\t身份验证数据包:\\tNegotiate\\n\\t传递服务:\\t-\\n\\t数据包名(仅限 NTLM):\\t-\\n\\t密钥长度:\\t\\t0\\n\\n登录请求失败时在尝试访问的计算机上生成此事件。\\n\\n“主题”字段指明本地系统上请求登录的帐户。这通常是一个服务(例如 Server 服务)或本地进程(例如 Winlogon.exe 或 Services.exe)。\\n\\n“登录类型”字段指明>发生的登录的种类。最常见的类型是 2 (交互式)和 3 (网络)。\\n\\n“进程信息”字段表明系统上的哪个帐户和进程请求了登录。\\n\\n“网络信息”字段指明远程登录请求来自哪里。“工>作站名”并非总是可用，而且在某些情况下可能会留为空白。\\n\\n“身份验证信息”字段提供>关于此特定登录请求的详细信息。\\n\\t-“传递服务”指明哪些直接服务参与了此登录请求。\\n\\t-“数据包名”指明在 NTLM 协议之间使用了哪些子协议。\\n\\t-“密钥长度”指明生成的会>话密钥的长度。如果没有请求会话密钥，则此字段为 0。\",\"opcode\":\"信息\",\"process\":{\"pid\":480,\"thread\":{\"id\":984}},\"provider_guid\":\"{54849625-5478-4994-A5BA-3E3B0328C30D}\",\"record_number\":\"4587\",\"source_name\":\"Microsoft-Windows-Security-Auditing\",\"timestamp\":\"2022-08-12T08:27:10+08:00\",\"type\":\"wineventlog\"}","ip":"192.168.1.19","index":"ops-yotta-20220812","source":"/data/all/0_seclog/windows_login.log","logical_index":"yotta","logtype":"json","hostname":"192-168-1-19","appname":"windows","domain":"ops","json":{"level__s__":"信息","process":{"thread":{"id__l__":984},"pid__l__":480},"event_id__l__":4625,"provider_guid__s__":"{54849625-5478-4994-A5BA-3E3B0328C30D}","record_number__s__":"4587","event_data":{"Status__s__":"0xc000006d","LogonType__s__":"10","SubjectDomainName__s__":"WORKGROUP","LmPackageName__s__":"-","TransmittedServices__s__":"-","TargetUserName__s__":"administrator","AuthenticationPackageName__s__":"Negotiate","SubjectUserName__s__":"WIN-1SJ9UPIMFKH$","SubStatus__s__":"0xc0000064","SubjectUserSid__s__":"S-1-5-18","IpAddress__s__":"2409:8038:2000:206f:0:0:0:1","IpPort__s__":"52101","FailureReason__s__":"%%2313","ProcessId__s__":"0x1c48","LogonProcessName__s__":"User32 ","KeyLength__s__":"0","ProcessName__s__":"C:\\Windows\\System32\\winlogon.exe","SubjectLogonId__s__":"0x3e7","TargetDomainName__s__":"WIN-1SJ9UPIMFKH","WorkstationName__s__":"WIN-1SJ9UPIMFKH","TargetUserSid__s__":"S-1-0-0"},"message":{"msg":{"状态__s__":"0xc000006d","调用方进程_ID__s__":"0x1c48","登录进程__s__":"User32","数据包名仅限_NTLM__s__":"-","工作站名__s__":"WIN-1SJ9UPIMFKH","帐户域__s__":"WORKGROUP","失败原因__s__":"未知用户名或密码错误。","源网络地址__s__":"192.168.200.254","传递服务__s__":"-","身份验证数据包__s__":"Negotiate","安全_ID__s__":"S-1-0-0"},"event__s__":"帐户登录失败"},"opcode__s__":"信息","type__s__":"wineventlog","source_name__s__":"Microsoft-Windows-Security-Auditing","keywords__s__":["审核失败"],"event_name__s__":"登录失败事件-用户名未知或密码错误","log_name__s__":"Security","computer_name__s__":"WIN-1SJ9UPIMFKH","user_name__s__":"Dragonobsidian"},"context_id":1660264030994108753,"tag":["security"],"id":"AYKPcqMS57pqO5IFurD8","raw_message_length":1919,"timestamp":1660264030994}
{"agent_send_timestamp":1660264030987,"collector_recv_timestamp":1660264031176,"raw_message":"{\"computer_name\":\"WIN-1SJ9UPIMFKH\",\"event_data\":{\"IpAddress\":\"2409:8038:2000:206f:0:0:0:1\",\"IpPort\":\"61517\",\"LogonGuid\":\"{00000000-0000-0000-0000-000000000000}\",\"ProcessId\":\"0x12c\",\"ProcessName\":\"C:\\\\Windows\\\\System32\\\\winlogon.exe\",\"SubjectDomainName\":\"WORKGROUP\",\"SubjectLogonId\":\"0x3e7\",\"SubjectUserName\":\"WIN-1SJ9UPIMFKH$\",\"SubjectUserSid\":\"S-1-5-18\",\"TargetDomainName\":\"WIN-1SJ9UPIMFKH\",\"TargetInfo\":\"localhost\",\"TargetLogonGuid\":\"{00000000-0000-0000-0000-000000000000}\",\"TargetServerName\":\"localhost\",\"TargetUserName\":\"Administrator\"},\"event_id\":4648,\"keywords\":[\"审核成功\"],\"level\":\"信息\",\"log_name\":\"Security\",\"message\":\"试图使用显式凭据登录。\\n\\n主题:\\n\\t安全 ID:\\t\\tS-1-5-18\\n\\t帐户名:\\t\\tWIN-1SJ9UPIMFKH$\\n\\t帐户域:\\t\\tWORKGROUP\\n\\t登录 ID:\\t\\t0x3e7\\n\\t登录 GUID:\\t\\t{00000000-0000-0000-0000-000000000000}\\n\\n使用了哪个帐户的凭据:\\n\\t帐户名:\\t\\tFlasherrain\\n\\t帐户域:\\t\\tWIN-1SJ9UPIMFKH\\n\\t登录 GUID:\\t\\t{00000000-0000-0000-0000-000000000000}\\n\\n目标服务器:\\n\\t目标服务器名:\\tlocalhost\\n\\t附加信息:\\tlocalhost\\n\\n进程信息:\\n\\t进程 ID:\\t\\t0x12c\\n\\t进程名:\\t\\tC:\\\\Windows\\\\System32\\\\winlogon.exe\\n\\n网络信息:\\n\\t网络地址:\\t192.168.200.254\\n\\t端口:\\t\\t\\t61517\\n\\n在进程尝试通过显式指定帐户的凭据来登录>该帐户时生成此事件。这通常发生在批量类型的配置中(例如计划任务) 或者使用 RUNAS 命令时。\",\"opcode\":\"信息\",\"process\":{\"pid\":480,\"thread\":{\"id\":532}},\"provider_guid\":\"{54849625-5478-4994-A5BA-3E3B0328C30D}\",\"record_number\":\"4935\",\"source_name\":\"Microsoft-Windows-Security-Auditing\",\"timestamp\":\"2022-08-12T08:27:05+08:00\",\"type\":\"wineventlog\"}","ip":"192.168.1.19","index":"ops-yotta-20220812","source":"/data/all/0_seclog/windows_login.log","logical_index":"yotta","logtype":"json","hostname":"192-168-1-19","appname":"windows","domain":"ops","json":{"level__s__":"信息","process":{"thread":{"id__l__":532},"pid__l__":480},"event_id__l__":4648,"provider_guid__s__":"{54849625-5478-4994-A5BA-3E3B0328C30D}","record_number__s__":"4935","event_data":{"SubjectDomainName__s__":"WORKGROUP","TargetServerName__s__":"localhost","TargetUserName__s__":"Administrator","SubjectUserName__s__":"WIN-1SJ9UPIMFKH$","SubjectUserSid__s__":"S-1-5-18","TargetLogonGuid__s__":"{00000000-0000-0000-0000-000000000000}","IpAddress__s__":"2409:8038:2000:206f:0:0:0:1","IpPort__s__":"61517","ProcessId__s__":"0x12c","TargetInfo__s__":"localhost","ProcessName__s__":"C:\\Windows\\System32\\winlogon.exe","SubjectLogonId__s__":"0x3e7","TargetDomainName__s__":"WIN-1SJ9UPIMFKH","LogonGuid__s__":"{00000000-0000-0000-0000-000000000000}"},"message":{"msg":{"网络地址__s__":"192.168.200.254","目标服务器名__s__":"localhost","进程_ID__s__":"0x12c","帐户域__s__":"WIN-1SJ9UPIMFKH","登录_ID__s__":"0x3e7","安全_ID__s__":"S-1-5-18"},"event__s__":"试图使用显式凭据登录"},"opcode__s__":"信息","type__s__":"wineventlog","source_name__s__":"Microsoft-Windows-Security-Auditing","keywords__s__":["审核成功"],"log_name__s__":"Security","computer_name__s__":"WIN-1SJ9UPIMFKH","user_name__s__":"Flasherrain"},"context_id":1660264030987733738,"tag":["security"],"id":"AYKPcqML57pqO5IFurBl","raw_message_length":1407,"timestamp":1660264030987}
{"agent_send_timestamp":1660264030989,"collector_recv_timestamp":1660264031179,"raw_message":"{\"computer_name\":\"WIN-1SJ9UPIMFKH\",\"event_data\":{\"AuthenticationPackageName\":\"Negotiate\",\"FailureReason\":\"%%2313\",\"IpAddress\":\"2409:8938:2435:1301:90f3:42ce:fe68:bc18\",\"IpPort\":\"52101\",\"KeyLength\":\"0\",\"LmPackageName\":\"-\",\"LogonProcessName\":\"User32 \",\"LogonType\":\"10\",\"ProcessId\":\"0x1c48\",\"ProcessName\":\"C:\\\\Windows\\\\System32\\\\winlogon.exe\",\"Status\":\"0xc000006d\",\"SubStatus\":\"0xc0000064\",\"SubjectDomainName\":\"WORKGROUP\",\"SubjectLogonId\":\"0x3e7\",\"SubjectUserName\":\"WIN-1SJ9UPIMFKH$\",\"SubjectUserSid\":\"S-1-5-18\",\"TargetDomainName\":\"WIN-1SJ9UPIMFKH\",\"TargetUserName\":\"administrator\",\"TargetUserSid\":\"S-1-0-0\",\"TransmittedServices\":\"-\",\"WorkstationName\":\"WIN-1SJ9UPIMFKH\"},\"event_id\":4625,\"keywords\":[\"审核失败\"],\"level\":\"信息\",\"log_name\":\"Security\",\"message\":\"帐户登录失败。\\n\\n主题:\\n\\t安全 ID:\\t\\tS-1-5-18\\n\\t帐户名:\\t\\tWIN-1SJ9UPIMFKH$\\n\\t帐户域:\\t\\tWORKGROUP\\n\\t登录 ID:\\t\\t0x3e7\\n\\n登录类型:\\t\\t\\t10\\n\\n>登录失败的帐户:\\n\\t安全 ID:\\t\\tS-1-0-0\\n\\t帐户名:\\t\\tParrottulip\\n\\t帐户域:\\t\\tWIN-1SJ9UPIMFKH\\n\\n失败信息:\\n\\t失败原因:\\t\\t未知用户名或密码错误。\\n\\t状态:\\t\\t\\t0xc000006d\\n\\t子状态:\\t\\t0xc0000064\\n\\n进程信息:\\n\\t调用方进程 ID:\\t0x1c48\\n\\t调用方进程名:\\tC:\\\\Windows\\\\System32\\\\winlogon.exe\\n\\n网络信息:\\n\\t工作站名:\\tWIN-1SJ9UPIMFKH\\n\\t源网络地址:\\t192.168.200.254\\n\\t源端口:\\t\\t52101\\n\\n详细身份验>证信息:\\n\\t登录进程:\\t\\tUser32 \\n\\t身份验证数据包:\\tNegotiate\\n\\t传递服务:\\t-\\n\\t数据包名(仅限 NTLM):\\t-\\n\\t密钥长度:\\t\\t0\\n\\n登录请求失败时在尝试访问的计算机上生成此事件。\\n\\n“主题”字段指明本地系统上请求登录的帐户。这通常是一个服务(例如 Server 服务)或本地进程(例如 Winlogon.exe 或 Services.exe)。\\n\\n“登录类型”字段指明>发生的登录的种类。最常见的类型是 2 (交互式)和 3 (网络)。\\n\\n“进程信息”字段表明系统上的哪个帐户和进程请求了登录。\\n\\n“网络信息”字段指明远程登录请求来自哪里。“工>作站名”并非总是可用，而且在某些情况下可能会留为空白。\\n\\n“身份验证信息”字段提供>关于此特定登录请求的详细信息。\\n\\t-“传递服务”指明哪些直接服务参与了此登录请求。\\n\\t-“数据包名”指明在 NTLM 协议之间使用了哪些子协议。\\n\\t-“密钥长度”指明生成的会>话密钥的长度。如果没有请求会话密钥，则此字段为 0。\",\"opcode\":\"信息\",\"process\":{\"pid\":480,\"thread\":{\"id\":984}},\"provider_guid\":\"{54849625-5478-4994-A5BA-3E3B0328C30D}\",\"record_number\":\"4587\",\"source_name\":\"Microsoft-Windows-Security-Auditing\",\"timestamp\":\"2022-08-12T08:27:05+08:00\",\"type\":\"wineventlog\"}","ip":"192.168.1.19","index":"ops-yotta-20220812","source":"/data/all/0_seclog/windows_login.log","logical_index":"yotta","logtype":"json","hostname":"192-168-1-19","appname":"windows","domain":"ops","json":{"level__s__":"信息","process":{"thread":{"id__l__":984},"pid__l__":480},"event_id__l__":4625,"provider_guid__s__":"{54849625-5478-4994-A5BA-3E3B0328C30D}","record_number__s__":"4587","event_data":{"Status__s__":"0xc000006d","LogonType__s__":"10","SubjectDomainName__s__":"WORKGROUP","LmPackageName__s__":"-","TransmittedServices__s__":"-","TargetUserName__s__":"administrator","AuthenticationPackageName__s__":"Negotiate","SubjectUserName__s__":"WIN-1SJ9UPIMFKH$","SubStatus__s__":"0xc0000064","SubjectUserSid__s__":"S-1-5-18","IpAddress__s__":"2409:8938:2435:1301:90f3:42ce:fe68:bc18","IpPort__s__":"52101","FailureReason__s__":"%%2313","ProcessId__s__":"0x1c48","LogonProcessName__s__":"User32 ","KeyLength__s__":"0","ProcessName__s__":"C:\\Windows\\System32\\winlogon.exe","SubjectLogonId__s__":"0x3e7","TargetDomainName__s__":"WIN-1SJ9UPIMFKH","WorkstationName__s__":"WIN-1SJ9UPIMFKH","TargetUserSid__s__":"S-1-0-0"},"message":{"msg":{"状态__s__":"0xc000006d","调用方进程_ID__s__":"0x1c48","登录进程__s__":"User32","数据包名仅限_NTLM__s__":"-","工作站名__s__":"WIN-1SJ9UPIMFKH","帐户域__s__":"WORKGROUP","失败原因__s__":"未知用户名或密码错误。","源网络地址__s__":"192.168.200.254","传递服务__s__":"-","身份验证数据包__s__":"Negotiate","安全_ID__s__":"S-1-0-0"},"event__s__":"帐户登录失败"},"opcode__s__":"信息","type__s__":"wineventlog","source_name__s__":"Microsoft-Windows-Security-Auditing","keywords__s__":["审核失败"],"event_name__s__":"登录失败事件-用户名未知或密码错误","log_name__s__":"Security","computer_name__s__":"WIN-1SJ9UPIMFKH","user_name__s__":"Parrottulip"},"context_id":1660264030989516049,"tag":["security"],"id":"AYKPcqMN57pqO5IFurB1","raw_message_length":1928,"timestamp":1660264030989}
{"agent_send_timestamp":1660264030991,"collector_recv_timestamp":1660264031185,"raw_message":"{\"computer_name\":\"WIN-1SJ9UPIMFKH\",\"event_data\":{\"AuthenticationPackageName\":\"Negotiate\",\"FailureReason\":\"%%2313\",\"IpAddress\":\"2409:8038:2000:206f:0:0:0:1\",\"IpPort\":\"52101\",\"KeyLength\":\"0\",\"LmPackageName\":\"-\",\"LogonProcessName\":\"User32 \",\"LogonType\":\"10\",\"ProcessId\":\"0x1c48\",\"ProcessName\":\"C:\\\\Windows\\\\System32\\\\winlogon.exe\",\"Status\":\"0xc000006d\",\"SubStatus\":\"0xc0000064\",\"SubjectDomainName\":\"WORKGROUP\",\"SubjectLogonId\":\"0x3e7\",\"SubjectUserName\":\"WIN-1SJ9UPIMFKH$\",\"SubjectUserSid\":\"S-1-5-18\",\"TargetDomainName\":\"WIN-1SJ9UPIMFKH\",\"TargetUserName\":\"administrator\",\"TargetUserSid\":\"S-1-0-0\",\"TransmittedServices\":\"-\",\"WorkstationName\":\"WIN-1SJ9UPIMFKH\"},\"event_id\":4625,\"keywords\":[\"审核失败\"],\"level\":\"信息\",\"log_name\":\"Security\",\"message\":\"帐户登录失败。\\n\\n主题:\\n\\t安全 ID:\\t\\tS-1-5-18\\n\\t帐户名:\\t\\tWIN-1SJ9UPIMFKH$\\n\\t帐户域:\\t\\tWORKGROUP\\n\\t登录 ID:\\t\\t0x3e7\\n\\n登录类型:\\t\\t\\t10\\n\\n>登录失败的帐户:\\n\\t安全 ID:\\t\\tS-1-0-0\\n\\t帐户名:\\t\\tViperscarlet\\n\\t帐户域:\\t\\tWIN-1SJ9UPIMFKH\\n\\n失败信息:\\n\\t失败原因:\\t\\t未知用户名或密码错误。\\n\\t状态:\\t\\t\\t0xc000006d\\n\\t子状态:\\t\\t0xc0000064\\n\\n进程信息:\\n\\t调用方进程 ID:\\t0x1c48\\n\\t调用方进程名:\\tC:\\\\Windows\\\\System32\\\\winlogon.exe\\n\\n网络信息:\\n\\t工作站名:\\tWIN-1SJ9UPIMFKH\\n\\t源网络地址:\\t192.168.200.254\\n\\t源端口:\\t\\t52101\\n\\n详细身份验>证信息:\\n\\t登录进程:\\t\\tUser32 \\n\\t身份验证数据包:\\tNegotiate\\n\\t传递服务:\\t-\\n\\t数据包名(仅限 NTLM):\\t-\\n\\t密钥长度:\\t\\t0\\n\\n登录请求失败时在尝试访问的计算机上生成此事件。\\n\\n“主题”字段指明本地系统上请求登录的帐户。这通常是一个服务(例如 Server 服务)或本地进程(例如 Winlogon.exe 或 Services.exe)。\\n\\n“登录类型”字段指明>发生的登录的种类。最常见的类型是 2 (交互式)和 3 (网络)。\\n\\n“进程信息”字段表明系统上的哪个帐户和进程请求了登录。\\n\\n“网络信息”字段指明远程登录请求来自哪里。“工>作站名”并非总是可用，而且在某些情况下可能会留为空白。\\n\\n“身份验证信息”字段提供>关于此特定登录请求的详细信息。\\n\\t-“传递服务”指明哪些直接服务参与了此登录请求。\\n\\t-“数据包名”指明在 NTLM 协议之间使用了哪些子协议。\\n\\t-“密钥长度”指明生成的会>话密钥的长度。如果没有请求会话密钥，则此字段为 0。\",\"opcode\":\"信息\",\"process\":{\"pid\":480,\"thread\":{\"id\":984}},\"provider_guid\":\"{54849625-5478-4994-A5BA-3E3B0328C30D}\",\"record_number\":\"4587\",\"source_name\":\"Microsoft-Windows-Security-Auditing\",\"timestamp\":\"2022-08-12T08:27:08+08:00\",\"type\":\"wineventlog\"}","ip":"192.168.1.19","index":"ops-yotta-20220812","source":"/data/all/0_seclog/windows_login.log","logical_index":"yotta","logtype":"json","hostname":"192-168-1-19","appname":"windows","domain":"ops","json":{"level__s__":"信息","process":{"thread":{"id__l__":984},"pid__l__":480},"event_id__l__":4625,"provider_guid__s__":"{54849625-5478-4994-A5BA-3E3B0328C30D}","record_number__s__":"4587","event_data":{"Status__s__":"0xc000006d","LogonType__s__":"10","SubjectDomainName__s__":"WORKGROUP","LmPackageName__s__":"-","TransmittedServices__s__":"-","TargetUserName__s__":"administrator","AuthenticationPackageName__s__":"Negotiate","SubjectUserName__s__":"WIN-1SJ9UPIMFKH$","SubStatus__s__":"0xc0000064","SubjectUserSid__s__":"S-1-5-18","IpAddress__s__":"2409:8038:2000:206f:0:0:0:1","IpPort__s__":"52101","FailureReason__s__":"%%2313","ProcessId__s__":"0x1c48","LogonProcessName__s__":"User32 ","KeyLength__s__":"0","ProcessName__s__":"C:\\Windows\\System32\\winlogon.exe","SubjectLogonId__s__":"0x3e7","TargetDomainName__s__":"WIN-1SJ9UPIMFKH","WorkstationName__s__":"WIN-1SJ9UPIMFKH","TargetUserSid__s__":"S-1-0-0"},"message":{"msg":{"状态__s__":"0xc000006d","调用方进程_ID__s__":"0x1c48","登录进程__s__":"User32","数据包名仅限_NTLM__s__":"-","工作站名__s__":"WIN-1SJ9UPIMFKH","帐户域__s__":"WORKGROUP","失败原因__s__":"未知用户名或密码错误。","源网络地址__s__":"192.168.200.254","传递服务__s__":"-","身份验证数据包__s__":"Negotiate","安全_ID__s__":"S-1-0-0"},"event__s__":"帐户登录失败"},"opcode__s__":"信息","type__s__":"wineventlog","source_name__s__":"Microsoft-Windows-Security-Auditing","keywords__s__":["审核失败"],"event_name__s__":"登录失败事件-用户名未知或密码错误","log_name__s__":"Security","computer_name__s__":"WIN-1SJ9UPIMFKH","user_name__s__":"Viperscarlet"},"context_id":1660264030991939223,"tag":["security"],"id":"AYKPcqMP57pqO5IFurDD","raw_message_length":1917,"timestamp":1660264030991}
{"agent_send_timestamp":1660264030992,"collector_recv_timestamp":1660264031187,"raw_message":"{\"computer_name\":\"WIN-1SJ9UPIMFKH\",\"event_data\":{\"AuthenticationPackageName\":\"Negotiate\",\"FailureReason\":\"%%2313\",\"IpAddress\":\"240e:13:1800:100:0:0:0:122\",\"IpPort\":\"52101\",\"KeyLength\":\"0\",\"LmPackageName\":\"-\",\"LogonProcessName\":\"User32 \",\"LogonType\":\"10\",\"ProcessId\":\"0x1c48\",\"ProcessName\":\"C:\\\\Windows\\\\System32\\\\winlogon.exe\",\"Status\":\"0xc000006d\",\"SubStatus\":\"0xc0000064\",\"SubjectDomainName\":\"WORKGROUP\",\"SubjectLogonId\":\"0x3e7\",\"SubjectUserName\":\"WIN-1SJ9UPIMFKH$\",\"SubjectUserSid\":\"S-1-5-18\",\"TargetDomainName\":\"WIN-1SJ9UPIMFKH\",\"TargetUserName\":\"administrator\",\"TargetUserSid\":\"S-1-0-0\",\"TransmittedServices\":\"-\",\"WorkstationName\":\"WIN-1SJ9UPIMFKH\"},\"event_id\":4625,\"keywords\":[\"审核失败\"],\"level\":\"信息\",\"log_name\":\"Security\",\"message\":\"帐户登录失败。\\n\\n主题:\\n\\t安全 ID:\\t\\tS-1-5-18\\n\\t帐户名:\\t\\tWIN-1SJ9UPIMFKH$\\n\\t帐户域:\\t\\tWORKGROUP\\n\\t登录 ID:\\t\\t0x3e7\\n\\n登录类型:\\t\\t\\t10\\n\\n>登录失败的帐户:\\n\\t安全 ID:\\t\\tS-1-0-0\\n\\t帐户名:\\t\\tAntelopeazure\\n\\t帐户域:\\t\\tWIN-1SJ9UPIMFKH\\n\\n失败信息:\\n\\t失败原因:\\t\\t未知用户名或密码错误。\\n\\t状态:\\t\\t\\t0xc000006d\\n\\t子状态:\\t\\t0xc0000064\\n\\n进程信息:\\n\\t调用方进程 ID:\\t0x1c48\\n\\t调用方进程名:\\tC:\\\\Windows\\\\System32\\\\winlogon.exe\\n\\n网络信息:\\n\\t工作站名:\\tWIN-1SJ9UPIMFKH\\n\\t源网络地址:\\t192.168.200.254\\n\\t源端口:\\t\\t52101\\n\\n详细身份验>证信息:\\n\\t登录进程:\\t\\tUser32 \\n\\t身份验证数据包:\\tNegotiate\\n\\t传递服务:\\t-\\n\\t数据包名(仅限 NTLM):\\t-\\n\\t密钥长度:\\t\\t0\\n\\n登录请求失败时在尝试访问的计算机上生成此事件。\\n\\n“主题”字段指明本地系统上请求登录的帐户。这通常是一个服务(例如 Server 服务)或本地进程(例如 Winlogon.exe 或 Services.exe)。\\n\\n“登录类型”字段指明>发生的登录的种类。最常见的类型是 2 (交互式)和 3 (网络)。\\n\\n“进程信息”字段表明系统上的哪个帐户和进程请求了登录。\\n\\n“网络信息”字段指明远程登录请求来自哪里。“工>作站名”并非总是可用，而且在某些情况下可能会留为空白。\\n\\n“身份验证信息”字段提供>关于此特定登录请求的详细信息。\\n\\t-“传递服务”指明哪些直接服务参与了此登录请求。\\n\\t-“数据包名”指明在 NTLM 协议之间使用了哪些子协议。\\n\\t-“密钥长度”指明生成的会>话密钥的长度。如果没有请求会话密钥，则此字段为 0。\",\"opcode\":\"信息\",\"process\":{\"pid\":480,\"thread\":{\"id\":984}},\"provider_guid\":\"{54849625-5478-4994-A5BA-3E3B0328C30D}\",\"record_number\":\"4587\",\"source_name\":\"Microsoft-Windows-Security-Auditing\",\"timestamp\":\"2022-08-12T08:27:08+08:00\",\"type\":\"wineventlog\"}","ip":"192.168.1.19","index":"ops-yotta-20220812","source":"/data/all/0_seclog/windows_login.log","logical_index":"yotta","logtype":"json","hostname":"192-168-1-19","appname":"windows","domain":"ops","json":{"level__s__":"信息","process":{"thread":{"id__l__":984},"pid__l__":480},"event_id__l__":4625,"provider_guid__s__":"{54849625-5478-4994-A5BA-3E3B0328C30D}","record_number__s__":"4587","event_data":{"Status__s__":"0xc000006d","LogonType__s__":"10","SubjectDomainName__s__":"WORKGROUP","LmPackageName__s__":"-","TransmittedServices__s__":"-","TargetUserName__s__":"administrator","AuthenticationPackageName__s__":"Negotiate","SubjectUserName__s__":"WIN-1SJ9UPIMFKH$","SubStatus__s__":"0xc0000064","SubjectUserSid__s__":"S-1-5-18","IpAddress__s__":"240e:13:1800:100:0:0:0:122","IpPort__s__":"52101","FailureReason__s__":"%%2313","ProcessId__s__":"0x1c48","LogonProcessName__s__":"User32 ","KeyLength__s__":"0","ProcessName__s__":"C:\\Windows\\System32\\winlogon.exe","SubjectLogonId__s__":"0x3e7","TargetDomainName__s__":"WIN-1SJ9UPIMFKH","WorkstationName__s__":"WIN-1SJ9UPIMFKH","TargetUserSid__s__":"S-1-0-0"},"message":{"msg":{"状态__s__":"0xc000006d","调用方进程_ID__s__":"0x1c48","登录进程__s__":"User32","数据包名仅限_NTLM__s__":"-","工作站名__s__":"WIN-1SJ9UPIMFKH","帐户域__s__":"WORKGROUP","失败原因__s__":"未知用户名或密码错误。","源网络地址__s__":"192.168.200.254","传递服务__s__":"-","身份验证数据包__s__":"Negotiate","安全_ID__s__":"S-1-0-0"},"event__s__":"帐户登录失败"},"opcode__s__":"信息","type__s__":"wineventlog","source_name__s__":"Microsoft-Windows-Security-Auditing","keywords__s__":["审核失败"],"event_name__s__":"登录失败事件-用户名未知或密码错误","log_name__s__":"Security","computer_name__s__":"WIN-1SJ9UPIMFKH","user_name__s__":"Antelopeazure"},"context_id":1660264030992194367,"tag":["security"],"id":"AYKPcqMQ57pqO5IFurDV","raw_message_length":1917,"timestamp":1660264030992}
{"agent_send_timestamp":1660264030994,"collector_recv_timestamp":1660264031191,"raw_message":"{\"computer_name\":\"WIN-1SJ9UPIMFKH\",\"event_data\":{\"AuthenticationPackageName\":\"Negotiate\",\"FailureReason\":\"%%2313\",\"IpAddress\":\"2409:8038:2000:206e:0:0:0:1\",\"IpPort\":\"52101\",\"KeyLength\":\"0\",\"LmPackageName\":\"-\",\"LogonProcessName\":\"User32 \",\"LogonType\":\"10\",\"ProcessId\":\"0x1c48\",\"ProcessName\":\"C:\\\\Windows\\\\System32\\\\winlogon.exe\",\"Status\":\"0xc000006d\",\"SubStatus\":\"0xc0000064\",\"SubjectDomainName\":\"WORKGROUP\",\"SubjectLogonId\":\"0x3e7\",\"SubjectUserName\":\"WIN-1SJ9UPIMFKH$\",\"SubjectUserSid\":\"S-1-5-18\",\"TargetDomainName\":\"WIN-1SJ9UPIMFKH\",\"TargetUserName\":\"administrator\",\"TargetUserSid\":\"S-1-0-0\",\"TransmittedServices\":\"-\",\"WorkstationName\":\"WIN-1SJ9UPIMFKH\"},\"event_id\":4625,\"keywords\":[\"审核失败\"],\"level\":\"信息\",\"log_name\":\"Security\",\"message\":\"帐户登录失败。\\n\\n主题:\\n\\t安全 ID:\\t\\tS-1-5-18\\n\\t帐户名:\\t\\tWIN-1SJ9UPIMFKH$\\n\\t帐户域:\\t\\tWORKGROUP\\n\\t登录 ID:\\t\\t0x3e7\\n\\n登录类型:\\t\\t\\t10\\n\\n>登录失败的帐户:\\n\\t安全 ID:\\t\\tS-1-0-0\\n\\t帐户名:\\t\\tParrottulip\\n\\t帐户域:\\t\\tWIN-1SJ9UPIMFKH\\n\\n失败信息:\\n\\t失败原因:\\t\\t未知用户名或密码错误。\\n\\t状态:\\t\\t\\t0xc000006d\\n\\t子状态:\\t\\t0xc0000064\\n\\n进程信息:\\n\\t调用方进程 ID:\\t0x1c48\\n\\t调用方进程名:\\tC:\\\\Windows\\\\System32\\\\winlogon.exe\\n\\n网络信息:\\n\\t工作站名:\\tWIN-1SJ9UPIMFKH\\n\\t源网络地址:\\t192.168.200.254\\n\\t源端口:\\t\\t52101\\n\\n详细身份验>证信息:\\n\\t登录进程:\\t\\tUser32 \\n\\t身份验证数据包:\\tNegotiate\\n\\t传递服务:\\t-\\n\\t数据包名(仅限 NTLM):\\t-\\n\\t密钥长度:\\t\\t0\\n\\n登录请求失败时在尝试访问的计算机上生成此事件。\\n\\n“主题”字段指明本地系统上请求登录的帐户。这通常是一个服务(例如 Server 服务)或本地进程(例如 Winlogon.exe 或 Services.exe)。\\n\\n“登录类型”字段指明>发生的登录的种类。最常见的类型是 2 (交互式)和 3 (网络)。\\n\\n“进程信息”字段表明系统上的哪个帐户和进程请求了登录。\\n\\n“网络信息”字段指明远程登录请求来自哪里。“工>作站名”并非总是可用，而且在某些情况下可能会留为空白。\\n\\n“身份验证信息”字段提供>关于此特定登录请求的详细信息。\\n\\t-“传递服务”指明哪些直接服务参与了此登录请求。\\n\\t-“数据包名”指明在 NTLM 协议之间使用了哪些子协议。\\n\\t-“密钥长度”指明生成的会>话密钥的长度。如果没有请求会话密钥，则此字段为 0。\",\"opcode\":\"信息\",\"process\":{\"pid\":480,\"thread\":{\"id\":984}},\"provider_guid\":\"{54849625-5478-4994-A5BA-3E3B0328C30D}\",\"record_number\":\"4587\",\"source_name\":\"Microsoft-Windows-Security-Auditing\",\"timestamp\":\"2022-08-12T08:27:10+08:00\",\"type\":\"wineventlog\"}","ip":"192.168.1.19","index":"ops-yotta-20220812","source":"/data/all/0_seclog/windows_login.log","logical_index":"yotta","logtype":"json","hostname":"192-168-1-19","appname":"windows","domain":"ops","json":{"level__s__":"信息","process":{"thread":{"id__l__":984},"pid__l__":480},"event_id__l__":4625,"provider_guid__s__":"{54849625-5478-4994-A5BA-3E3B0328C30D}","record_number__s__":"4587","event_data":{"Status__s__":"0xc000006d","LogonType__s__":"10","SubjectDomainName__s__":"WORKGROUP","LmPackageName__s__":"-","TransmittedServices__s__":"-","TargetUserName__s__":"administrator","AuthenticationPackageName__s__":"Negotiate","SubjectUserName__s__":"WIN-1SJ9UPIMFKH$","SubStatus__s__":"0xc0000064","SubjectUserSid__s__":"S-1-5-18","IpAddress__s__":"2409:8038:2000:206e:0:0:0:1","IpPort__s__":"52101","FailureReason__s__":"%%2313","ProcessId__s__":"0x1c48","LogonProcessName__s__":"User32 ","KeyLength__s__":"0","ProcessName__s__":"C:\\Windows\\System32\\winlogon.exe","SubjectLogonId__s__":"0x3e7","TargetDomainName__s__":"WIN-1SJ9UPIMFKH","WorkstationName__s__":"WIN-1SJ9UPIMFKH","TargetUserSid__s__":"S-1-0-0"},"message":{"msg":{"状态__s__":"0xc000006d","调用方进程_ID__s__":"0x1c48","登录进程__s__":"User32","数据包名仅限_NTLM__s__":"-","工作站名__s__":"WIN-1SJ9UPIMFKH","帐户域__s__":"WORKGROUP","失败原因__s__":"未知用户名或密码错误。","源网络地址__s__":"192.168.200.254","传递服务__s__":"-","身份验证数据包__s__":"Negotiate","安全_ID__s__":"S-1-0-0"},"event__s__":"帐户登录失败"},"opcode__s__":"信息","type__s__":"wineventlog","source_name__s__":"Microsoft-Windows-Security-Auditing","keywords__s__":["审核失败"],"event_name__s__":"登录失败事件-用户名未知或密码错误","log_name__s__":"Security","computer_name__s__":"WIN-1SJ9UPIMFKH","user_name__s__":"Parrottulip"},"context_id":1660264030994453335,"tag":["security"],"id":"AYKPcqMS57pqO5IFurEX","raw_message_length":1916,"timestamp":1660264030994}
