{"agent_send_timestamp":1660264061036,"collector_recv_timestamp":1660264062035,"raw_message":"{\"computer_name\":\"WIN-1SJ9UPIMFKH\",\"event_data\":{\"AuthenticationPackageName\":\"Negotiate\",\"FailureReason\":\"%%2313\",\"IpAddress\":\"2409:8038:2000:206e:0:0:0:1\",\"IpPort\":\"52101\",\"KeyLength\":\"0\",\"LmPackageName\":\"-\",\"LogonProcessName\":\"User32 \",\"LogonType\":\"10\",\"ProcessId\":\"0x1c48\",\"ProcessName\":\"C:\\\\Windows\\\\System32\\\\winlogon.exe\",\"Status\":\"0xc000006d\",\"SubStatus\":\"0xc0000064\",\"SubjectDomainName\":\"WORKGROUP\",\"SubjectLogonId\":\"0x3e7\",\"SubjectUserName\":\"WIN-1SJ9UPIMFKH$\",\"SubjectUserSid\":\"S-1-5-18\",\"TargetDomainName\":\"WIN-1SJ9UPIMFKH\",\"TargetUserName\":\"administrator\",\"TargetUserSid\":\"S-1-0-0\",\"TransmittedServices\":\"-\",\"WorkstationName\":\"WIN-1SJ9UPIMFKH\"},\"event_id\":4625,\"keywords\":[\"审核失败\"],\"level\":\"信息\",\"log_name\":\"Security\",\"message\":\"帐户登录失败。\\n\\n主题:\\n\\t安全 ID:\\t\\tS-1-5-18\\n\\t帐户名:\\t\\tWIN-1SJ9UPIMFKH$\\n\\t帐户域:\\t\\tWORKGROUP\\n\\t登录 ID:\\t\\t0x3e7\\n\\n登录类型:\\t\\t\\t10\\n\\n>登录失败的帐户:\\n\\t安全 ID:\\t\\tS-1-0-0\\n\\t帐户名:\\t\\tViperscarlet\\n\\t帐户域:\\t\\tWIN-1SJ9UPIMFKH\\n\\n失败信息:\\n\\t失败原因:\\t\\t未知用户名或密码错误。\\n\\t状态:\\t\\t\\t0xc000006d\\n\\t子状态:\\t\\t0xc0000064\\n\\n进程信息:\\n\\t调用方进程 ID:\\t0x1c48\\n\\t调用方进程名:\\tC:\\\\Windows\\\\System32\\\\winlogon.exe\\n\\n网络信息:\\n\\t工作站名:\\tWIN-1SJ9UPIMFKH\\n\\t源网络地址:\\t192.168.200.254\\n\\t源端口:\\t\\t52101\\n\\n详细身份验>证信息:\\n\\t登录进程:\\t\\tUser32 \\n\\t身份验证数据包:\\tNegotiate\\n\\t传递服务:\\t-\\n\\t数据包名(仅限 NTLM):\\t-\\n\\t密钥长度:\\t\\t0\\n\\n登录请求失败时在尝试访问的计算机上生成此事件。\\n\\n“主题”字段指明本地系统上请求登录的帐户。这通常是一个服务(例如 Server 服务)或本地进程(例如 Winlogon.exe 或 Services.exe)。\\n\\n“登录类型”字段指明>发生的登录的种类。最常见的类型是 2 (交互式)和 3 (网络)。\\n\\n“进程信息”字段表明系统上的哪个帐户和进程请求了登录。\\n\\n“网络信息”字段指明远程登录请求来自哪里。“工>作站名”并非总是可用，而且在某些情况下可能会留为空白。\\n\\n“身份验证信息”字段提供>关于此特定登录请求的详细信息。\\n\\t-“传递服务”指明哪些直接服务参与了此登录请求。\\n\\t-“数据包名”指明在 NTLM 协议之间使用了哪些子协议。\\n\\t-“密钥长度”指明生成的会>话密钥的长度。如果没有请求会话密钥，则此字段为 0。\",\"opcode\":\"信息\",\"process\":{\"pid\":480,\"thread\":{\"id\":984}},\"provider_guid\":\"{54849625-5478-4994-A5BA-3E3B0328C30D}\",\"record_number\":\"4587\",\"source_name\":\"Microsoft-Windows-Security-Auditing\",\"timestamp\":\"2022-08-12T08:27:40+08:00\",\"type\":\"wineventlog\"}","ip":"192.168.1.19","index":"ops-yotta-20220812","source":"/data/all/0_seclog/windows_login.log","logical_index":"yotta","logtype":"json","hostname":"192-168-1-19","appname":"windows","domain":"ops","json":{"level__s__":"信息","process":{"thread":{"id__l__":984},"pid__l__":480},"event_id__l__":4625,"provider_guid__s__":"{54849625-5478-4994-A5BA-3E3B0328C30D}","record_number__s__":"4587","event_data":{"Status__s__":"0xc000006d","LogonType__s__":"10","SubjectDomainName__s__":"WORKGROUP","LmPackageName__s__":"-","TransmittedServices__s__":"-","TargetUserName__s__":"administrator","AuthenticationPackageName__s__":"Negotiate","SubjectUserName__s__":"WIN-1SJ9UPIMFKH$","SubStatus__s__":"0xc0000064","SubjectUserSid__s__":"S-1-5-18","IpAddress__s__":"2409:8038:2000:206e:0:0:0:1","IpPort__s__":"52101","FailureReason__s__":"%%2313","ProcessId__s__":"0x1c48","LogonProcessName__s__":"User32 ","KeyLength__s__":"0","ProcessName__s__":"C:\\Windows\\System32\\winlogon.exe","SubjectLogonId__s__":"0x3e7","TargetDomainName__s__":"WIN-1SJ9UPIMFKH","WorkstationName__s__":"WIN-1SJ9UPIMFKH","TargetUserSid__s__":"S-1-0-0"},"message":{"msg":{"状态__s__":"0xc000006d","调用方进程_ID__s__":"0x1c48","登录进程__s__":"User32","数据包名仅限_NTLM__s__":"-","工作站名__s__":"WIN-1SJ9UPIMFKH","帐户域__s__":"WORKGROUP","失败原因__s__":"未知用户名或密码错误。","源网络地址__s__":"192.168.200.254","传递服务__s__":"-","身份验证数据包__s__":"Negotiate","安全_ID__s__":"S-1-0-0"},"event__s__":"帐户登录失败"},"opcode__s__":"信息","type__s__":"wineventlog","source_name__s__":"Microsoft-Windows-Security-Auditing","keywords__s__":["审核失败"],"event_name__s__":"登录失败事件-用户名未知或密码错误","log_name__s__":"Security","computer_name__s__":"WIN-1SJ9UPIMFKH","user_name__s__":"Viperscarlet"},"context_id":1660264061036333397,"tag":["security"],"id":"AYKPcxhs57pqO5IFurSu","raw_message_length":1917,"timestamp":1660264061036}
{"agent_send_timestamp":1660264061036,"collector_recv_timestamp":1660264062035,"raw_message":"{\"computer_name\":\"WIN-1SJ9UPIMFKH\",\"event_data\":{\"IpAddress\":\"240e:13:1800:100:0:0:0:122\",\"IpPort\":\"61517\",\"LogonGuid\":\"{00000000-0000-0000-0000-000000000000}\",\"ProcessId\":\"0x12c\",\"ProcessName\":\"C:\\\\Windows\\\\System32\\\\winlogon.exe\",\"SubjectDomainName\":\"WORKGROUP\",\"SubjectLogonId\":\"0x3e7\",\"SubjectUserName\":\"WIN-1SJ9UPIMFKH$\",\"SubjectUserSid\":\"S-1-5-18\",\"TargetDomainName\":\"WIN-1SJ9UPIMFKH\",\"TargetInfo\":\"localhost\",\"TargetLogonGuid\":\"{00000000-0000-0000-0000-000000000000}\",\"TargetServerName\":\"localhost\",\"TargetUserName\":\"Administrator\"},\"event_id\":4648,\"keywords\":[\"审核成功\"],\"level\":\"信息\",\"log_name\":\"Security\",\"message\":\"试图使用显式凭据登录。\\n\\n主题:\\n\\t安全 ID:\\t\\tS-1-5-18\\n\\t帐户名:\\t\\tWIN-1SJ9UPIMFKH$\\n\\t帐户域:\\t\\tWORKGROUP\\n\\t登录 ID:\\t\\t0x3e7\\n\\t登录 GUID:\\t\\t{00000000-0000-0000-0000-000000000000}\\n\\n使用了哪个帐户的凭据:\\n\\t帐户名:\\t\\tDragonobsidian\\n\\t帐户域:\\t\\tWIN-1SJ9UPIMFKH\\n\\t登录 GUID:\\t\\t{00000000-0000-0000-0000-000000000000}\\n\\n目标服务器:\\n\\t目标服务器名:\\tlocalhost\\n\\t附加信息:\\tlocalhost\\n\\n进程信息:\\n\\t进程 ID:\\t\\t0x12c\\n\\t进程名:\\t\\tC:\\\\Windows\\\\System32\\\\winlogon.exe\\n\\n网络信息:\\n\\t网络地址:\\t192.168.200.254\\n\\t端口:\\t\\t\\t61517\\n\\n在进程尝试通过显式指定帐户的凭据来登录>该帐户时生成此事件。这通常发生在批量类型的配置中(例如计划任务) 或者使用 RUNAS 命令时。\",\"opcode\":\"信息\",\"process\":{\"pid\":480,\"thread\":{\"id\":532}},\"provider_guid\":\"{54849625-5478-4994-A5BA-3E3B0328C30D}\",\"record_number\":\"4935\",\"source_name\":\"Microsoft-Windows-Security-Auditing\",\"timestamp\":\"2022-08-12T08:27:40+08:00\",\"type\":\"wineventlog\"}","ip":"192.168.1.19","index":"ops-yotta-20220812","source":"/data/all/0_seclog/windows_login.log","logical_index":"yotta","logtype":"json","hostname":"192-168-1-19","appname":"windows","domain":"ops","json":{"level__s__":"信息","process":{"thread":{"id__l__":532},"pid__l__":480},"event_id__l__":4648,"provider_guid__s__":"{54849625-5478-4994-A5BA-3E3B0328C30D}","record_number__s__":"4935","event_data":{"SubjectDomainName__s__":"WORKGROUP","TargetServerName__s__":"localhost","TargetUserName__s__":"Administrator","SubjectUserName__s__":"WIN-1SJ9UPIMFKH$","SubjectUserSid__s__":"S-1-5-18","TargetLogonGuid__s__":"{00000000-0000-0000-0000-000000000000}","IpAddress__s__":"240e:13:1800:100:0:0:0:122","IpPort__s__":"61517","ProcessId__s__":"0x12c","TargetInfo__s__":"localhost","ProcessName__s__":"C:\\Windows\\System32\\winlogon.exe","SubjectLogonId__s__":"0x3e7","TargetDomainName__s__":"WIN-1SJ9UPIMFKH","LogonGuid__s__":"{00000000-0000-0000-0000-000000000000}"},"message":{"msg":{"网络地址__s__":"192.168.200.254","目标服务器名__s__":"localhost","进程_ID__s__":"0x12c","帐户域__s__":"WIN-1SJ9UPIMFKH","登录_ID__s__":"0x3e7","安全_ID__s__":"S-1-5-18"},"event__s__":"试图使用显式凭据登录"},"opcode__s__":"信息","type__s__":"wineventlog","source_name__s__":"Microsoft-Windows-Security-Auditing","keywords__s__":["审核成功"],"log_name__s__":"Security","computer_name__s__":"WIN-1SJ9UPIMFKH","user_name__s__":"Dragonobsidian"},"context_id":1660264061036395185,"tag":["security"],"id":"AYKPcxhs57pqO5IFurSz","raw_message_length":1409,"timestamp":1660264061036}
{"agent_send_timestamp":1660264064510,"collector_recv_timestamp":1660264066617,"raw_message":"2022-08-12T08:27:40-04:00 ops-sys-001 : %ASA-6-302013: Built inbound TCP connection 690956322 for outside:172.16.1.7/53974 (117.25.82.159/53974) to UDMZ2:2409:8038:2000:206e:0:0:0:1/21 (117.25.82.159/443)","ip":"192.168.1.19","index":"ops-yotta-20220812","source":"/data/all/0_seclog/firewall_access_INtoOUT.log","logical_index":"yotta","logtype":"firewall","hostname":"192-168-1-19","appname":"firewall","firewall":{"description__s__":"Informational messages only","dst_zone__s__":"UDMZ2","dst_port__s__":"21","log_level__s__":"6","severity_level__s__":"informational","message_id__s__":"302013","desc__s__":"允许匿名的上传下载,爆破,嗅探,win提权,远程执行(proftpd 1.3.5),各类后门(proftpd,vsftp 2.3.4)","event_name__s__":"防火墙连接成功事件","msg信息__s__":"Built inbound TCP connection 690956322 for outside:172.16.1.7/53974 (117.25.82.159/53974) to UDMZ2:2409:8038:2000:206e:0:0:0:1/21 (117.25.82.159/443)","session_id__s__":"690956322","src_translated_ip__s__":"117.25.82.159","action__s__":"Built","src":{"geo":{"isp__s__":"private","country__s__":"private","ip__s__":"172.16.1.7","province__s__":"private","city__s__":"private"}},"Cisco_ASA_message_id__s__":"302013","src_port__s__":"53974","dst_ipv6__s__":"2409:8038:2000:206e:0:0:0:1","src_user__s__":"null","service__s__":"FTP（文件传输协议）","vendor_action__s__":"Built","transport__s__":"TCP","src_translated_port__s__":"53974","src_nt_domain__s__":"null","src_ip__s__":"172.16.1.7","Cisco_ASA_vendor_action__s__":"Built","src_zone__s__":"outside","direction__s__":"inbound"},"domain":"ops","context_id":1660264064510088633,"tag":["cisco_asa"],"id":"AYKPcyX-57pqO5IFurTH","raw_message_length":204,"timestamp":1660264064510}
{"agent_send_timestamp":1660264060187,"collector_recv_timestamp":1660264066952,"raw_message":"{\"computer_name\":\"DC.rizhiyi.com\",\"event_data\":{\"DestinationHostname\":\"-\",\"DestinationIp\":\"192.168.1.19\",\"DestinationIsIpv6\":\"false\",\"DestinationPort\":\"8080\",\"DestinationPortName\":\"-\",\"Image\":\"C:\\\\Program Files (x86)\\\\Heka\\\\bin\\\\hekad-daemon.exe\",\"Initiated\":\"true\",\"ProcessGuid\":\"{97A25889-8118-62B9-3F00-000000002000}\",\"ProcessId\":\"3744\",\"Protocol\":\"tcp\",\"RuleName\":\"technique_id=T1043,technique_name=Commonly Used Port\",\"SourceHostname\":\"-\",\"SourceIp\":\"192.168.0.251\",\"SourceIsIpv6\":\"false\",\"SourcePort\":\"55422\",\"SourcePortName\":\"-\",\"User\":\"NT AUTHORITY\\\\SYSTEM\",\"UtcTime\":\"2022-08-12 00:24:21.135\"},\"event_id\":\"3\",\"level\":\"信息\",\"log_name\":\"Microsoft-Windows-Sysmon/Operational\",\"message\":\"Network connection detected:\\nRuleName: technique_id=T1043,technique_name=Commonly Used Port\\nUtcTime: 2022-08-12 00:24:21.135\\nProcessGuid: {97A25889-8118-62B9-3F00-000000002000}\\nProcessId: 3744\\nImage: C:\\\\Program Files (x86)\\\\Heka\\\\bin\\\\hekad-daemon.exe\\nUser: NT AUTHORITY\\\\SYSTEM\\nProtocol: tcp\\nInitiated: true\\nSourceIsIpv6: false\\nSourceIp: 192.168.0.251\\nSourceHostname: -\\nSourcePort: 55422\\nSourcePortName: -\\nDestinationIsIpv6: false\\nDestinationIp: 192.168.1.19\\nDestinationHostname: -\\nDestinationPort: 8080\\nDestinationPortName: -\",\"opcode\":\"信息\",\"process\":{\"pid\":2516,\"thread\":{\"id\":3168}},\"provider_guid\":\"{5770385F-C22A-43E0-BF4C-06F5698FFBD9}\",\"record_number\":\"2856697\",\"source_name\":\"Microsoft-Windows-Sysmon\",\"timestamp\":\"2022-08-12T08:27:35+08:00\",\"type\":\"wineventlog\",\"user\":{\"domain\":\"NT AUTHORITY\",\"identifier\":\"S-1-5-18\",\"name\":\"SYSTEM\",\"type\":\"User\"},\"version\":5}","ip":"192.168.0.251","index":"ops-yotta-20220812","logical_index":"yotta","logtype":"json","hostname":"DC","appname":"windows","domain":"ops","json":{"level__s__":"信息","process":{"thread":{"id__l__":3168},"pid__l__":2516},"message__s__":"Network connection detected:\nRuleName: technique_id=T1043,technique_name=Commonly Used Port\nUtcTime: 2022-08-12 00:24:21.135\nProcessGuid: {97A25889-8118-62B9-3F00-000000002000}\nProcessId: 3744\nImage: C:\\Program Files (x86)\\Heka\\bin\\hekad-daemon.exe\nUser: NT AUTHORITY\\SYSTEM\nProtocol: tcp\nInitiated: true\nSourceIsIpv6: false\nSourceIp: 192.168.0.251\nSourceHostname: -\nSourcePort: 55422\nSourcePortName: -\nDestinationIsIpv6: false\nDestinationIp: 192.168.1.19\nDestinationHostname: -\nDestinationPort: 8080\nDestinationPortName: -","event_id__l__":3,"provider_guid__s__":"{5770385F-C22A-43E0-BF4C-06F5698FFBD9}","record_number__s__":"2856697","event_data":{"SourceIp__s__":"192.168.0.251","Initiated__s__":"true","SourcePort__s__":"55422","User__s__":"NT AUTHORITY\\SYSTEM","DestinationHostname__s__":"-","SourceIsIpv6__s__":"false","DestinationPort__s__":"8080","SourcePortName__s__":"-","Image__s__":"C:\\Program Files (x86)\\Heka\\bin\\hekad-daemon.exe","SourceHostname__s__":"-","ProcessGuid__s__":"{97A25889-8118-62B9-3F00-000000002000}","DestinationIp__s__":"192.168.1.19","ProcessId__s__":"3744","UtcTime__s__":"2022-08-12 00:24:21.135","DestinationPortName__s__":"-","DestinationIsIpv6__s__":"false","RuleName__s__":"technique_id=T1043,technique_name=Commonly Used Port","Protocol__s__":"tcp"},"version__l__":5,"opcode__s__":"信息","type__s__":"wineventlog","source_name__s__":"Microsoft-Windows-Sysmon","log_name__s__":"Microsoft-Windows-Sysmon/Operational","computer_name__s__":"DC.rizhiyi.com","user":{"domain__s__":"NT AUTHORITY","type__s__":"User","identifier__s__":"S-1-5-18","name__s__":"SYSTEM"}},"context_id":1660264060187135500,"tag":["sysmon"],"id":"AYKPcxUbbLt5qNElpP73","raw_message_length":1582,"timestamp":1660264055548}
{"agent_send_timestamp":1660264071038,"collector_recv_timestamp":1660264071761,"raw_message":"{\"computer_name\":\"WIN-1SJ9UPIMFKH\",\"event_data\":{\"AuditPolicyChanges\":\"%%8451\",\"CategoryId\":\"%%8273\",\"SubcategoryGuid\":\"{0CCE9217-69AE-11D9-BED3-505054503030}\",\"SubcategoryId\":\"%%12546\",\"SubjectDomainName\":\"WORKGROUP\",\"SubjectLogonId\":\"0x3e7\",\"SubjectUserName\":\"WIN-1SJ9UPIMFKH$\",\"SubjectUserSid\":\"S-1-5-18\"},\"event_id\":4719,\"keywords\":[\"审核成功\"],\"level\":\"信息\",\"log_name\":\"Security\",\"message\":\"已>更改系统审核策略。\\n\\n主题:\\n\\t安全 ID:\\t\\tS-1-5-18\\n\\t帐户名:\\t\\tWIN-1SJ9UPIMFKH$\\n\\t帐户域:\\t\\tWORKGROUP\\n\\t登录 ID:\\t\\t0x3e7\\n\\n审核策略更改:\\n\\t类别:\\t\\t登>录/注销\\n\\t子类别:\\t\\t帐户锁定\\n\\t子类别 GUID:\\t{0CCE9217-69AE-11D9-BED3-505054503030}\\n\\t更改:\\t\\t添加失败\",\"opcode\":\"信息\",\"process\":{\"pid\":480,\"thread\":{\"id\":552}},\"provider_guid\":\"{54849625-5478-4994-A5BA-3E3B0328C30D}\",\"record_number\":\"4449\",\"source_name\":\"Microsoft-Windows-Security-Auditing\",\"timestamp\":\"2022-08-12T08:27:42+08:00\",\"type\":\"wineventlog\"}","ip":"192.168.1.19","index":"ops-yotta-20220812","source":"/data/all/0_seclog/windows_login.log","logical_index":"yotta","logtype":"json","hostname":"192-168-1-19","appname":"windows","domain":"ops","json":{"level__s__":"信息","process":{"thread":{"id__l__":552},"pid__l__":480},"event_id__l__":4719,"provider_guid__s__":"{54849625-5478-4994-A5BA-3E3B0328C30D}","record_number__s__":"4449","event_data":{"SubjectDomainName__s__":"WORKGROUP","SubcategoryGuid__s__":"{0CCE9217-69AE-11D9-BED3-505054503030}","AuditPolicyChanges__s__":"%%8451","CategoryId__s__":"%%8273","SubjectUserName__s__":"WIN-1SJ9UPIMFKH$","SubjectLogonId__s__":"0x3e7","SubcategoryId__s__":"%%12546","SubjectUserSid__s__":"S-1-5-18"},"message":{"msg":{"更改__s__":"添加失败","子类别_GUID__s__":"{0CCE9217-69AE-11D9-BED3-505054503030}","帐户域__s__":"WORKGROUP","子类别__s__":"帐户锁定","安全_ID__s__":"S-1-5-18","类别__s__":"登>录/注销"},"event__s__":"已>更改系统审核策略"},"opcode__s__":"信息","type__s__":"wineventlog","source_name__s__":"Microsoft-Windows-Security-Auditing","keywords__s__":["审核成功"],"event_name__s__":"更改审核策略事件","log_name__s__":"Security","computer_name__s__":"WIN-1SJ9UPIMFKH","user_name__s__":"WIN-1SJ9UPIMFKH$"},"context_id":1660264071038168907,"tag":["security"],"id":"AYKPcz9-57pqO5IFurUA","raw_message_length":862,"timestamp":1660264071038}
{"agent_send_timestamp":1660264071040,"collector_recv_timestamp":1660264071764,"raw_message":"{\"computer_name\":\"WIN-1SJ9UPIMFKH\",\"event_data\":{\"AuthenticationPackageName\":\"Negotiate\",\"FailureReason\":\"%%2313\",\"IpAddress\":\"2409:8038:2000:1106:0:0:0:1\",\"IpPort\":\"52101\",\"KeyLength\":\"0\",\"LmPackageName\":\"-\",\"LogonProcessName\":\"User32 \",\"LogonType\":\"10\",\"ProcessId\":\"0x1c48\",\"ProcessName\":\"C:\\\\Windows\\\\System32\\\\winlogon.exe\",\"Status\":\"0xc000006d\",\"SubStatus\":\"0xc0000064\",\"SubjectDomainName\":\"WORKGROUP\",\"SubjectLogonId\":\"0x3e7\",\"SubjectUserName\":\"WIN-1SJ9UPIMFKH$\",\"SubjectUserSid\":\"S-1-5-18\",\"TargetDomainName\":\"WIN-1SJ9UPIMFKH\",\"TargetUserName\":\"administrator\",\"TargetUserSid\":\"S-1-0-0\",\"TransmittedServices\":\"-\",\"WorkstationName\":\"WIN-1SJ9UPIMFKH\"},\"event_id\":4625,\"keywords\":[\"审核失败\"],\"level\":\"信息\",\"log_name\":\"Security\",\"message\":\"帐户登录失败。\\n\\n主题:\\n\\t安全 ID:\\t\\tS-1-5-18\\n\\t帐户名:\\t\\tWIN-1SJ9UPIMFKH$\\n\\t帐户域:\\t\\tWORKGROUP\\n\\t登录 ID:\\t\\t0x3e7\\n\\n登录类型:\\t\\t\\t10\\n\\n>登录失败的帐户:\\n\\t安全 ID:\\t\\tS-1-0-0\\n\\t帐户名:\\t\\tParrottulip\\n\\t帐户域:\\t\\tWIN-1SJ9UPIMFKH\\n\\n失败信息:\\n\\t失败原因:\\t\\t未知用户名或密码错误。\\n\\t状态:\\t\\t\\t0xc000006d\\n\\t子状态:\\t\\t0xc0000064\\n\\n进程信息:\\n\\t调用方进程 ID:\\t0x1c48\\n\\t调用方进程名:\\tC:\\\\Windows\\\\System32\\\\winlogon.exe\\n\\n网络信息:\\n\\t工作站名:\\tWIN-1SJ9UPIMFKH\\n\\t源网络地址:\\t192.168.200.254\\n\\t源端口:\\t\\t52101\\n\\n详细身份验>证信息:\\n\\t登录进程:\\t\\tUser32 \\n\\t身份验证数据包:\\tNegotiate\\n\\t传递服务:\\t-\\n\\t数据包名(仅限 NTLM):\\t-\\n\\t密钥长度:\\t\\t0\\n\\n登录请求失败时在尝试访问的计算机上生成此事件。\\n\\n“主题”字段指明本地系统上请求登录的帐户。这通常是一个服务(例如 Server 服务)或本地进程(例如 Winlogon.exe 或 Services.exe)。\\n\\n“登录类型”字段指明>发生的登录的种类。最常见的类型是 2 (交互式)和 3 (网络)。\\n\\n“进程信息”字段表明系统上的哪个帐户和进程请求了登录。\\n\\n“网络信息”字段指明远程登录请求来自哪里。“工>作站名”并非总是可用，而且在某些情况下可能会留为空白。\\n\\n“身份验证信息”字段提供>关于此特定登录请求的详细信息。\\n\\t-“传递服务”指明哪些直接服务参与了此登录请求。\\n\\t-“数据包名”指明在 NTLM 协议之间使用了哪些子协议。\\n\\t-“密钥长度”指明生成的会>话密钥的长度。如果没有请求会话密钥，则此字段为 0。\",\"opcode\":\"信息\",\"process\":{\"pid\":480,\"thread\":{\"id\":984}},\"provider_guid\":\"{54849625-5478-4994-A5BA-3E3B0328C30D}\",\"record_number\":\"4587\",\"source_name\":\"Microsoft-Windows-Security-Auditing\",\"timestamp\":\"2022-08-12T08:27:43+08:00\",\"type\":\"wineventlog\"}","ip":"192.168.1.19","index":"ops-yotta-20220812","source":"/data/all/0_seclog/windows_login.log","logical_index":"yotta","logtype":"json","hostname":"192-168-1-19","appname":"windows","domain":"ops","json":{"level__s__":"信息","process":{"thread":{"id__l__":984},"pid__l__":480},"event_id__l__":4625,"provider_guid__s__":"{54849625-5478-4994-A5BA-3E3B0328C30D}","record_number__s__":"4587","event_data":{"Status__s__":"0xc000006d","LogonType__s__":"10","SubjectDomainName__s__":"WORKGROUP","LmPackageName__s__":"-","TransmittedServices__s__":"-","TargetUserName__s__":"administrator","AuthenticationPackageName__s__":"Negotiate","SubjectUserName__s__":"WIN-1SJ9UPIMFKH$","SubStatus__s__":"0xc0000064","SubjectUserSid__s__":"S-1-5-18","IpAddress__s__":"2409:8038:2000:1106:0:0:0:1","IpPort__s__":"52101","FailureReason__s__":"%%2313","ProcessId__s__":"0x1c48","LogonProcessName__s__":"User32 ","KeyLength__s__":"0","ProcessName__s__":"C:\\Windows\\System32\\winlogon.exe","SubjectLogonId__s__":"0x3e7","TargetDomainName__s__":"WIN-1SJ9UPIMFKH","WorkstationName__s__":"WIN-1SJ9UPIMFKH","TargetUserSid__s__":"S-1-0-0"},"message":{"msg":{"状态__s__":"0xc000006d","调用方进程_ID__s__":"0x1c48","登录进程__s__":"User32","数据包名仅限_NTLM__s__":"-","工作站名__s__":"WIN-1SJ9UPIMFKH","帐户域__s__":"WORKGROUP","失败原因__s__":"未知用户名或密码错误。","源网络地址__s__":"192.168.200.254","传递服务__s__":"-","身份验证数据包__s__":"Negotiate","安全_ID__s__":"S-1-0-0"},"event__s__":"帐户登录失败"},"opcode__s__":"信息","type__s__":"wineventlog","source_name__s__":"Microsoft-Windows-Security-Auditing","keywords__s__":["审核失败"],"event_name__s__":"登录失败事件-用户名未知或密码错误","log_name__s__":"Security","computer_name__s__":"WIN-1SJ9UPIMFKH","user_name__s__":"Parrottulip"},"context_id":1660264071040343752,"tag":["security"],"id":"AYKPcz-A57pqO5IFurUj","raw_message_length":1916,"timestamp":1660264071040}
{"agent_send_timestamp":1660264071043,"collector_recv_timestamp":1660264071773,"raw_message":"{\"computer_name\":\"WIN-1SJ9UPIMFKH\",\"event_data\":{\"AuditPolicyChanges\":\"%%8451\",\"CategoryId\":\"%%8273\",\"SubcategoryGuid\":\"{0CCE9217-69AE-11D9-BED3-505054503030}\",\"SubcategoryId\":\"%%12546\",\"SubjectDomainName\":\"WORKGROUP\",\"SubjectLogonId\":\"0x3e7\",\"SubjectUserName\":\"WIN-1SJ9UPIMFKH$\",\"SubjectUserSid\":\"S-1-5-18\"},\"event_id\":4719,\"keywords\":[\"审核成功\"],\"level\":\"信息\",\"log_name\":\"Security\",\"message\":\"已>更改系统审核策略。\\n\\n主题:\\n\\t安全 ID:\\t\\tS-1-5-18\\n\\t帐户名:\\t\\tWIN-1SJ9UPIMFKH$\\n\\t帐户域:\\t\\tWORKGROUP\\n\\t登录 ID:\\t\\t0x3e7\\n\\n审核策略更改:\\n\\t类别:\\t\\t登>录/注销\\n\\t子类别:\\t\\t帐户锁定\\n\\t子类别 GUID:\\t{0CCE9217-69AE-11D9-BED3-505054503030}\\n\\t更改:\\t\\t添加失败\",\"opcode\":\"信息\",\"process\":{\"pid\":480,\"thread\":{\"id\":552}},\"provider_guid\":\"{54849625-5478-4994-A5BA-3E3B0328C30D}\",\"record_number\":\"4449\",\"source_name\":\"Microsoft-Windows-Security-Auditing\",\"timestamp\":\"2022-08-12T08:27:46+08:00\",\"type\":\"wineventlog\"}","ip":"192.168.1.19","index":"ops-yotta-20220812","source":"/data/all/0_seclog/windows_login.log","logical_index":"yotta","logtype":"json","hostname":"192-168-1-19","appname":"windows","domain":"ops","json":{"level__s__":"信息","process":{"thread":{"id__l__":552},"pid__l__":480},"event_id__l__":4719,"provider_guid__s__":"{54849625-5478-4994-A5BA-3E3B0328C30D}","record_number__s__":"4449","event_data":{"SubjectDomainName__s__":"WORKGROUP","SubcategoryGuid__s__":"{0CCE9217-69AE-11D9-BED3-505054503030}","AuditPolicyChanges__s__":"%%8451","CategoryId__s__":"%%8273","SubjectUserName__s__":"WIN-1SJ9UPIMFKH$","SubjectLogonId__s__":"0x3e7","SubcategoryId__s__":"%%12546","SubjectUserSid__s__":"S-1-5-18"},"message":{"msg":{"更改__s__":"添加失败","子类别_GUID__s__":"{0CCE9217-69AE-11D9-BED3-505054503030}","帐户域__s__":"WORKGROUP","子类别__s__":"帐户锁定","安全_ID__s__":"S-1-5-18","类别__s__":"登>录/注销"},"event__s__":"已>更改系统审核策略"},"opcode__s__":"信息","type__s__":"wineventlog","source_name__s__":"Microsoft-Windows-Security-Auditing","keywords__s__":["审核成功"],"event_name__s__":"更改审核策略事件","log_name__s__":"Security","computer_name__s__":"WIN-1SJ9UPIMFKH","user_name__s__":"WIN-1SJ9UPIMFKH$"},"context_id":1660264071043167489,"tag":["security"],"id":"AYKPcz-D57pqO5IFurV4","raw_message_length":862,"timestamp":1660264071043}
{"agent_send_timestamp":1660264071040,"collector_recv_timestamp":1660264071766,"raw_message":"{\"computer_name\":\"WIN-1SJ9UPIMFKH\",\"event_data\":{\"AuthenticationPackageName\":\"Negotiate\",\"FailureReason\":\"%%2313\",\"IpAddress\":\"2409:8938:2435:1301:90f3:42ce:fe68:bc18\",\"IpPort\":\"52101\",\"KeyLength\":\"0\",\"LmPackageName\":\"-\",\"LogonProcessName\":\"User32 \",\"LogonType\":\"10\",\"ProcessId\":\"0x1c48\",\"ProcessName\":\"C:\\\\Windows\\\\System32\\\\winlogon.exe\",\"Status\":\"0xc000006d\",\"SubStatus\":\"0xc0000064\",\"SubjectDomainName\":\"WORKGROUP\",\"SubjectLogonId\":\"0x3e7\",\"SubjectUserName\":\"WIN-1SJ9UPIMFKH$\",\"SubjectUserSid\":\"S-1-5-18\",\"TargetDomainName\":\"WIN-1SJ9UPIMFKH\",\"TargetUserName\":\"administrator\",\"TargetUserSid\":\"S-1-0-0\",\"TransmittedServices\":\"-\",\"WorkstationName\":\"WIN-1SJ9UPIMFKH\"},\"event_id\":4625,\"keywords\":[\"审核失败\"],\"level\":\"信息\",\"log_name\":\"Security\",\"message\":\"帐户登录失败。\\n\\n主题:\\n\\t安全 ID:\\t\\tS-1-5-18\\n\\t帐户名:\\t\\tWIN-1SJ9UPIMFKH$\\n\\t帐户域:\\t\\tWORKGROUP\\n\\t登录 ID:\\t\\t0x3e7\\n\\n登录类型:\\t\\t\\t10\\n\\n>登录失败的帐户:\\n\\t安全 ID:\\t\\tS-1-0-0\\n\\t帐户名:\\t\\tParrottulip\\n\\t帐户域:\\t\\tWIN-1SJ9UPIMFKH\\n\\n失败信息:\\n\\t失败原因:\\t\\t未知用户名或密码错误。\\n\\t状态:\\t\\t\\t0xc000006d\\n\\t子状态:\\t\\t0xc0000064\\n\\n进程信息:\\n\\t调用方进程 ID:\\t0x1c48\\n\\t调用方进程名:\\tC:\\\\Windows\\\\System32\\\\winlogon.exe\\n\\n网络信息:\\n\\t工作站名:\\tWIN-1SJ9UPIMFKH\\n\\t源网络地址:\\t192.168.200.254\\n\\t源端口:\\t\\t52101\\n\\n详细身份验>证信息:\\n\\t登录进程:\\t\\tUser32 \\n\\t身份验证数据包:\\tNegotiate\\n\\t传递服务:\\t-\\n\\t数据包名(仅限 NTLM):\\t-\\n\\t密钥长度:\\t\\t0\\n\\n登录请求失败时在尝试访问的计算机上生成此事件。\\n\\n“主题”字段指明本地系统上请求登录的帐户。这通常是一个服务(例如 Server 服务)或本地进程(例如 Winlogon.exe 或 Services.exe)。\\n\\n“登录类型”字段指明>发生的登录的种类。最常见的类型是 2 (交互式)和 3 (网络)。\\n\\n“进程信息”字段表明系统上的哪个帐户和进程请求了登录。\\n\\n“网络信息”字段指明远程登录请求来自哪里。“工>作站名”并非总是可用，而且在某些情况下可能会留为空白。\\n\\n“身份验证信息”字段提供>关于此特定登录请求的详细信息。\\n\\t-“传递服务”指明哪些直接服务参与了此登录请求。\\n\\t-“数据包名”指明在 NTLM 协议之间使用了哪些子协议。\\n\\t-“密钥长度”指明生成的会>话密钥的长度。如果没有请求会话密钥，则此字段为 0。\",\"opcode\":\"信息\",\"process\":{\"pid\":480,\"thread\":{\"id\":984}},\"provider_guid\":\"{54849625-5478-4994-A5BA-3E3B0328C30D}\",\"record_number\":\"4587\",\"source_name\":\"Microsoft-Windows-Security-Auditing\",\"timestamp\":\"2022-08-12T08:27:44+08:00\",\"type\":\"wineventlog\"}","ip":"192.168.1.19","index":"ops-yotta-20220812","source":"/data/all/0_seclog/windows_login.log","logical_index":"yotta","logtype":"json","hostname":"192-168-1-19","appname":"windows","domain":"ops","json":{"level__s__":"信息","process":{"thread":{"id__l__":984},"pid__l__":480},"event_id__l__":4625,"provider_guid__s__":"{54849625-5478-4994-A5BA-3E3B0328C30D}","record_number__s__":"4587","event_data":{"Status__s__":"0xc000006d","LogonType__s__":"10","SubjectDomainName__s__":"WORKGROUP","LmPackageName__s__":"-","TransmittedServices__s__":"-","TargetUserName__s__":"administrator","AuthenticationPackageName__s__":"Negotiate","SubjectUserName__s__":"WIN-1SJ9UPIMFKH$","SubStatus__s__":"0xc0000064","SubjectUserSid__s__":"S-1-5-18","IpAddress__s__":"2409:8938:2435:1301:90f3:42ce:fe68:bc18","IpPort__s__":"52101","FailureReason__s__":"%%2313","ProcessId__s__":"0x1c48","LogonProcessName__s__":"User32 ","KeyLength__s__":"0","ProcessName__s__":"C:\\Windows\\System32\\winlogon.exe","SubjectLogonId__s__":"0x3e7","TargetDomainName__s__":"WIN-1SJ9UPIMFKH","WorkstationName__s__":"WIN-1SJ9UPIMFKH","TargetUserSid__s__":"S-1-0-0"},"message":{"msg":{"状态__s__":"0xc000006d","调用方进程_ID__s__":"0x1c48","登录进程__s__":"User32","数据包名仅限_NTLM__s__":"-","工作站名__s__":"WIN-1SJ9UPIMFKH","帐户域__s__":"WORKGROUP","失败原因__s__":"未知用户名或密码错误。","源网络地址__s__":"192.168.200.254","传递服务__s__":"-","身份验证数据包__s__":"Negotiate","安全_ID__s__":"S-1-0-0"},"event__s__":"帐户登录失败"},"opcode__s__":"信息","type__s__":"wineventlog","source_name__s__":"Microsoft-Windows-Security-Auditing","keywords__s__":["审核失败"],"event_name__s__":"登录失败事件-用户名未知或密码错误","log_name__s__":"Security","computer_name__s__":"WIN-1SJ9UPIMFKH","user_name__s__":"Parrottulip"},"context_id":1660264071040547469,"tag":["security"],"id":"AYKPcz-A57pqO5IFurUv","raw_message_length":1928,"timestamp":1660264071040}
{"agent_send_timestamp":1660264071043,"collector_recv_timestamp":1660264071773,"raw_message":"{\"computer_name\":\"WIN-1SJ9UPIMFKH\",\"event_data\":{\"AuthenticationPackageName\":\"Negotiate\",\"FailureReason\":\"%%2313\",\"IpAddress\":\"2409:8038:2000:1107:0:0:0:1\",\"IpPort\":\"52101\",\"KeyLength\":\"0\",\"LmPackageName\":\"-\",\"LogonProcessName\":\"User32 \",\"LogonType\":\"10\",\"ProcessId\":\"0x1c48\",\"ProcessName\":\"C:\\\\Windows\\\\System32\\\\winlogon.exe\",\"Status\":\"0xc000006d\",\"SubStatus\":\"0xc0000064\",\"SubjectDomainName\":\"WORKGROUP\",\"SubjectLogonId\":\"0x3e7\",\"SubjectUserName\":\"WIN-1SJ9UPIMFKH$\",\"SubjectUserSid\":\"S-1-5-18\",\"TargetDomainName\":\"WIN-1SJ9UPIMFKH\",\"TargetUserName\":\"administrator\",\"TargetUserSid\":\"S-1-0-0\",\"TransmittedServices\":\"-\",\"WorkstationName\":\"WIN-1SJ9UPIMFKH\"},\"event_id\":4625,\"keywords\":[\"审核失败\"],\"level\":\"信息\",\"log_name\":\"Security\",\"message\":\"帐户登录失败。\\n\\n主题:\\n\\t安全 ID:\\t\\tS-1-5-18\\n\\t帐户名:\\t\\tWIN-1SJ9UPIMFKH$\\n\\t帐户域:\\t\\tWORKGROUP\\n\\t登录 ID:\\t\\t0x3e7\\n\\n登录类型:\\t\\t\\t10\\n\\n>登录失败的帐户:\\n\\t安全 ID:\\t\\tS-1-0-0\\n\\t帐户名:\\t\\tParrottulip\\n\\t帐户域:\\t\\tWIN-1SJ9UPIMFKH\\n\\n失败信息:\\n\\t失败原因:\\t\\t未知用户名或密码错误。\\n\\t状态:\\t\\t\\t0xc000006d\\n\\t子状态:\\t\\t0xc0000064\\n\\n进程信息:\\n\\t调用方进程 ID:\\t0x1c48\\n\\t调用方进程名:\\tC:\\\\Windows\\\\System32\\\\winlogon.exe\\n\\n网络信息:\\n\\t工作站名:\\tWIN-1SJ9UPIMFKH\\n\\t源网络地址:\\t192.168.200.254\\n\\t源端口:\\t\\t52101\\n\\n详细身份验>证信息:\\n\\t登录进程:\\t\\tUser32 \\n\\t身份验证数据包:\\tNegotiate\\n\\t传递服务:\\t-\\n\\t数据包名(仅限 NTLM):\\t-\\n\\t密钥长度:\\t\\t0\\n\\n登录请求失败时在尝试访问的计算机上生成此事件。\\n\\n“主题”字段指明本地系统上请求登录的帐户。这通常是一个服务(例如 Server 服务)或本地进程(例如 Winlogon.exe 或 Services.exe)。\\n\\n“登录类型”字段指明>发生的登录的种类。最常见的类型是 2 (交互式)和 3 (网络)。\\n\\n“进程信息”字段表明系统上的哪个帐户和进程请求了登录。\\n\\n“网络信息”字段指明远程登录请求来自哪里。“工>作站名”并非总是可用，而且在某些情况下可能会留为空白。\\n\\n“身份验证信息”字段提供>关于此特定登录请求的详细信息。\\n\\t-“传递服务”指明哪些直接服务参与了此登录请求。\\n\\t-“数据包名”指明在 NTLM 协议之间使用了哪些子协议。\\n\\t-“密钥长度”指明生成的会>话密钥的长度。如果没有请求会话密钥，则此字段为 0。\",\"opcode\":\"信息\",\"process\":{\"pid\":480,\"thread\":{\"id\":984}},\"provider_guid\":\"{54849625-5478-4994-A5BA-3E3B0328C30D}\",\"record_number\":\"4587\",\"source_name\":\"Microsoft-Windows-Security-Auditing\",\"timestamp\":\"2022-08-12T08:27:46+08:00\",\"type\":\"wineventlog\"}","ip":"192.168.1.19","index":"ops-yotta-20220812","source":"/data/all/0_seclog/windows_login.log","logical_index":"yotta","logtype":"json","hostname":"192-168-1-19","appname":"windows","domain":"ops","json":{"level__s__":"信息","process":{"thread":{"id__l__":984},"pid__l__":480},"event_id__l__":4625,"provider_guid__s__":"{54849625-5478-4994-A5BA-3E3B0328C30D}","record_number__s__":"4587","event_data":{"Status__s__":"0xc000006d","LogonType__s__":"10","SubjectDomainName__s__":"WORKGROUP","LmPackageName__s__":"-","TransmittedServices__s__":"-","TargetUserName__s__":"administrator","AuthenticationPackageName__s__":"Negotiate","SubjectUserName__s__":"WIN-1SJ9UPIMFKH$","SubStatus__s__":"0xc0000064","SubjectUserSid__s__":"S-1-5-18","IpAddress__s__":"2409:8038:2000:1107:0:0:0:1","IpPort__s__":"52101","FailureReason__s__":"%%2313","ProcessId__s__":"0x1c48","LogonProcessName__s__":"User32 ","KeyLength__s__":"0","ProcessName__s__":"C:\\Windows\\System32\\winlogon.exe","SubjectLogonId__s__":"0x3e7","TargetDomainName__s__":"WIN-1SJ9UPIMFKH","WorkstationName__s__":"WIN-1SJ9UPIMFKH","TargetUserSid__s__":"S-1-0-0"},"message":{"msg":{"状态__s__":"0xc000006d","调用方进程_ID__s__":"0x1c48","登录进程__s__":"User32","数据包名仅限_NTLM__s__":"-","工作站名__s__":"WIN-1SJ9UPIMFKH","帐户域__s__":"WORKGROUP","失败原因__s__":"未知用户名或密码错误。","源网络地址__s__":"192.168.200.254","传递服务__s__":"-","身份验证数据包__s__":"Negotiate","安全_ID__s__":"S-1-0-0"},"event__s__":"帐户登录失败"},"opcode__s__":"信息","type__s__":"wineventlog","source_name__s__":"Microsoft-Windows-Security-Auditing","keywords__s__":["审核失败"],"event_name__s__":"登录失败事件-用户名未知或密码错误","log_name__s__":"Security","computer_name__s__":"WIN-1SJ9UPIMFKH","user_name__s__":"Parrottulip"},"context_id":1660264071043225323,"tag":["security"],"id":"AYKPcz-D57pqO5IFurV9","raw_message_length":1916,"timestamp":1660264071043}
{"agent_send_timestamp":1660264071045,"collector_recv_timestamp":1660264071778,"raw_message":"{\"computer_name\":\"WIN-1SJ9UPIMFKH\",\"event_data\":{\"IpAddress\":\"2409:8038:2000:1100:0:0:0:1\",\"IpPort\":\"61517\",\"LogonGuid\":\"{00000000-0000-0000-0000-000000000000}\",\"ProcessId\":\"0x12c\",\"ProcessName\":\"C:\\\\Windows\\\\System32\\\\winlogon.exe\",\"SubjectDomainName\":\"WORKGROUP\",\"SubjectLogonId\":\"0x3e7\",\"SubjectUserName\":\"WIN-1SJ9UPIMFKH$\",\"SubjectUserSid\":\"S-1-5-18\",\"TargetDomainName\":\"WIN-1SJ9UPIMFKH\",\"TargetInfo\":\"localhost\",\"TargetLogonGuid\":\"{00000000-0000-0000-0000-000000000000}\",\"TargetServerName\":\"localhost\",\"TargetUserName\":\"Administrator\"},\"event_id\":4648,\"keywords\":[\"审核成功\"],\"level\":\"信息\",\"log_name\":\"Security\",\"message\":\"试图使用显式凭据登录。\\n\\n主题:\\n\\t安全 ID:\\t\\tS-1-5-18\\n\\t帐户名:\\t\\tWIN-1SJ9UPIMFKH$\\n\\t帐户域:\\t\\tWORKGROUP\\n\\t登录 ID:\\t\\t0x3e7\\n\\t登录 GUID:\\t\\t{00000000-0000-0000-0000-000000000000}\\n\\n使用了哪个帐户的凭据:\\n\\t帐户名:\\t\\tAntelopeazure\\n\\t帐户域:\\t\\tWIN-1SJ9UPIMFKH\\n\\t登录 GUID:\\t\\t{00000000-0000-0000-0000-000000000000}\\n\\n目标服务器:\\n\\t目标服务器名:\\tlocalhost\\n\\t附加信息:\\tlocalhost\\n\\n进程信息:\\n\\t进程 ID:\\t\\t0x12c\\n\\t进程名:\\t\\tC:\\\\Windows\\\\System32\\\\winlogon.exe\\n\\n网络信息:\\n\\t网络地址:\\t192.168.200.254\\n\\t端口:\\t\\t\\t61517\\n\\n在进程尝试通过显式指定帐户的凭据来登录>该帐户时生成此事件。这通常发生在批量类型的配置中(例如计划任务) 或者使用 RUNAS 命令时。\",\"opcode\":\"信息\",\"process\":{\"pid\":480,\"thread\":{\"id\":532}},\"provider_guid\":\"{54849625-5478-4994-A5BA-3E3B0328C30D}\",\"record_number\":\"4935\",\"source_name\":\"Microsoft-Windows-Security-Auditing\",\"timestamp\":\"2022-08-12T08:27:48+08:00\",\"type\":\"wineventlog\"}","ip":"192.168.1.19","index":"ops-yotta-20220812","source":"/data/all/0_seclog/windows_login.log","logical_index":"yotta","logtype":"json","hostname":"192-168-1-19","appname":"windows","domain":"ops","json":{"level__s__":"信息","process":{"thread":{"id__l__":532},"pid__l__":480},"event_id__l__":4648,"provider_guid__s__":"{54849625-5478-4994-A5BA-3E3B0328C30D}","record_number__s__":"4935","event_data":{"SubjectDomainName__s__":"WORKGROUP","TargetServerName__s__":"localhost","TargetUserName__s__":"Administrator","SubjectUserName__s__":"WIN-1SJ9UPIMFKH$","SubjectUserSid__s__":"S-1-5-18","TargetLogonGuid__s__":"{00000000-0000-0000-0000-000000000000}","IpAddress__s__":"2409:8038:2000:1100:0:0:0:1","IpPort__s__":"61517","ProcessId__s__":"0x12c","TargetInfo__s__":"localhost","ProcessName__s__":"C:\\Windows\\System32\\winlogon.exe","SubjectLogonId__s__":"0x3e7","TargetDomainName__s__":"WIN-1SJ9UPIMFKH","LogonGuid__s__":"{00000000-0000-0000-0000-000000000000}"},"message":{"msg":{"网络地址__s__":"192.168.200.254","目标服务器名__s__":"localhost","进程_ID__s__":"0x12c","帐户域__s__":"WIN-1SJ9UPIMFKH","登录_ID__s__":"0x3e7","安全_ID__s__":"S-1-5-18"},"event__s__":"试图使用显式凭据登录"},"opcode__s__":"信息","type__s__":"wineventlog","source_name__s__":"Microsoft-Windows-Security-Auditing","keywords__s__":["审核成功"],"log_name__s__":"Security","computer_name__s__":"WIN-1SJ9UPIMFKH","user_name__s__":"Antelopeazure"},"context_id":1660264071045566403,"tag":["security"],"id":"AYKPcz-F57pqO5IFurW4","raw_message_length":1409,"timestamp":1660264071045}
{"agent_send_timestamp":1660264071045,"collector_recv_timestamp":1660264071778,"raw_message":"{\"computer_name\":\"WIN-1SJ9UPIMFKH\",\"event_data\":{\"AuthenticationPackageName\":\"Negotiate\",\"FailureReason\":\"%%2313\",\"IpAddress\":\"2409:8038:2000:1103:0:0:0:1\",\"IpPort\":\"52101\",\"KeyLength\":\"0\",\"LmPackageName\":\"-\",\"LogonProcessName\":\"User32 \",\"LogonType\":\"10\",\"ProcessId\":\"0x1c48\",\"ProcessName\":\"C:\\\\Windows\\\\System32\\\\winlogon.exe\",\"Status\":\"0xc000006d\",\"SubStatus\":\"0xc0000064\",\"SubjectDomainName\":\"WORKGROUP\",\"SubjectLogonId\":\"0x3e7\",\"SubjectUserName\":\"WIN-1SJ9UPIMFKH$\",\"SubjectUserSid\":\"S-1-5-18\",\"TargetDomainName\":\"WIN-1SJ9UPIMFKH\",\"TargetUserName\":\"administrator\",\"TargetUserSid\":\"S-1-0-0\",\"TransmittedServices\":\"-\",\"WorkstationName\":\"WIN-1SJ9UPIMFKH\"},\"event_id\":4625,\"keywords\":[\"审核失败\"],\"level\":\"信息\",\"log_name\":\"Security\",\"message\":\"帐户登录失败。\\n\\n主题:\\n\\t安全 ID:\\t\\tS-1-5-18\\n\\t帐户名:\\t\\tWIN-1SJ9UPIMFKH$\\n\\t帐户域:\\t\\tWORKGROUP\\n\\t登录 ID:\\t\\t0x3e7\\n\\n登录类型:\\t\\t\\t10\\n\\n>登录失败的帐户:\\n\\t安全 ID:\\t\\tS-1-0-0\\n\\t帐户名:\\t\\tFlasherrain\\n\\t帐户域:\\t\\tWIN-1SJ9UPIMFKH\\n\\n失败信息:\\n\\t失败原因:\\t\\t未知用户名或密码错误。\\n\\t状态:\\t\\t\\t0xc000006d\\n\\t子状态:\\t\\t0xc0000064\\n\\n进程信息:\\n\\t调用方进程 ID:\\t0x1c48\\n\\t调用方进程名:\\tC:\\\\Windows\\\\System32\\\\winlogon.exe\\n\\n网络信息:\\n\\t工作站名:\\tWIN-1SJ9UPIMFKH\\n\\t源网络地址:\\t192.168.200.254\\n\\t源端口:\\t\\t52101\\n\\n详细身份验>证信息:\\n\\t登录进程:\\t\\tUser32 \\n\\t身份验证数据包:\\tNegotiate\\n\\t传递服务:\\t-\\n\\t数据包名(仅限 NTLM):\\t-\\n\\t密钥长度:\\t\\t0\\n\\n登录请求失败时在尝试访问的计算机上生成此事件。\\n\\n“主题”字段指明本地系统上请求登录的帐户。这通常是一个服务(例如 Server 服务)或本地进程(例如 Winlogon.exe 或 Services.exe)。\\n\\n“登录类型”字段指明>发生的登录的种类。最常见的类型是 2 (交互式)和 3 (网络)。\\n\\n“进程信息”字段表明系统上的哪个帐户和进程请求了登录。\\n\\n“网络信息”字段指明远程登录请求来自哪里。“工>作站名”并非总是可用，而且在某些情况下可能会留为空白。\\n\\n“身份验证信息”字段提供>关于此特定登录请求的详细信息。\\n\\t-“传递服务”指明哪些直接服务参与了此登录请求。\\n\\t-“数据包名”指明在 NTLM 协议之间使用了哪些子协议。\\n\\t-“密钥长度”指明生成的会>话密钥的长度。如果没有请求会话密钥，则此字段为 0。\",\"opcode\":\"信息\",\"process\":{\"pid\":480,\"thread\":{\"id\":984}},\"provider_guid\":\"{54849625-5478-4994-A5BA-3E3B0328C30D}\",\"record_number\":\"4587\",\"source_name\":\"Microsoft-Windows-Security-Auditing\",\"timestamp\":\"2022-08-12T08:27:49+08:00\",\"type\":\"wineventlog\"}","ip":"192.168.1.19","index":"ops-yotta-20220812","source":"/data/all/0_seclog/windows_login.log","logical_index":"yotta","logtype":"json","hostname":"192-168-1-19","appname":"windows","domain":"ops","json":{"level__s__":"信息","process":{"thread":{"id__l__":984},"pid__l__":480},"event_id__l__":4625,"provider_guid__s__":"{54849625-5478-4994-A5BA-3E3B0328C30D}","record_number__s__":"4587","event_data":{"Status__s__":"0xc000006d","LogonType__s__":"10","SubjectDomainName__s__":"WORKGROUP","LmPackageName__s__":"-","TransmittedServices__s__":"-","TargetUserName__s__":"administrator","AuthenticationPackageName__s__":"Negotiate","SubjectUserName__s__":"WIN-1SJ9UPIMFKH$","SubStatus__s__":"0xc0000064","SubjectUserSid__s__":"S-1-5-18","IpAddress__s__":"2409:8038:2000:1103:0:0:0:1","IpPort__s__":"52101","FailureReason__s__":"%%2313","ProcessId__s__":"0x1c48","LogonProcessName__s__":"User32 ","KeyLength__s__":"0","ProcessName__s__":"C:\\Windows\\System32\\winlogon.exe","SubjectLogonId__s__":"0x3e7","TargetDomainName__s__":"WIN-1SJ9UPIMFKH","WorkstationName__s__":"WIN-1SJ9UPIMFKH","TargetUserSid__s__":"S-1-0-0"},"message":{"msg":{"状态__s__":"0xc000006d","调用方进程_ID__s__":"0x1c48","登录进程__s__":"User32","数据包名仅限_NTLM__s__":"-","工作站名__s__":"WIN-1SJ9UPIMFKH","帐户域__s__":"WORKGROUP","失败原因__s__":"未知用户名或密码错误。","源网络地址__s__":"192.168.200.254","传递服务__s__":"-","身份验证数据包__s__":"Negotiate","安全_ID__s__":"S-1-0-0"},"event__s__":"帐户登录失败"},"opcode__s__":"信息","type__s__":"wineventlog","source_name__s__":"Microsoft-Windows-Security-Auditing","keywords__s__":["审核失败"],"event_name__s__":"登录失败事件-用户名未知或密码错误","log_name__s__":"Security","computer_name__s__":"WIN-1SJ9UPIMFKH","user_name__s__":"Flasherrain"},"context_id":1660264071045664828,"tag":["security"],"id":"AYKPcz-F57pqO5IFurW_","raw_message_length":1916,"timestamp":1660264071045}
{"agent_send_timestamp":1660264071037,"collector_recv_timestamp":1660264071751,"raw_message":"{\"computer_name\":\"WIN-1SJ9UPIMFKH\",\"event_data\":{\"IpAddress\":\"240e:13:1800:100:0:0:0:122\",\"IpPort\":\"61517\",\"LogonGuid\":\"{00000000-0000-0000-0000-000000000000}\",\"ProcessId\":\"0x12c\",\"ProcessName\":\"C:\\\\Windows\\\\System32\\\\winlogon.exe\",\"SubjectDomainName\":\"WORKGROUP\",\"SubjectLogonId\":\"0x3e7\",\"SubjectUserName\":\"WIN-1SJ9UPIMFKH$\",\"SubjectUserSid\":\"S-1-5-18\",\"TargetDomainName\":\"WIN-1SJ9UPIMFKH\",\"TargetInfo\":\"localhost\",\"TargetLogonGuid\":\"{00000000-0000-0000-0000-000000000000}\",\"TargetServerName\":\"localhost\",\"TargetUserName\":\"Administrator\"},\"event_id\":4648,\"keywords\":[\"审核成功\"],\"level\":\"信息\",\"log_name\":\"Security\",\"message\":\"试图使用显式凭据登录。\\n\\n主题:\\n\\t安全 ID:\\t\\tS-1-5-18\\n\\t帐户名:\\t\\tWIN-1SJ9UPIMFKH$\\n\\t帐户域:\\t\\tWORKGROUP\\n\\t登录 ID:\\t\\t0x3e7\\n\\t登录 GUID:\\t\\t{00000000-0000-0000-0000-000000000000}\\n\\n使用了哪个帐户的凭据:\\n\\t帐户名:\\t\\tFlasherrain\\n\\t帐户域:\\t\\tWIN-1SJ9UPIMFKH\\n\\t登录 GUID:\\t\\t{00000000-0000-0000-0000-000000000000}\\n\\n目标服务器:\\n\\t目标服务器名:\\tlocalhost\\n\\t附加信息:\\tlocalhost\\n\\n进程信息:\\n\\t进程 ID:\\t\\t0x12c\\n\\t进程名:\\t\\tC:\\\\Windows\\\\System32\\\\winlogon.exe\\n\\n网络信息:\\n\\t网络地址:\\t192.168.200.254\\n\\t端口:\\t\\t\\t61517\\n\\n在进程尝试通过显式指定帐户的凭据来登录>该帐户时生成此事件。这通常发生在批量类型的配置中(例如计划任务) 或者使用 RUNAS 命令时。\",\"opcode\":\"信息\",\"process\":{\"pid\":480,\"thread\":{\"id\":532}},\"provider_guid\":\"{54849625-5478-4994-A5BA-3E3B0328C30D}\",\"record_number\":\"4935\",\"source_name\":\"Microsoft-Windows-Security-Auditing\",\"timestamp\":\"2022-08-12T08:27:41+08:00\",\"type\":\"wineventlog\"}","ip":"192.168.1.19","index":"ops-yotta-20220812","source":"/data/all/0_seclog/windows_login.log","logical_index":"yotta","logtype":"json","hostname":"192-168-1-19","appname":"windows","domain":"ops","json":{"level__s__":"信息","process":{"thread":{"id__l__":532},"pid__l__":480},"event_id__l__":4648,"provider_guid__s__":"{54849625-5478-4994-A5BA-3E3B0328C30D}","record_number__s__":"4935","event_data":{"SubjectDomainName__s__":"WORKGROUP","TargetServerName__s__":"localhost","TargetUserName__s__":"Administrator","SubjectUserName__s__":"WIN-1SJ9UPIMFKH$","SubjectUserSid__s__":"S-1-5-18","TargetLogonGuid__s__":"{00000000-0000-0000-0000-000000000000}","IpAddress__s__":"240e:13:1800:100:0:0:0:122","IpPort__s__":"61517","ProcessId__s__":"0x12c","TargetInfo__s__":"localhost","ProcessName__s__":"C:\\Windows\\System32\\winlogon.exe","SubjectLogonId__s__":"0x3e7","TargetDomainName__s__":"WIN-1SJ9UPIMFKH","LogonGuid__s__":"{00000000-0000-0000-0000-000000000000}"},"message":{"msg":{"网络地址__s__":"192.168.200.254","目标服务器名__s__":"localhost","进程_ID__s__":"0x12c","帐户域__s__":"WIN-1SJ9UPIMFKH","登录_ID__s__":"0x3e7","安全_ID__s__":"S-1-5-18"},"event__s__":"试图使用显式凭据登录"},"opcode__s__":"信息","type__s__":"wineventlog","source_name__s__":"Microsoft-Windows-Security-Auditing","keywords__s__":["审核成功"],"log_name__s__":"Security","computer_name__s__":"WIN-1SJ9UPIMFKH","user_name__s__":"Flasherrain"},"context_id":1660264071037403849,"tag":["security"],"id":"AYKPcz9957pqO5IFurTO","raw_message_length":1406,"timestamp":1660264071037}
{"agent_send_timestamp":1660264071038,"collector_recv_timestamp":1660264071760,"raw_message":"{\"computer_name\":\"WIN-1SJ9UPIMFKH\",\"event_data\":{\"AuthenticationPackageName\":\"Negotiate\",\"FailureReason\":\"%%2313\",\"IpAddress\":\"2409:8038:2000:1101:0:0:0:1\",\"IpPort\":\"52101\",\"KeyLength\":\"0\",\"LmPackageName\":\"-\",\"LogonProcessName\":\"User32 \",\"LogonType\":\"10\",\"ProcessId\":\"0x1c48\",\"ProcessName\":\"C:\\\\Windows\\\\System32\\\\winlogon.exe\",\"Status\":\"0xc000006d\",\"SubStatus\":\"0xc0000064\",\"SubjectDomainName\":\"WORKGROUP\",\"SubjectLogonId\":\"0x3e7\",\"SubjectUserName\":\"WIN-1SJ9UPIMFKH$\",\"SubjectUserSid\":\"S-1-5-18\",\"TargetDomainName\":\"WIN-1SJ9UPIMFKH\",\"TargetUserName\":\"administrator\",\"TargetUserSid\":\"S-1-0-0\",\"TransmittedServices\":\"-\",\"WorkstationName\":\"WIN-1SJ9UPIMFKH\"},\"event_id\":4625,\"keywords\":[\"审核失败\"],\"level\":\"信息\",\"log_name\":\"Security\",\"message\":\"帐户登录失败。\\n\\n主题:\\n\\t安全 ID:\\t\\tS-1-5-18\\n\\t帐户名:\\t\\tWIN-1SJ9UPIMFKH$\\n\\t帐户域:\\t\\tWORKGROUP\\n\\t登录 ID:\\t\\t0x3e7\\n\\n登录类型:\\t\\t\\t10\\n\\n>登录失败的帐户:\\n\\t安全 ID:\\t\\tS-1-0-0\\n\\t帐户名:\\t\\tDragonobsidian\\n\\t帐户域:\\t\\tWIN-1SJ9UPIMFKH\\n\\n失败信息:\\n\\t失败原因:\\t\\t未知用户名或密码错误。\\n\\t状态:\\t\\t\\t0xc000006d\\n\\t子状态:\\t\\t0xc0000064\\n\\n进程信息:\\n\\t调用方进程 ID:\\t0x1c48\\n\\t调用方进程名:\\tC:\\\\Windows\\\\System32\\\\winlogon.exe\\n\\n网络信息:\\n\\t工作站名:\\tWIN-1SJ9UPIMFKH\\n\\t源网络地址:\\t192.168.200.254\\n\\t源端口:\\t\\t52101\\n\\n详细身份验>证信息:\\n\\t登录进程:\\t\\tUser32 \\n\\t身份验证数据包:\\tNegotiate\\n\\t传递服务:\\t-\\n\\t数据包名(仅限 NTLM):\\t-\\n\\t密钥长度:\\t\\t0\\n\\n登录请求失败时在尝试访问的计算机上生成此事件。\\n\\n“主题”字段指明本地系统上请求登录的帐户。这通常是一个服务(例如 Server 服务)或本地进程(例如 Winlogon.exe 或 Services.exe)。\\n\\n“登录类型”字段指明>发生的登录的种类。最常见的类型是 2 (交互式)和 3 (网络)。\\n\\n“进程信息”字段表明系统上的哪个帐户和进程请求了登录。\\n\\n“网络信息”字段指明远程登录请求来自哪里。“工>作站名”并非总是可用，而且在某些情况下可能会留为空白。\\n\\n“身份验证信息”字段提供>关于此特定登录请求的详细信息。\\n\\t-“传递服务”指明哪些直接服务参与了此登录请求。\\n\\t-“数据包名”指明在 NTLM 协议之间使用了哪些子协议。\\n\\t-“密钥长度”指明生成的会>话密钥的长度。如果没有请求会话密钥，则此字段为 0。\",\"opcode\":\"信息\",\"process\":{\"pid\":480,\"thread\":{\"id\":984}},\"provider_guid\":\"{54849625-5478-4994-A5BA-3E3B0328C30D}\",\"record_number\":\"4587\",\"source_name\":\"Microsoft-Windows-Security-Auditing\",\"timestamp\":\"2022-08-12T08:27:42+08:00\",\"type\":\"wineventlog\"}","ip":"192.168.1.19","index":"ops-yotta-20220812","source":"/data/all/0_seclog/windows_login.log","logical_index":"yotta","logtype":"json","hostname":"192-168-1-19","appname":"windows","domain":"ops","json":{"level__s__":"信息","process":{"thread":{"id__l__":984},"pid__l__":480},"event_id__l__":4625,"provider_guid__s__":"{54849625-5478-4994-A5BA-3E3B0328C30D}","record_number__s__":"4587","event_data":{"Status__s__":"0xc000006d","LogonType__s__":"10","SubjectDomainName__s__":"WORKGROUP","LmPackageName__s__":"-","TransmittedServices__s__":"-","TargetUserName__s__":"administrator","AuthenticationPackageName__s__":"Negotiate","SubjectUserName__s__":"WIN-1SJ9UPIMFKH$","SubStatus__s__":"0xc0000064","SubjectUserSid__s__":"S-1-5-18","IpAddress__s__":"2409:8038:2000:1101:0:0:0:1","IpPort__s__":"52101","FailureReason__s__":"%%2313","ProcessId__s__":"0x1c48","LogonProcessName__s__":"User32 ","KeyLength__s__":"0","ProcessName__s__":"C:\\Windows\\System32\\winlogon.exe","SubjectLogonId__s__":"0x3e7","TargetDomainName__s__":"WIN-1SJ9UPIMFKH","WorkstationName__s__":"WIN-1SJ9UPIMFKH","TargetUserSid__s__":"S-1-0-0"},"message":{"msg":{"状态__s__":"0xc000006d","调用方进程_ID__s__":"0x1c48","登录进程__s__":"User32","数据包名仅限_NTLM__s__":"-","工作站名__s__":"WIN-1SJ9UPIMFKH","帐户域__s__":"WORKGROUP","失败原因__s__":"未知用户名或密码错误。","源网络地址__s__":"192.168.200.254","传递服务__s__":"-","身份验证数据包__s__":"Negotiate","安全_ID__s__":"S-1-0-0"},"event__s__":"帐户登录失败"},"opcode__s__":"信息","type__s__":"wineventlog","source_name__s__":"Microsoft-Windows-Security-Auditing","keywords__s__":["审核失败"],"event_name__s__":"登录失败事件-用户名未知或密码错误","log_name__s__":"Security","computer_name__s__":"WIN-1SJ9UPIMFKH","user_name__s__":"Dragonobsidian"},"context_id":1660264071038042801,"tag":["security"],"id":"AYKPcz9-57pqO5IFurT2","raw_message_length":1919,"timestamp":1660264071038}
{"agent_send_timestamp":1660264071038,"collector_recv_timestamp":1660264071761,"raw_message":"{\"computer_name\":\"WIN-1SJ9UPIMFKH\",\"event_data\":{\"AuthenticationPackageName\":\"Negotiate\",\"FailureReason\":\"%%2313\",\"IpAddress\":\"2409:8938:2435:1301:90f3:42ce:fe68:bc18\",\"IpPort\":\"52101\",\"KeyLength\":\"0\",\"LmPackageName\":\"-\",\"LogonProcessName\":\"User32 \",\"LogonType\":\"10\",\"ProcessId\":\"0x1c48\",\"ProcessName\":\"C:\\\\Windows\\\\System32\\\\winlogon.exe\",\"Status\":\"0xc000006d\",\"SubStatus\":\"0xc0000064\",\"SubjectDomainName\":\"WORKGROUP\",\"SubjectLogonId\":\"0x3e7\",\"SubjectUserName\":\"WIN-1SJ9UPIMFKH$\",\"SubjectUserSid\":\"S-1-5-18\",\"TargetDomainName\":\"WIN-1SJ9UPIMFKH\",\"TargetUserName\":\"administrator\",\"TargetUserSid\":\"S-1-0-0\",\"TransmittedServices\":\"-\",\"WorkstationName\":\"WIN-1SJ9UPIMFKH\"},\"event_id\":4625,\"keywords\":[\"审核失败\"],\"level\":\"信息\",\"log_name\":\"Security\",\"message\":\"帐户登录失败。\\n\\n主题:\\n\\t安全 ID:\\t\\tS-1-5-18\\n\\t帐户名:\\t\\tWIN-1SJ9UPIMFKH$\\n\\t帐户域:\\t\\tWORKGROUP\\n\\t登录 ID:\\t\\t0x3e7\\n\\n登录类型:\\t\\t\\t10\\n\\n>登录失败的帐户:\\n\\t安全 ID:\\t\\tS-1-0-0\\n\\t帐户名:\\t\\tFlasherrain\\n\\t帐户域:\\t\\tWIN-1SJ9UPIMFKH\\n\\n失败信息:\\n\\t失败原因:\\t\\t未知用户名或密码错误。\\n\\t状态:\\t\\t\\t0xc000006d\\n\\t子状态:\\t\\t0xc0000064\\n\\n进程信息:\\n\\t调用方进程 ID:\\t0x1c48\\n\\t调用方进程名:\\tC:\\\\Windows\\\\System32\\\\winlogon.exe\\n\\n网络信息:\\n\\t工作站名:\\tWIN-1SJ9UPIMFKH\\n\\t源网络地址:\\t192.168.200.254\\n\\t源端口:\\t\\t52101\\n\\n详细身份验>证信息:\\n\\t登录进程:\\t\\tUser32 \\n\\t身份验证数据包:\\tNegotiate\\n\\t传递服务:\\t-\\n\\t数据包名(仅限 NTLM):\\t-\\n\\t密钥长度:\\t\\t0\\n\\n登录请求失败时在尝试访问的计算机上生成此事件。\\n\\n“主题”字段指明本地系统上请求登录的帐户。这通常是一个服务(例如 Server 服务)或本地进程(例如 Winlogon.exe 或 Services.exe)。\\n\\n“登录类型”字段指明>发生的登录的种类。最常见的类型是 2 (交互式)和 3 (网络)。\\n\\n“进程信息”字段表明系统上的哪个帐户和进程请求了登录。\\n\\n“网络信息”字段指明远程登录请求来自哪里。“工>作站名”并非总是可用，而且在某些情况下可能会留为空白。\\n\\n“身份验证信息”字段提供>关于此特定登录请求的详细信息。\\n\\t-“传递服务”指明哪些直接服务参与了此登录请求。\\n\\t-“数据包名”指明在 NTLM 协议之间使用了哪些子协议。\\n\\t-“密钥长度”指明生成的会>话密钥的长度。如果没有请求会话密钥，则此字段为 0。\",\"opcode\":\"信息\",\"process\":{\"pid\":480,\"thread\":{\"id\":984}},\"provider_guid\":\"{54849625-5478-4994-A5BA-3E3B0328C30D}\",\"record_number\":\"4587\",\"source_name\":\"Microsoft-Windows-Security-Auditing\",\"timestamp\":\"2022-08-12T08:27:43+08:00\",\"type\":\"wineventlog\"}","ip":"192.168.1.19","index":"ops-yotta-20220812","source":"/data/all/0_seclog/windows_login.log","logical_index":"yotta","logtype":"json","hostname":"192-168-1-19","appname":"windows","domain":"ops","json":{"level__s__":"信息","process":{"thread":{"id__l__":984},"pid__l__":480},"event_id__l__":4625,"provider_guid__s__":"{54849625-5478-4994-A5BA-3E3B0328C30D}","record_number__s__":"4587","event_data":{"Status__s__":"0xc000006d","LogonType__s__":"10","SubjectDomainName__s__":"WORKGROUP","LmPackageName__s__":"-","TransmittedServices__s__":"-","TargetUserName__s__":"administrator","AuthenticationPackageName__s__":"Negotiate","SubjectUserName__s__":"WIN-1SJ9UPIMFKH$","SubStatus__s__":"0xc0000064","SubjectUserSid__s__":"S-1-5-18","IpAddress__s__":"2409:8938:2435:1301:90f3:42ce:fe68:bc18","IpPort__s__":"52101","FailureReason__s__":"%%2313","ProcessId__s__":"0x1c48","LogonProcessName__s__":"User32 ","KeyLength__s__":"0","ProcessName__s__":"C:\\Windows\\System32\\winlogon.exe","SubjectLogonId__s__":"0x3e7","TargetDomainName__s__":"WIN-1SJ9UPIMFKH","WorkstationName__s__":"WIN-1SJ9UPIMFKH","TargetUserSid__s__":"S-1-0-0"},"message":{"msg":{"状态__s__":"0xc000006d","调用方进程_ID__s__":"0x1c48","登录进程__s__":"User32","数据包名仅限_NTLM__s__":"-","工作站名__s__":"WIN-1SJ9UPIMFKH","帐户域__s__":"WORKGROUP","失败原因__s__":"未知用户名或密码错误。","源网络地址__s__":"192.168.200.254","传递服务__s__":"-","身份验证数据包__s__":"Negotiate","安全_ID__s__":"S-1-0-0"},"event__s__":"帐户登录失败"},"opcode__s__":"信息","type__s__":"wineventlog","source_name__s__":"Microsoft-Windows-Security-Auditing","keywords__s__":["审核失败"],"event_name__s__":"登录失败事件-用户名未知或密码错误","log_name__s__":"Security","computer_name__s__":"WIN-1SJ9UPIMFKH","user_name__s__":"Flasherrain"},"context_id":1660264071038266259,"tag":["security"],"id":"AYKPcz9-57pqO5IFurUI","raw_message_length":1928,"timestamp":1660264071038}
